<?xml version="1.0" encoding="utf-8"?><testsuites name="pytest tests"><testsuite name="pytest" errors="0" failures="0" skipped="0" tests="21" time="65.976" timestamp="2026-03-06T10:38:19.827188+00:00" hostname="agent-env-8ad6c19a-fd60-4d76-b955-8c460de8f2b5"><testcase classname="backend.tests.test_guardian_escalation.TestGuardianEscalation" name="test_escalation_config_returns_200" time="6.440" /><testcase classname="backend.tests.test_guardian_escalation.TestGuardianEscalation" name="test_escalation_config_has_timers" time="2.956" /><testcase classname="backend.tests.test_guardian_escalation.TestGuardianEscalation" name="test_escalation_config_has_levels" time="2.924" /><testcase classname="backend.tests.test_guardian_escalation.TestGuardianEscalation" name="test_escalation_config_has_l1_only_types" time="2.952" /><testcase classname="backend.tests.test_guardian_escalation.TestGuardianEscalation" name="test_escalation_config_has_check_interval" time="3.347" /><testcase classname="backend.tests.test_guardian_escalation.TestGuardianEscalation" name="test_escalation_pending_returns_200" time="3.561" /><testcase classname="backend.tests.test_guardian_escalation.TestGuardianEscalation" name="test_escalation_pending_response_structure" time="3.333" /><testcase classname="backend.tests.test_guardian_escalation.TestGuardianEscalation" name="test_escalation_pending_excludes_acknowledged" time="3.313" /><testcase classname="backend.tests.test_guardian_escalation.TestGuardianEscalation" name="test_escalation_pending_item_structure" time="3.772" /><testcase classname="backend.tests.test_guardian_escalation.TestGuardianEscalation" name="test_escalation_history_returns_200" time="3.545" /><testcase classname="backend.tests.test_guardian_escalation.TestGuardianEscalation" name="test_escalation_history_is_list" time="3.308" /><testcase classname="backend.tests.test_guardian_escalation.TestGuardianEscalation" name="test_escalation_history_item_structure" time="3.574" /><testcase classname="backend.tests.test_guardian_escalation.TestGuardianEscalation" name="test_escalation_history_limit_parameter" time="3.143" /><testcase classname="backend.tests.test_guardian_escalation.TestGuardianEscalation" name="test_acknowledge_nonexistent_incident_returns_404" time="3.309" /><testcase classname="backend.tests.test_guardian_escalation.TestGuardianEscalation" name="test_acknowledge_incident_success" time="5.518" /><testcase classname="backend.tests.test_guardian_escalation.TestGuardianEscalation" name="test_acknowledge_already_acknowledged_returns_404" time="5.368" /><testcase classname="backend.tests.test_guardian_escalation.TestGuardianEscalation" name="test_acknowledged_incidents_not_in_pending" time="5.139" /><testcase classname="backend.tests.test_guardian_escalation.TestEscalationAuth" name="test_escalation_config_requires_auth" time="0.096" /><testcase classname="backend.tests.test_guardian_escalation.TestEscalationAuth" name="test_escalation_pending_requires_auth" time="0.104" /><testcase classname="backend.tests.test_guardian_escalation.TestEscalationAuth" name="test_escalation_history_requires_auth" time="0.098" /><testcase classname="backend.tests.test_guardian_escalation.TestEscalationAuth" name="test_acknowledge_requires_auth" time="0.100" /></testsuite></testsuites>