<?xml version="1.0" encoding="utf-8"?><testsuites name="pytest tests"><testsuite name="pytest" errors="0" failures="0" skipped="0" tests="8" time="29.665" timestamp="2026-03-02T09:29:57.270377+00:00" hostname="agent-env-7aa20ecf-9720-4d01-b2e7-7e54935e5e43"><testcase classname="backend.tests.test_anomaly_detection.TestAnomalyDetectionAPI" name="test_device_anomalies_returns_correct_structure" time="7.769" /><testcase classname="backend.tests.test_anomaly_detection.TestAnomalyDetectionAPI" name="test_device_anomalies_empty_when_no_telemetry" time="1.898" /><testcase classname="backend.tests.test_anomaly_detection.TestAnomalyDetectionAPI" name="test_device_anomalies_guardian_forbidden" time="3.190" /><testcase classname="backend.tests.test_anomaly_detection.TestAnomalyDetectionAPI" name="test_device_anomalies_hours_parameter" time="6.592" /><testcase classname="backend.tests.test_anomaly_detection.TestAnomalyDetectionAPI" name="test_device_anomalies_unauthorized_without_token" time="0.132" /><testcase classname="backend.tests.test_anomaly_detection.TestAnomalyDetectionAPI" name="test_anomaly_response_no_internal_ids" time="1.881" /><testcase classname="backend.tests.test_anomaly_detection.TestBaselineSchedulerIntegration" name="test_backend_health_check" time="6.199" /><testcase classname="backend.tests.test_anomaly_detection.TestBaselineSchedulerIntegration" name="test_device_health_endpoint_exists" time="1.940" /></testsuite></testsuites>