<?xml version="1.0" encoding="utf-8"?><testsuites name="pytest tests"><testsuite name="pytest" errors="0" failures="0" skipped="0" tests="12" time="99.933" timestamp="2026-03-09T12:46:29.308773+00:00" hostname="agent-env-1d72e4d5-4b30-422a-bedd-9f50f68e0239"><testcase classname="tests.test_demo_mode.TestDemoModeAPIs" name="test_demo_status_requires_auth" time="0.216" /><testcase classname="tests.test_demo_mode.TestDemoModeAPIs" name="test_demo_status_authenticated" time="8.372" /><testcase classname="tests.test_demo_mode.TestDemoModeAPIs" name="test_demo_start_requires_auth" time="0.160" /><testcase classname="tests.test_demo_mode.TestDemoModeAPIs" name="test_demo_start_requires_admin_role" time="1.474" /><testcase classname="tests.test_demo_mode.TestDemoModeAPIs" name="test_demo_stop_requires_auth" time="0.133" /><testcase classname="tests.test_demo_mode.TestDemoModeAPIs" name="test_demo_stop_with_admin" time="1.412" /><testcase classname="tests.test_demo_mode.TestDemoModeAPIs" name="test_demo_full_scenario" time="60.686" /><testcase classname="tests.test_demo_mode.TestDemoModeAPIs" name="test_demo_users_appear_in_protected_users" time="3.618" /><testcase classname="tests.test_demo_mode.TestDemoModeAPIs" name="test_demo_user_live_status" time="10.249" /><testcase classname="tests.test_demo_mode.TestDemoModeRegression" name="test_push_status_api_still_works" time="6.364" /><testcase classname="tests.test_demo_mode.TestDemoModeRegression" name="test_device_register_api_still_works" time="3.806" /><testcase classname="tests.test_demo_mode.TestDemoModeRegression" name="test_notifications_api_still_works" time="3.376" /></testsuite></testsuites>