<?xml version="1.0" encoding="utf-8"?><testsuites name="pytest tests"><testsuite name="pytest" errors="0" failures="0" skipped="0" tests="10" time="31.938" timestamp="2026-03-05T09:38:34.911607+00:00" hostname="agent-env-f23a51d4-be27-48e7-8c8b-7cd3995cf7ac"><testcase classname="backend.tests.test_behavior_pattern.TestBehaviorPatternEndpoint" name="test_returns_correct_json_structure" time="9.080" /><testcase classname="backend.tests.test_behavior_pattern.TestBehaviorPatternEndpoint" name="test_current_risk_structure" time="2.467" /><testcase classname="backend.tests.test_behavior_pattern.TestBehaviorPatternEndpoint" name="test_baseline_profile_structure" time="2.413" /><testcase classname="backend.tests.test_behavior_pattern.TestBehaviorPatternEndpoint" name="test_recent_anomalies_structure" time="2.423" /><testcase classname="backend.tests.test_behavior_pattern.TestBehaviorPatternEndpoint" name="test_inactivity_and_heartbeat_fields" time="3.956" /><testcase classname="backend.tests.test_behavior_pattern.TestBehaviorPatternEndpoint" name="test_returns_404_for_nonexistent_device" time="1.591" /><testcase classname="backend.tests.test_behavior_pattern.TestBehaviorPatternEndpoint" name="test_requires_authentication" time="0.130" /><testcase classname="backend.tests.test_behavior_pattern.TestBehaviorPatternEndpoint" name="test_window_hours_parameter" time="4.901" /><testcase classname="backend.tests.test_behavior_pattern.TestBehaviorPatternEndpoint" name="test_risk_status_mapping" time="2.463" /><testcase classname="backend.tests.test_behavior_pattern.TestBehaviorPatternEndpoint" name="test_anomaly_types" time="2.433" /></testsuite></testsuites>