<?xml version="1.0" encoding="utf-8"?><testsuites name="pytest tests"><testsuite name="pytest" errors="0" failures="0" skipped="0" tests="23" time="130.233" timestamp="2026-03-09T07:48:13.047832+00:00" hostname="agent-env-951d4aa3-36d3-42f0-b7da-d07b94916c3b"><testcase classname="backend.tests.test_pwa_guardian_device_api.TestDeviceAPI" name="test_device_register_success" time="10.447" /><testcase classname="backend.tests.test_pwa_guardian_device_api.TestDeviceAPI" name="test_device_register_android_type" time="5.455" /><testcase classname="backend.tests.test_pwa_guardian_device_api.TestDeviceAPI" name="test_device_register_ios_type" time="6.537" /><testcase classname="backend.tests.test_pwa_guardian_device_api.TestDeviceAPI" name="test_device_register_update_existing" time="8.958" /><testcase classname="backend.tests.test_pwa_guardian_device_api.TestDeviceAPI" name="test_device_notifications_list" time="6.178" /><testcase classname="backend.tests.test_pwa_guardian_device_api.TestDeviceAPI" name="test_device_notifications_with_limit" time="5.370" /><testcase classname="backend.tests.test_pwa_guardian_device_api.TestDeviceAPI" name="test_device_unregister" time="7.426" /><testcase classname="backend.tests.test_pwa_guardian_device_api.TestGuardianNetworkAPI" name="test_guardian_list" time="4.778" /><testcase classname="backend.tests.test_pwa_guardian_device_api.TestGuardianNetworkAPI" name="test_guardian_add" time="6.040" /><testcase classname="backend.tests.test_pwa_guardian_device_api.TestGuardianNetworkAPI" name="test_guardian_add_parent_relationship" time="6.517" /><testcase classname="backend.tests.test_pwa_guardian_device_api.TestGuardianNetworkAPI" name="test_guardian_add_sibling_relationship" time="5.875" /><testcase classname="backend.tests.test_pwa_guardian_device_api.TestGuardianNetworkAPI" name="test_guardian_update" time="10.039" /><testcase classname="backend.tests.test_pwa_guardian_device_api.TestGuardianNetworkAPI" name="test_guardian_delete" time="7.132" /><testcase classname="backend.tests.test_pwa_guardian_device_api.TestEmergencyContactsAPI" name="test_contacts_list" time="4.505" /><testcase classname="backend.tests.test_pwa_guardian_device_api.TestEmergencyContactsAPI" name="test_contact_add" time="5.772" /><testcase classname="backend.tests.test_pwa_guardian_device_api.TestEmergencyContactsAPI" name="test_contact_add_hospital" time="6.037" /><testcase classname="backend.tests.test_pwa_guardian_device_api.TestEmergencyContactsAPI" name="test_contact_update" time="10.090" /><testcase classname="backend.tests.test_pwa_guardian_device_api.TestEmergencyContactsAPI" name="test_contact_delete" time="7.348" /><testcase classname="backend.tests.test_pwa_guardian_device_api.TestEscalationChainAPI" name="test_escalation_chain" time="5.204" /><testcase classname="backend.tests.test_pwa_guardian_device_api.TestPWAStaticFiles" name="test_manifest_json_accessible" time="0.116" /><testcase classname="backend.tests.test_pwa_guardian_device_api.TestPWAStaticFiles" name="test_manifest_json_content" time="0.098" /><testcase classname="backend.tests.test_pwa_guardian_device_api.TestPWAStaticFiles" name="test_service_worker_accessible" time="0.104" /><testcase classname="backend.tests.test_pwa_guardian_device_api.TestPWAStaticFiles" name="test_service_worker_content" time="0.113" /></testsuite></testsuites>