<?xml version="1.0" encoding="utf-8"?><testsuites name="pytest tests"><testsuite name="pytest" errors="0" failures="0" skipped="0" tests="19" time="334.875" timestamp="2026-03-05T14:33:19.328348+00:00" hostname="agent-env-dd458644-72af-464d-a5a6-bd8cde7a3266"><testcase classname="backend.tests.test_command_center.TestCommandCenterEndpoint" name="test_command_center_returns_200" time="20.250" /><testcase classname="backend.tests.test_command_center.TestCommandCenterEndpoint" name="test_response_structure_has_all_sections" time="21.352" /><testcase classname="backend.tests.test_command_center.TestCommandCenterEndpoint" name="test_fleet_safety_structure" time="19.038" /><testcase classname="backend.tests.test_command_center.TestCommandCenterEndpoint" name="test_fleet_devices_array_structure" time="20.574" /><testcase classname="backend.tests.test_command_center.TestCommandCenterEndpoint" name="test_predictive_alerts_structure" time="18.370" /><testcase classname="backend.tests.test_command_center.TestCommandCenterEndpoint" name="test_forecast_highlights_structure" time="18.491" /><testcase classname="backend.tests.test_command_center.TestCommandCenterEndpoint" name="test_evolution_shifts_structure" time="19.777" /><testcase classname="backend.tests.test_command_center.TestCommandCenterEndpoint" name="test_active_incidents_structure" time="19.484" /><testcase classname="backend.tests.test_command_center.TestCommandCenterEndpoint" name="test_counts_object_structure" time="18.058" /><testcase classname="backend.tests.test_command_center.TestCommandCenterRBAC" name="test_guardian_gets_403" time="3.641" /><testcase classname="backend.tests.test_command_center.TestCommandCenterRBAC" name="test_unauthenticated_gets_401" time="0.063" /><testcase classname="backend.tests.test_command_center.TestCommandCenterDataContent" name="test_fleet_score_in_valid_range" time="19.205" /><testcase classname="backend.tests.test_command_center.TestCommandCenterDataContent" name="test_fleet_status_is_valid" time="18.181" /><testcase classname="backend.tests.test_command_center.TestCommandCenterDataContent" name="test_status_breakdown_counts_match_device_count" time="18.813" /><testcase classname="backend.tests.test_command_center.TestCommandCenterDataContent" name="test_predictive_alert_scores_valid" time="18.169" /><testcase classname="backend.tests.test_command_center.TestCommandCenterDataContent" name="test_forecast_risk_levels_valid" time="18.102" /><testcase classname="backend.tests.test_command_center.TestCommandCenterDataContent" name="test_evolution_shift_severity_valid" time="19.264" /><testcase classname="backend.tests.test_command_center.TestCommandCenterDataContent" name="test_incident_severity_levels_valid" time="24.198" /><testcase classname="backend.tests.test_command_center.TestCommandCenterDataContent" name="test_generated_at_is_recent" time="19.786" /></testsuite></testsuites>