<?xml version="1.0" encoding="utf-8"?><testsuites name="pytest tests"><testsuite name="pytest" errors="0" failures="0" skipped="0" tests="17" time="48.202" timestamp="2026-03-08T20:07:42.777480+00:00" hostname="agent-env-746bfc6f-a322-4c48-9c19-33acbc1a15a8"><testcase classname="backend.tests.test_heatmap_cell_detail.TestCellDetailEndpoint" name="test_cell_detail_returns_200_for_valid_grid_id" time="15.457" /><testcase classname="backend.tests.test_heatmap_cell_detail.TestCellDetailEndpoint" name="test_cell_detail_returns_404_for_invalid_grid_id" time="5.199" /><testcase classname="backend.tests.test_heatmap_cell_detail.TestCellDetailResponseFields" name="test_response_has_grid_id" time="1.940" /><testcase classname="backend.tests.test_heatmap_cell_detail.TestCellDetailResponseFields" name="test_response_has_composite_score" time="1.422" /><testcase classname="backend.tests.test_heatmap_cell_detail.TestCellDetailResponseFields" name="test_response_has_risk_level" time="1.659" /><testcase classname="backend.tests.test_heatmap_cell_detail.TestCellDetailResponseFields" name="test_response_has_lat_lng" time="1.451" /><testcase classname="backend.tests.test_heatmap_cell_detail.TestCellDetailSignals" name="test_response_has_signals_array" time="1.434" /><testcase classname="backend.tests.test_heatmap_cell_detail.TestCellDetailSignals" name="test_signals_has_8_entries" time="1.421" /><testcase classname="backend.tests.test_heatmap_cell_detail.TestCellDetailSignals" name="test_signals_contains_all_expected_keys" time="1.426" /><testcase classname="backend.tests.test_heatmap_cell_detail.TestCellDetailSignals" name="test_signal_has_name_score_weight_weighted" time="1.894" /><testcase classname="backend.tests.test_heatmap_cell_detail.TestCellDetailSignals" name="test_signal_scores_are_0_to_10" time="1.452" /><testcase classname="backend.tests.test_heatmap_cell_detail.TestCellDetailSignals" name="test_signal_weights_sum_approximately_to_1" time="1.433" /><testcase classname="backend.tests.test_heatmap_cell_detail.TestCellDetailDominantSignal" name="test_response_has_dominant_signal" time="1.422" /><testcase classname="backend.tests.test_heatmap_cell_detail.TestCellDetailRBAC" name="test_admin_can_access_cell_detail" time="1.450" /><testcase classname="backend.tests.test_heatmap_cell_detail.TestCellDetailRBAC" name="test_operator_can_access_cell_detail" time="4.631" /><testcase classname="backend.tests.test_heatmap_cell_detail.TestCellDetailRBAC" name="test_caregiver_blocked_from_cell_detail" time="4.331" /><testcase classname="backend.tests.test_heatmap_cell_detail.TestCellDetailRBAC" name="test_unauthenticated_blocked_from_cell_detail" time="0.107" /></testsuite></testsuites>