<?xml version="1.0" encoding="utf-8"?><testsuites name="pytest tests"><testsuite name="pytest" errors="0" failures="1" skipped="0" tests="24" time="172.742" timestamp="2026-03-09T04:44:00.781082+00:00" hostname="agent-env-511326ec-ae60-4c3f-8c79-f8ee7567ab6c"><testcase classname="backend.tests.test_command_center_ai_features.TestCommandCenterAIFeatures" name="test_city_heatmap_live_returns_200" time="14.099" /><testcase classname="backend.tests.test_command_center_ai_features.TestCommandCenterAIFeatures" name="test_city_heatmap_has_cells_array" time="4.354" /><testcase classname="backend.tests.test_command_center_ai_features.TestCommandCenterAIFeatures" name="test_city_heatmap_cell_has_risk_fields" time="4.301" /><testcase classname="backend.tests.test_command_center_ai_features.TestCommandCenterAIFeatures" name="test_high_risk_users_returns_200" time="4.518" /><testcase classname="backend.tests.test_command_center_ai_features.TestCommandCenterAIFeatures" name="test_high_risk_users_has_array" time="4.779" /><testcase classname="backend.tests.test_command_center_ai_features.TestCommandCenterAIFeatures" name="test_high_risk_user_has_required_fields" time="4.792" /><testcase classname="backend.tests.test_command_center_ai_features.TestCommandCenterAIFeatures" name="test_risk_score_api_returns_200" time="9.565" /><testcase classname="backend.tests.test_command_center_ai_features.TestCommandCenterAIFeatures" name="test_risk_score_has_final_score_and_level" time="9.847" /><testcase classname="backend.tests.test_command_center_ai_features.TestCommandCenterAIFeatures" name="test_risk_score_has_scores_breakdown" time="10.265" /><testcase classname="backend.tests.test_command_center_ai_features.TestCommandCenterAIFeatures" name="test_risk_score_has_top_factors" time="8.303" /><testcase classname="backend.tests.test_command_center_ai_features.TestCommandCenterAIFeatures" name="test_baseline_api_returns_200" time="5.887" /><testcase classname="backend.tests.test_command_center_ai_features.TestCommandCenterAIFeatures" name="test_baseline_has_active_hours" time="5.855" /><testcase classname="backend.tests.test_command_center_ai_features.TestCommandCenterAIFeatures" name="test_baseline_has_common_locations" time="6.319" /><testcase classname="backend.tests.test_command_center_ai_features.TestCommandCenterAIFeatures" name="test_baseline_has_route_clusters" time="6.175" /><testcase classname="backend.tests.test_command_center_ai_features.TestCommandCenterAIFeatures" name="test_baseline_has_avg_daily_distance" time="6.339" /><testcase classname="backend.tests.test_command_center_ai_features.TestCommandCenterAIFeatures" name="test_risk_history_api_returns_200" time="6.536" /><testcase classname="backend.tests.test_command_center_ai_features.TestCommandCenterAIFeatures" name="test_risk_history_has_events_array" time="6.287" /><testcase classname="backend.tests.test_command_center_ai_features.TestCommandCenterAIFeatures" name="test_risk_history_events_have_timestamp_and_score" time="6.108" /><testcase classname="backend.tests.test_command_center_ai_features.TestCommandCenterAIFeatures" name="test_predictions_api_returns_200" time="6.567" /><testcase classname="backend.tests.test_command_center_ai_features.TestCommandCenterAIFeatures" name="test_predictions_has_predictions_array" time="6.826" /><testcase classname="backend.tests.test_command_center_ai_features.TestCommandCenterEndpoints" name="test_command_center_endpoint_returns_200" time="13.317" /><testcase classname="backend.tests.test_command_center_ai_features.TestCommandCenterEndpoints" name="test_command_center_has_active_incidents" time="13.444" /><testcase classname="backend.tests.test_command_center_ai_features.TestCommandCenterEndpoints" name="test_monitoring_metrics_returns_200" time="4.340" /><testcase classname="backend.tests.test_command_center_ai_features.TestCommandCenterEndpoints" name="test_night_guardian_sessions_returns_200" time="3.813"><failure message="AssertionError: Night guardian sessions failed: {&quot;detail&quot;:&quot;Operator access required&quot;}&#10;assert 403 == 200&#10; +  where 403 = &lt;Response [403]&gt;.status_code">backend/tests/test_command_center_ai_features.py:313: in test_night_guardian_sessions_returns_200
    assert resp.status_code == 200, f"Night guardian sessions failed: {resp.text}"
E   AssertionError: Night guardian sessions failed: {"detail":"Operator access required"}
E   assert 403 == 200
E    +  where 403 = &lt;Response [403]&gt;.status_code</failure></testcase></testsuite></testsuites>