<?xml version="1.0" encoding="utf-8"?><testsuites name="pytest tests"><testsuite name="pytest" errors="0" failures="0" skipped="0" tests="26" time="179.189" timestamp="2026-03-07T12:32:50.162521+00:00" hostname="agent-env-18f1852a-158c-4c09-bfec-476102ad3b0e"><testcase classname="backend.tests.test_safety_aware_routing.TestBalancedMode" name="test_balanced_mode_returns_3_routes" time="9.311" /><testcase classname="backend.tests.test_safety_aware_routing.TestBalancedMode" name="test_balanced_mode_has_recommendation" time="3.197" /><testcase classname="backend.tests.test_safety_aware_routing.TestBalancedMode" name="test_balanced_mode_weights" time="3.158" /><testcase classname="backend.tests.test_safety_aware_routing.TestSafestMode" name="test_safest_mode_recommends_safest" time="3.856" /><testcase classname="backend.tests.test_safety_aware_routing.TestSafestMode" name="test_safest_mode_weights" time="5.459" /><testcase classname="backend.tests.test_safety_aware_routing.TestFastestMode" name="test_fastest_mode_recommends_fastest" time="8.636" /><testcase classname="backend.tests.test_safety_aware_routing.TestFastestMode" name="test_fastest_mode_weights" time="12.711" /><testcase classname="backend.tests.test_safety_aware_routing.TestFastestMode" name="test_fastest_route_has_lowest_time" time="10.606" /><testcase classname="backend.tests.test_safety_aware_routing.TestNightGuardianMode" name="test_night_guardian_mode_at_2am" time="5.438" /><testcase classname="backend.tests.test_safety_aware_routing.TestNightGuardianMode" name="test_night_guardian_environmental_factors" time="3.295" /><testcase classname="backend.tests.test_safety_aware_routing.TestNightGuardianMode" name="test_night_guardian_higher_risk_scores" time="7.559" /><testcase classname="backend.tests.test_safety_aware_routing.TestInvalidMode" name="test_invalid_mode_returns_400" time="1.416" /><testcase classname="backend.tests.test_safety_aware_routing.TestSegmentColorCoding" name="test_segments_have_color" time="4.077" /><testcase classname="backend.tests.test_safety_aware_routing.TestSegmentRiskBreakdown" name="test_segments_have_risk_breakdown" time="4.878" /><testcase classname="backend.tests.test_safety_aware_routing.TestRouteEnvironmentalFactors" name="test_routes_have_environmental_factors" time="6.811" /><testcase classname="backend.tests.test_safety_aware_routing.TestForecastRiskAvg" name="test_routes_have_forecast_risk_avg" time="8.525" /><testcase classname="backend.tests.test_safety_aware_routing.TestModeWeightsInResponse" name="test_mode_weights_in_response" time="25.194" /><testcase classname="backend.tests.test_safety_aware_routing.TestRecommendedFlag" name="test_one_route_is_recommended" time="3.136" /><testcase classname="backend.tests.test_safety_aware_routing.TestRecommendedFlag" name="test_recommended_matches_mode" time="9.861" /><testcase classname="backend.tests.test_safety_aware_routing.TestTimeParameter" name="test_time_parameter_activates_night_mode" time="4.584" /><testcase classname="backend.tests.test_safety_aware_routing.TestTimeParameter" name="test_time_parameter_day_keeps_balanced" time="7.911" /><testcase classname="backend.tests.test_safety_aware_routing.TestForecastCacheStatus" name="test_forecast_cache_status_endpoint" time="0.128" /><testcase classname="backend.tests.test_safety_aware_routing.TestAuthentication" name="test_safe_route_requires_auth" time="0.104" /><testcase classname="backend.tests.test_safety_aware_routing.TestAuthentication" name="test_guardian_can_access" time="13.665" /><testcase classname="backend.tests.test_safety_aware_routing.TestCompleteRouteStructure" name="test_route_has_all_fields" time="10.320" /><testcase classname="backend.tests.test_safety_aware_routing.TestCompleteRouteStructure" name="test_cost_has_components" time="5.263" /></testsuite></testsuites>