<?xml version="1.0" encoding="utf-8"?><testsuites name="pytest tests"><testsuite name="pytest" errors="0" failures="0" skipped="0" tests="15" time="94.918" timestamp="2026-03-07T13:24:40.236658+00:00" hostname="agent-env-7f2a088c-2270-4c25-9f6c-c1800c98ea52"><testcase classname="tests.test_route_monitor_live.TestRouteMonitorStart" name="test_start_monitoring_success" time="8.450" /><testcase classname="tests.test_route_monitor_live.TestRouteMonitorStart" name="test_start_with_different_modes" time="12.418" /><testcase classname="tests.test_route_monitor_live.TestRouteMonitorStart" name="test_start_with_invalid_mode" time="2.837" /><testcase classname="tests.test_route_monitor_live.TestRouteMonitorStart" name="test_start_with_insufficient_coords" time="2.845" /><testcase classname="tests.test_route_monitor_live.TestRouteMonitorStart" name="test_start_without_auth" time="0.101" /><testcase classname="tests.test_route_monitor_live.TestRouteMonitorSession" name="test_session_when_active" time="4.280" /><testcase classname="tests.test_route_monitor_live.TestRouteMonitorSession" name="test_session_when_inactive" time="3.320" /><testcase classname="tests.test_route_monitor_live.TestRouteMonitorLocation" name="test_on_route_location" time="4.281" /><testcase classname="tests.test_route_monitor_live.TestRouteMonitorLocation" name="test_off_route_location" time="4.504" /><testcase classname="tests.test_route_monitor_live.TestRouteMonitorLocation" name="test_location_without_session" time="2.874" /><testcase classname="tests.test_route_monitor_live.TestRouteMonitorEscalation" name="test_escalation_level_1" time="16.831" /><testcase classname="tests.test_route_monitor_live.TestRouteMonitorEscalation" name="test_back_on_track_resets_escalation" time="9.117" /><testcase classname="tests.test_route_monitor_live.TestRouteMonitorStop" name="test_stop_returns_summary" time="8.548" /><testcase classname="tests.test_route_monitor_live.TestRouteMonitorStop" name="test_stop_without_session" time="2.879" /><testcase classname="tests.test_route_monitor_live.TestRouteMonitorTrail" name="test_trail_accumulates_points" time="11.554" /></testsuite></testsuites>