<?xml version="1.0" encoding="utf-8"?><testsuites name="pytest tests"><testsuite name="pytest" errors="0" failures="0" skipped="0" tests="21" time="70.279" timestamp="2026-03-04T09:17:58.455926+00:00" hostname="agent-env-b59c5147-0cb7-451d-8b0d-32d453f19131"><testcase classname="backend.tests.test_signal_anomaly_detection.TestDeviceAnomaliesEndpoint" name="test_device_anomalies_returns_200" time="7.966" /><testcase classname="backend.tests.test_signal_anomaly_detection.TestDeviceAnomaliesEndpoint" name="test_signal_anomalies_exist_with_correct_metric" time="1.904" /><testcase classname="backend.tests.test_signal_anomaly_detection.TestDeviceAnomaliesEndpoint" name="test_signal_anomaly_reason_json_structure" time="1.875" /><testcase classname="backend.tests.test_signal_anomaly_detection.TestDeviceAnomaliesEndpoint" name="test_signal_baselines_exist" time="1.870" /><testcase classname="backend.tests.test_signal_anomaly_detection.TestDeviceAnomaliesEndpoint" name="test_signal_baseline_window_is_1440_minutes" time="1.915" /><testcase classname="backend.tests.test_signal_anomaly_detection.TestDeviceHealthEndpoint" name="test_device_health_returns_200" time="2.328" /><testcase classname="backend.tests.test_signal_anomaly_detection.TestDeviceHealthEndpoint" name="test_device_health_returns_devices_with_correct_fields" time="1.868" /><testcase classname="backend.tests.test_signal_anomaly_detection.TestRBACEnforcement" name="test_guardian_cannot_access_device_anomalies" time="3.336" /><testcase classname="backend.tests.test_signal_anomaly_detection.TestRBACEnforcement" name="test_guardian_cannot_access_device_health" time="1.440" /><testcase classname="backend.tests.test_signal_anomaly_detection.TestRBACEnforcement" name="test_unauthenticated_gets_401_on_device_anomalies" time="0.107" /><testcase classname="backend.tests.test_signal_anomaly_detection.TestHeartbeatSeedWithSignalStrength" name="test_heartbeat_seed_accepts_signal_strength_metric" time="9.535" /><testcase classname="backend.tests.test_signal_anomaly_detection.TestHeartbeatSeedWithSignalStrength" name="test_heartbeat_seed_returns_signal_baselines_updated" time="9.450" /><testcase classname="backend.tests.test_signal_anomaly_detection.TestHeartbeatSeedWithSignalStrength" name="test_heartbeat_seed_can_trigger_signal_anomaly" time="9.600" /><testcase classname="backend.tests.test_signal_anomaly_detection.TestSignalAnomalyDetails" name="test_signal_anomaly_score_calculation" time="2.574" /><testcase classname="backend.tests.test_signal_anomaly_detection.TestSignalAnomalyDetails" name="test_signal_anomaly_has_observed_vs_expected" time="2.476" /><testcase classname="backend.tests.test_signal_anomaly_detection.TestDevicesWithSignalBaselines" name="test_dev001_has_signal_baseline" time="1.813" /><testcase classname="backend.tests.test_signal_anomaly_detection.TestDevicesWithSignalBaselines" name="test_dev002_has_signal_baseline" time="2.099" /><testcase classname="backend.tests.test_signal_anomaly_detection.TestIncludeSimulatedParameter" name="test_default_excludes_simulated" time="2.002" /><testcase classname="backend.tests.test_signal_anomaly_detection.TestIncludeSimulatedParameter" name="test_include_simulated_true" time="2.117" /><testcase classname="backend.tests.test_signal_anomaly_detection.TestHoursParameter" name="test_hours_1_returns_recent_anomalies" time="1.910" /><testcase classname="backend.tests.test_signal_anomaly_detection.TestHoursParameter" name="test_hours_168_max_returns_200" time="2.007" /></testsuite></testsuites>