<?xml version="1.0" encoding="utf-8"?><testsuites name="pytest tests"><testsuite name="pytest" errors="0" failures="0" skipped="0" tests="23" time="106.196" timestamp="2026-03-05T15:31:51.768782+00:00" hostname="agent-env-fb66071b-6dac-462a-ac69-213a17d1f6d4"><testcase classname="backend.tests.test_life_pattern_redesign.TestLifePatternAuth" name="test_unauthenticated_returns_401" time="0.248" /><testcase classname="backend.tests.test_life_pattern_redesign.TestLifePatternAuth" name="test_guardian_returns_403" time="6.890" /><testcase classname="backend.tests.test_life_pattern_redesign.TestLifePatternAuth" name="test_operator_returns_200" time="5.015" /><testcase classname="backend.tests.test_life_pattern_redesign.TestLifePatternResponseFormat" name="test_response_has_heatmap_not_pattern" time="2.564" /><testcase classname="backend.tests.test_life_pattern_redesign.TestLifePatternResponseFormat" name="test_heatmap_has_24_entries" time="3.804" /><testcase classname="backend.tests.test_life_pattern_redesign.TestLifePatternResponseFormat" name="test_heatmap_entry_has_new_keys" time="2.543" /><testcase classname="backend.tests.test_life_pattern_redesign.TestLifePatternResponseFormat" name="test_heatmap_has_location_field" time="2.499" /><testcase classname="backend.tests.test_life_pattern_redesign.TestLifePatternResponseFormat" name="test_probability_values_in_range" time="2.518" /><testcase classname="backend.tests.test_life_pattern_redesign.TestLifePatternFingerprint" name="test_fingerprint_exists" time="2.495" /><testcase classname="backend.tests.test_life_pattern_redesign.TestLifePatternFingerprint" name="test_routine_stability_is_integer" time="2.371" /><testcase classname="backend.tests.test_life_pattern_redesign.TestLifePatternFingerprint" name="test_routine_stability_label_exists" time="3.857" /><testcase classname="backend.tests.test_life_pattern_redesign.TestLifePatternFingerprint" name="test_fingerprint_times" time="2.549" /><testcase classname="backend.tests.test_life_pattern_redesign.TestLifePatternDaysParameter" name="test_default_days_30" time="2.503" /><testcase classname="backend.tests.test_life_pattern_redesign.TestLifePatternDaysParameter" name="test_days_7_works" time="2.511" /><testcase classname="backend.tests.test_life_pattern_redesign.TestLifePatternDaysParameter" name="test_days_90_works" time="2.513" /><testcase classname="backend.tests.test_life_pattern_redesign.TestLifePatternDaysParameter" name="test_days_below_minimum_rejected" time="1.427" /><testcase classname="backend.tests.test_life_pattern_redesign.TestLifePatternDaysParameter" name="test_days_above_maximum_rejected" time="1.670" /><testcase classname="backend.tests.test_life_pattern_redesign.TestLifePatternCaching" name="test_second_call_returns_quickly" time="5.017" /><testcase classname="backend.tests.test_life_pattern_redesign.TestCommandCenterLifePatternAlerts" name="test_command_center_has_life_pattern_alerts" time="22.698" /><testcase classname="backend.tests.test_life_pattern_redesign.TestCommandCenterLifePatternAlerts" name="test_life_pattern_alert_structure" time="22.869" /><testcase classname="backend.tests.test_life_pattern_redesign.TestLifePatternOtherFields" name="test_deviations_array" time="2.517" /><testcase classname="backend.tests.test_life_pattern_redesign.TestLifePatternOtherFields" name="test_insights_array" time="2.498" /><testcase classname="backend.tests.test_life_pattern_redesign.TestLifePatternOtherFields" name="test_second_device" time="2.532" /></testsuite></testsuites>