<?xml version="1.0" encoding="utf-8"?><testsuites name="pytest tests"><testsuite name="pytest" errors="0" failures="0" skipped="0" tests="21" time="51.128" timestamp="2026-03-07T10:11:42.688358+00:00" hostname="agent-env-3267a69a-a9b1-47ce-bb0f-79f9ce75eda3"><testcase classname="backend.tests.test_redis_integration.TestRedisCacheStatus" name="test_cache_status_returns_redis_info" time="4.938" /><testcase classname="backend.tests.test_redis_integration.TestRedisCacheStatus" name="test_cache_status_has_memory_info" time="0.111" /><testcase classname="backend.tests.test_redis_integration.TestRedisCacheStatus" name="test_cache_status_has_keys_count" time="0.117" /><testcase classname="backend.tests.test_redis_integration.TestRedisCacheStatus" name="test_cache_status_has_connected_clients" time="0.099" /><testcase classname="backend.tests.test_redis_integration.TestHeatmapRedisCache" name="test_live_heatmap_returns_data" time="1.859" /><testcase classname="backend.tests.test_redis_integration.TestHeatmapRedisCache" name="test_live_heatmap_has_weight_profile" time="1.425" /><testcase classname="backend.tests.test_redis_integration.TestHeatmapRedisCache" name="test_live_heatmap_cell_count" time="1.445" /><testcase classname="backend.tests.test_redis_integration.TestHeatmapRedisCache" name="test_heatmap_delta_returns_data" time="1.403" /><testcase classname="backend.tests.test_redis_integration.TestHeatmapRedisCache" name="test_heatmap_timeline_returns_data" time="1.426" /><testcase classname="backend.tests.test_redis_integration.TestHeatmapRedisCache" name="test_heatmap_status_shows_redis_backend" time="1.401" /><testcase classname="backend.tests.test_redis_integration.TestSafetyScoreRedisIntegration" name="test_location_score_with_percentile" time="2.522" /><testcase classname="backend.tests.test_redis_integration.TestSafetyScoreRedisIntegration" name="test_route_score_calculation" time="3.203" /><testcase classname="backend.tests.test_redis_integration.TestGuardianSessionsRedisCache" name="test_active_sessions_endpoint" time="1.405" /><testcase classname="backend.tests.test_redis_integration.TestGuardianSessionsRedisCache" name="test_guardian_start_invalidates_cache" time="7.839" /><testcase classname="backend.tests.test_redis_integration.TestGuardianSessionsRedisCache" name="test_guardian_stop_invalidates_cache" time="5.352" /><testcase classname="backend.tests.test_redis_integration.TestAuthenticationEndpoints" name="test_operator_login" time="1.881" /><testcase classname="backend.tests.test_redis_integration.TestAuthenticationEndpoints" name="test_guardian_login" time="1.642" /><testcase classname="backend.tests.test_redis_integration.TestAuthenticationEndpoints" name="test_invalid_credentials_rejected" time="1.420" /><testcase classname="backend.tests.test_redis_integration.TestRedisIntegration" name="test_heatmap_data_consistency" time="3.306" /><testcase classname="backend.tests.test_redis_integration.TestRedisIntegration" name="test_safety_score_uses_cached_grid" time="2.284" /><testcase classname="backend.tests.test_redis_integration.TestRedisIntegration" name="test_full_workflow_with_redis" time="5.961" /></testsuite></testsuites>