<?xml version="1.0" encoding="utf-8"?><testsuites name="pytest tests"><testsuite name="pytest" errors="0" failures="0" skipped="0" tests="27" time="110.518" timestamp="2026-03-08T06:36:26.857756+00:00" hostname="agent-env-485dd9ee-b7d6-4748-ae08-4e4450d60892"><testcase classname="backend.tests.test_guardian_ai.TestGuardianAIAuth" name="test_config_get_requires_auth" time="0.243" /><testcase classname="backend.tests.test_guardian_ai.TestGuardianAIAuth" name="test_config_put_requires_auth" time="0.115" /><testcase classname="backend.tests.test_guardian_ai.TestGuardianAIAuth" name="test_predict_risk_requires_auth" time="0.105" /><testcase classname="backend.tests.test_guardian_ai.TestGuardianAIAuth" name="test_accept_action_requires_auth" time="0.137" /><testcase classname="backend.tests.test_guardian_ai.TestGuardianAIAuth" name="test_dismiss_requires_auth" time="0.162" /><testcase classname="backend.tests.test_guardian_ai.TestGuardianAIAuth" name="test_history_requires_auth" time="0.096" /><testcase classname="backend.tests.test_guardian_ai.TestGuardianAIConfig" name="test_get_config_returns_defaults" time="7.197" /><testcase classname="backend.tests.test_guardian_ai.TestGuardianAIConfig" name="test_update_config_sensitivity" time="3.925" /><testcase classname="backend.tests.test_guardian_ai.TestGuardianAIConfig" name="test_update_config_thresholds" time="3.970" /><testcase classname="backend.tests.test_guardian_ai.TestGuardianAIConfig" name="test_update_config_auto_trigger" time="4.810" /><testcase classname="backend.tests.test_guardian_ai.TestGuardianAIConfig" name="test_update_config_cooldown" time="4.814" /><testcase classname="backend.tests.test_guardian_ai.TestGuardianAIConfig" name="test_update_config_enabled" time="4.215" /><testcase classname="backend.tests.test_guardian_ai.TestGuardianAIConfig" name="test_config_validates_sensitivity" time="1.430" /><testcase classname="backend.tests.test_guardian_ai.TestGuardianAIConfig" name="test_config_validates_cooldown_min" time="1.888" /><testcase classname="backend.tests.test_guardian_ai.TestGuardianAIPrediction" name="test_predict_risk_basic" time="7.068" /><testcase classname="backend.tests.test_guardian_ai.TestGuardianAIPrediction" name="test_predict_risk_layer_scores" time="7.569" /><testcase classname="backend.tests.test_guardian_ai.TestGuardianAIPrediction" name="test_predict_risk_action_detail" time="7.116" /><testcase classname="backend.tests.test_guardian_ai.TestGuardianAIPrediction" name="test_predict_risk_without_location" time="7.517" /><testcase classname="backend.tests.test_guardian_ai.TestGuardianAIPrediction" name="test_predict_risk_narrative" time="7.134" /><testcase classname="backend.tests.test_guardian_ai.TestGuardianAIActions" name="test_accept_action_success" time="8.314" /><testcase classname="backend.tests.test_guardian_ai.TestGuardianAIActions" name="test_dismiss_success" time="14.519" /><testcase classname="backend.tests.test_guardian_ai.TestGuardianAIActions" name="test_accept_nonexistent_returns_404" time="1.851" /><testcase classname="backend.tests.test_guardian_ai.TestGuardianAIActions" name="test_dismiss_nonexistent_returns_404" time="1.885" /><testcase classname="backend.tests.test_guardian_ai.TestGuardianAIHistory" name="test_history_returns_list" time="2.081" /><testcase classname="backend.tests.test_guardian_ai.TestGuardianAIHistory" name="test_history_entry_structure" time="8.520" /><testcase classname="backend.tests.test_guardian_ai.TestGuardianAIHistory" name="test_history_respects_limit" time="1.646" /><testcase classname="backend.tests.test_guardian_ai.TestGuardianAIHistory" name="test_history_sorted_by_recent" time="2.077" /></testsuite></testsuites>