<?xml version="1.0" encoding="utf-8"?><testsuites name="pytest tests"><testsuite name="pytest" errors="0" failures="0" skipped="0" tests="22" time="172.295" timestamp="2026-02-28T12:41:48.581954+00:00" hostname="agent-env-7aa20ecf-9720-4d01-b2e7-7e54935e5e43"><testcase classname="backend.tests.test_audit_log_health_rules.TestAuditLogEndpoint" name="test_audit_log_endpoint_returns_list" time="7.167" /><testcase classname="backend.tests.test_audit_log_health_rules.TestAuditLogEndpoint" name="test_audit_log_entry_has_required_fields" time="1.649" /><testcase classname="backend.tests.test_audit_log_health_rules.TestAuditLogEndpoint" name="test_audit_log_no_id_fields_in_response" time="1.628" /><testcase classname="backend.tests.test_audit_log_health_rules.TestAuditLogEndpoint" name="test_audit_log_fake_rule_returns_404" time="1.406" /><testcase classname="backend.tests.test_audit_log_health_rules.TestAuditLogEndpoint" name="test_audit_log_guardian_forbidden" time="3.121" /><testcase classname="backend.tests.test_audit_log_health_rules.TestAuditLogEndpoint" name="test_audit_log_requires_authentication" time="0.103" /><testcase classname="backend.tests.test_audit_log_health_rules.TestAuditLogEndpoint" name="test_audit_log_descending_order" time="2.327" /><testcase classname="backend.tests.test_audit_log_health_rules.TestPutCreatesAuditLog" name="test_put_creates_audit_entry_with_update_type" time="11.347" /><testcase classname="backend.tests.test_audit_log_health_rules.TestPutCreatesAuditLog" name="test_put_audit_old_config_is_before_state" time="10.288" /><testcase classname="backend.tests.test_audit_log_health_rules.TestPutCreatesAuditLog" name="test_put_audit_new_config_is_after_state" time="8.753" /><testcase classname="backend.tests.test_audit_log_health_rules.TestPutCreatesAuditLog" name="test_put_audit_config_has_full_snapshot" time="8.935" /><testcase classname="backend.tests.test_audit_log_health_rules.TestPatchToggleCreatesAuditLog" name="test_toggle_creates_audit_entry_with_toggle_type" time="10.920" /><testcase classname="backend.tests.test_audit_log_health_rules.TestPatchToggleCreatesAuditLog" name="test_toggle_audit_old_config_shows_previous_enabled_state" time="12.474" /><testcase classname="backend.tests.test_audit_log_health_rules.TestPatchToggleCreatesAuditLog" name="test_toggle_audit_preserves_other_config_values" time="8.775" /><testcase classname="backend.tests.test_audit_log_health_rules.TestAuditMetadata" name="test_audit_entry_has_changed_by_name" time="8.485" /><testcase classname="backend.tests.test_audit_log_health_rules.TestAuditMetadata" name="test_audit_entry_has_ip_address" time="8.710" /><testcase classname="backend.tests.test_audit_log_health_rules.TestAuditMetadata" name="test_audit_entry_has_created_at_timestamp" time="8.071" /><testcase classname="backend.tests.test_audit_log_health_rules.TestAtomicity" name="test_put_success_means_audit_exists" time="10.359" /><testcase classname="backend.tests.test_audit_log_health_rules.TestAtomicity" name="test_toggle_success_means_audit_exists" time="10.326" /><testcase classname="backend.tests.test_audit_log_health_rules.TestMultipleOperationsAuditTrail" name="test_multiple_operations_create_sequential_audit_entries" time="17.653" /><testcase classname="backend.tests.test_audit_log_health_rules.TestOtherRulesAuditLog" name="test_signal_degradation_audit_log_works" time="9.861" /><testcase classname="backend.tests.test_audit_log_health_rules.TestOtherRulesAuditLog" name="test_reboot_anomaly_audit_log_works" time="9.836" /></testsuite></testsuites>