<?xml version="1.0" encoding="utf-8"?><testsuites name="pytest tests"><testsuite name="pytest" errors="0" failures="0" skipped="0" tests="24" time="66.899" timestamp="2026-03-08T18:07:30.679551+00:00" hostname="agent-env-d8ec12be-8831-4506-9761-218325dbb1bb"><testcase classname="backend.tests.test_admin_panel_phase2.TestUserManagement" name="test_get_users_list_paginated" time="9.409" /><testcase classname="backend.tests.test_admin_panel_phase2.TestUserManagement" name="test_get_users_filter_by_role" time="2.522" /><testcase classname="backend.tests.test_admin_panel_phase2.TestUserManagement" name="test_get_users_filter_by_status" time="2.341" /><testcase classname="backend.tests.test_admin_panel_phase2.TestUserManagement" name="test_get_users_search" time="2.312" /><testcase classname="backend.tests.test_admin_panel_phase2.TestUserManagement" name="test_create_user" time="2.978" /><testcase classname="backend.tests.test_admin_panel_phase2.TestUserManagement" name="test_create_user_duplicate_email_fails" time="1.886" /><testcase classname="backend.tests.test_admin_panel_phase2.TestUserManagement" name="test_get_user_detail" time="2.100" /><testcase classname="backend.tests.test_admin_panel_phase2.TestUserManagement" name="test_update_user_status_deactivate" time="2.088" /><testcase classname="backend.tests.test_admin_panel_phase2.TestUserManagement" name="test_update_user_status_activate" time="2.095" /><testcase classname="backend.tests.test_admin_panel_phase2.TestUserManagement" name="test_update_user_role" time="3.255" /><testcase classname="backend.tests.test_admin_panel_phase2.TestFacilityManagement" name="test_get_facilities_list" time="2.412" /><testcase classname="backend.tests.test_admin_panel_phase2.TestFacilityManagement" name="test_create_facility_with_type" time="2.748" /><testcase classname="backend.tests.test_admin_panel_phase2.TestFacilityManagement" name="test_create_facility_duplicate_code_fails" time="4.005" /><testcase classname="backend.tests.test_admin_panel_phase2.TestFacilityManagement" name="test_update_facility_with_type" time="2.752" /><testcase classname="backend.tests.test_admin_panel_phase2.TestFacilityManagement" name="test_toggle_facility_status" time="4.858" /><testcase classname="backend.tests.test_admin_panel_phase2.TestFacilityManagement" name="test_assign_user_to_facility" time="2.523" /><testcase classname="backend.tests.test_admin_panel_phase2.TestFacilityManagement" name="test_verify_facility_user_count" time="2.551" /><testcase classname="backend.tests.test_admin_panel_phase2.TestFacilityManagement" name="test_delete_facility" time="2.560" /><testcase classname="backend.tests.test_admin_panel_phase2.TestAuthorizationAndEdgeCases" name="test_admin_users_requires_auth" time="0.150" /><testcase classname="backend.tests.test_admin_panel_phase2.TestAuthorizationAndEdgeCases" name="test_admin_facilities_requires_auth" time="0.116" /><testcase classname="backend.tests.test_admin_panel_phase2.TestAuthorizationAndEdgeCases" name="test_get_nonexistent_user" time="1.680" /><testcase classname="backend.tests.test_admin_panel_phase2.TestAuthorizationAndEdgeCases" name="test_get_nonexistent_facility" time="1.847" /><testcase classname="backend.tests.test_admin_panel_phase2.TestAuthorizationAndEdgeCases" name="test_system_health_endpoint" time="5.454" /><testcase classname="backend.tests.test_admin_panel_phase2.TestCleanup" name="test_cleanup_test_user" time="2.163" /></testsuite></testsuites>