<?xml version="1.0" encoding="utf-8"?><testsuites name="pytest tests"><testsuite name="pytest" errors="0" failures="0" skipped="0" tests="15" time="52.028" timestamp="2026-03-06T10:24:03.886731+00:00" hostname="agent-env-8ad6c19a-fd60-4d76-b955-8c460de8f2b5"><testcase classname="tests.test_route_safety_phase2.TestRiskRecalculation" name="test_risk_update_returns_200" time="8.488" /><testcase classname="tests.test_route_safety_phase2.TestRiskRecalculation" name="test_risk_update_response_structure" time="2.285" /><testcase classname="tests.test_route_safety_phase2.TestRiskRecalculation" name="test_risk_update_no_monitor_returns_no_monitor" time="1.471" /><testcase classname="tests.test_route_safety_phase2.TestRiskRecalculation" name="test_risk_update_trend_values" time="2.284" /><testcase classname="tests.test_route_safety_phase2.TestSuggestReroute" name="test_reroute_returns_200" time="3.748" /><testcase classname="tests.test_route_safety_phase2.TestSuggestReroute" name="test_reroute_response_structure" time="3.116" /><testcase classname="tests.test_route_safety_phase2.TestSuggestReroute" name="test_reroute_alternatives_structure" time="2.522" /><testcase classname="tests.test_route_safety_phase2.TestSuggestReroute" name="test_reroute_no_monitor" time="1.467" /><testcase classname="tests.test_route_safety_phase2.TestAcceptReroute" name="test_accept_reroute_requires_route_data" time="1.275" /><testcase classname="tests.test_route_safety_phase2.TestAcceptReroute" name="test_accept_reroute_no_monitor" time="1.684" /><testcase classname="tests.test_route_safety_phase2.TestAcceptReroute" name="test_accept_reroute_with_valid_route" time="5.660" /><testcase classname="tests.test_route_safety_phase2.TestFleetMonitorsWithRerouteInfo" name="test_fleet_monitors_returns_200" time="3.120" /><testcase classname="tests.test_route_safety_phase2.TestFleetMonitorsWithRerouteInfo" name="test_fleet_monitors_structure" time="3.090" /><testcase classname="tests.test_route_safety_phase2.TestFleetMonitorsWithRerouteInfo" name="test_fleet_monitors_reroute_suggested_logic" time="3.352" /><testcase classname="tests.test_route_safety_phase2.TestIntegrationFlow" name="test_full_reroute_flow" time="8.379" /></testsuite></testsuites>