<?xml version="1.0" encoding="utf-8"?><testsuites name="pytest tests"><testsuite name="pytest" errors="0" failures="0" skipped="0" tests="23" time="50.907" timestamp="2026-03-07T15:31:39.484205+00:00" hostname="agent-env-c11c7236-377f-40c5-9e5b-ce5128292077"><testcase classname="backend.tests.test_safety_brain.TestSafetyBrainEvaluate" name="test_evaluate_requires_auth" time="0.226" /><testcase classname="backend.tests.test_safety_brain.TestSafetyBrainEvaluate" name="test_evaluate_normal_level" time="6.790" /><testcase classname="backend.tests.test_safety_brain.TestSafetyBrainEvaluate" name="test_evaluate_suspicious_level" time="1.898" /><testcase classname="backend.tests.test_safety_brain.TestSafetyBrainEvaluate" name="test_evaluate_dangerous_level" time="1.677" /><testcase classname="backend.tests.test_safety_brain.TestSafetyBrainEvaluate" name="test_evaluate_critical_level_triggers_auto_sos" time="2.612" /><testcase classname="backend.tests.test_safety_brain.TestSafetyBrainEvaluate" name="test_evaluate_weight_calculation" time="1.665" /><testcase classname="backend.tests.test_safety_brain.TestSafetyBrainEvaluate" name="test_evaluate_primary_event_tracking" time="2.303" /><testcase classname="backend.tests.test_safety_brain.TestSafetyBrainEvaluate" name="test_evaluate_invalid_signal_filtered" time="1.475" /><testcase classname="backend.tests.test_safety_brain.TestSafetyBrainStatus" name="test_status_requires_auth" time="0.230" /><testcase classname="backend.tests.test_safety_brain.TestSafetyBrainStatus" name="test_status_returns_risk_state" time="1.849" /><testcase classname="backend.tests.test_safety_brain.TestSafetyBrainStatus" name="test_status_includes_raw_signals" time="1.461" /><testcase classname="backend.tests.test_safety_brain.TestSafetyBrainEvents" name="test_events_requires_auth" time="0.135" /><testcase classname="backend.tests.test_safety_brain.TestSafetyBrainEvents" name="test_events_returns_list" time="2.076" /><testcase classname="backend.tests.test_safety_brain.TestSafetyBrainEvents" name="test_events_respects_limit" time="1.855" /><testcase classname="backend.tests.test_safety_brain.TestSafetyBrainEvents" name="test_events_include_required_fields" time="1.889" /><testcase classname="backend.tests.test_safety_brain.TestSafetyBrainResolve" name="test_resolve_requires_auth" time="0.125" /><testcase classname="backend.tests.test_safety_brain.TestSafetyBrainResolve" name="test_resolve_not_found" time="1.927" /><testcase classname="backend.tests.test_safety_brain.TestSafetyBrainResolve" name="test_resolve_existing_event" time="4.423" /><testcase classname="backend.tests.test_safety_brain.TestFallDetectorIntegration" name="test_fall_detection_feeds_safety_brain" time="3.934" /><testcase classname="backend.tests.test_safety_brain.TestVoiceDetectorIntegration" name="test_voice_distress_feeds_safety_brain" time="7.290" /><testcase classname="backend.tests.test_safety_brain.TestRiskLevelThresholds" name="test_boundary_normal_suspicious" time="1.469" /><testcase classname="backend.tests.test_safety_brain.TestRiskLevelThresholds" name="test_boundary_suspicious_dangerous" time="1.643" /><testcase classname="backend.tests.test_safety_brain.TestRiskLevelThresholds" name="test_boundary_dangerous_critical" time="1.862" /></testsuite></testsuites>