<?xml version="1.0" encoding="utf-8"?><testsuites name="pytest tests"><testsuite name="pytest" errors="0" failures="0" skipped="0" tests="16" time="50.561" timestamp="2026-03-06T10:11:17.603499+00:00" hostname="agent-env-8ad6c19a-fd60-4d76-b955-8c460de8f2b5"><testcase classname="backend.tests.test_notification_providers.TestNotificationProviders" name="test_providers_endpoint_returns_200" time="6.503" /><testcase classname="backend.tests.test_notification_providers.TestNotificationProviders" name="test_providers_response_structure" time="1.382" /><testcase classname="backend.tests.test_notification_providers.TestNotificationProviders" name="test_sms_provider_is_twilio_live" time="1.378" /><testcase classname="backend.tests.test_notification_providers.TestNotificationProviders" name="test_push_provider_is_fcm_live" time="1.376" /><testcase classname="backend.tests.test_notification_providers.TestNotificationProviders" name="test_email_provider_is_ses_live" time="1.372" /><testcase classname="backend.tests.test_notification_providers.TestNotificationProviders" name="test_in_app_provider_is_native_always_live" time="1.382" /><testcase classname="backend.tests.test_notification_providers.TestNotificationSend" name="test_send_notification_requires_all_fields" time="4.694" /><testcase classname="backend.tests.test_notification_providers.TestNotificationSend" name="test_send_in_app_notification_low_severity" time="3.936" /><testcase classname="backend.tests.test_notification_providers.TestNotificationSend" name="test_send_high_severity_notification_triggers_sms" time="4.398" /><testcase classname="backend.tests.test_notification_providers.TestNotificationSend" name="test_send_critical_severity_notification" time="3.068" /><testcase classname="backend.tests.test_notification_providers.TestNotificationThrottling" name="test_duplicate_alerts_throttled" time="6.794" /><testcase classname="backend.tests.test_notification_providers.TestNotificationThrottling" name="test_critical_bypasses_throttle" time="6.476" /><testcase classname="backend.tests.test_notification_providers.TestNotificationLog" name="test_notification_log_returns_200" time="3.779" /><testcase classname="backend.tests.test_notification_providers.TestNotificationLog" name="test_notification_log_structure" time="1.956" /><testcase classname="backend.tests.test_notification_providers.TestNotificationLog" name="test_notification_log_for_device" time="1.977" /><testcase classname="backend.tests.test_notification_providers.TestPhoneNormalization" name="test_phone_normalization_in_route_alert_service" time="0.000" /></testsuite></testsuites>