<?xml version="1.0" encoding="utf-8"?><testsuites name="pytest tests"><testsuite name="pytest" errors="0" failures="0" skipped="0" tests="13" time="29.942" timestamp="2026-03-05T07:55:27.780052+00:00" hostname="agent-env-f23a51d4-be27-48e7-8c8b-7cd3995cf7ac"><testcase classname="backend.tests.test_replay_timeline.TestReplayTimelineAPI" name="test_replay_timeline_missing_start_time_returns_422" time="7.013" /><testcase classname="backend.tests.test_replay_timeline.TestReplayTimelineAPI" name="test_replay_timeline_missing_end_time_returns_422" time="1.461" /><testcase classname="backend.tests.test_replay_timeline.TestReplayTimelineAPI" name="test_replay_timeline_end_before_start_returns_422" time="1.427" /><testcase classname="backend.tests.test_replay_timeline.TestReplayTimelineAPI" name="test_replay_timeline_exceeds_7_days_returns_422" time="1.480" /><testcase classname="backend.tests.test_replay_timeline.TestReplayTimelineAPI" name="test_replay_timeline_returns_correct_json_structure" time="2.615" /><testcase classname="backend.tests.test_replay_timeline.TestReplayTimelineAPI" name="test_replay_timeline_score_timeline_structure" time="2.114" /><testcase classname="backend.tests.test_replay_timeline.TestReplayTimelineAPI" name="test_replay_timeline_events_structure" time="2.111" /><testcase classname="backend.tests.test_replay_timeline.TestReplayTimelineAPI" name="test_replay_timeline_limits_score_points_to_120" time="3.020" /><testcase classname="backend.tests.test_replay_timeline.TestReplayTimelineAPI" name="test_replay_timeline_limits_events_to_500" time="2.095" /><testcase classname="backend.tests.test_replay_timeline.TestReplayTimelineAPI" name="test_replay_timeline_default_threshold_is_60" time="2.144" /><testcase classname="backend.tests.test_replay_timeline.TestReplayTimelineAPI" name="test_replay_timeline_custom_threshold" time="2.135" /><testcase classname="backend.tests.test_replay_timeline.TestReplayTimelineAPI" name="test_replay_timeline_requires_authentication" time="0.108" /><testcase classname="backend.tests.test_replay_timeline.TestReplayTimelineAPI" name="test_replay_timeline_bucket_seconds_calculation" time="2.119" /></testsuite></testsuites>