<?xml version="1.0" encoding="utf-8"?><testsuites name="pytest tests"><testsuite name="pytest" errors="0" failures="0" skipped="0" tests="18" time="34.356" timestamp="2026-03-06T08:46:16.805727+00:00" hostname="agent-env-309b6a6f-8055-48d0-9731-a35f8f799532"><testcase classname="backend.tests.test_route_monitoring.TestRouteMonitoringAuth" name="test_assign_route_monitor_requires_auth" time="0.200" /><testcase classname="backend.tests.test_route_monitoring.TestRouteMonitoringAuth" name="test_get_route_monitor_requires_auth" time="0.112" /><testcase classname="backend.tests.test_route_monitoring.TestRouteMonitoringAuth" name="test_list_route_monitors_requires_auth" time="0.099" /><testcase classname="backend.tests.test_route_monitoring.TestRouteMonitoringAuth" name="test_cancel_route_monitor_requires_auth" time="0.106" /><testcase classname="backend.tests.test_route_monitoring.TestRouteSafetySampling" name="test_route_safety_returns_routes" time="7.165" /><testcase classname="backend.tests.test_route_monitoring.TestRouteSafetySampling" name="test_routes_have_sampled_points" time="0.000" /><testcase classname="backend.tests.test_route_monitoring.TestRouteSafetySampling" name="test_routes_have_segments" time="0.000" /><testcase classname="backend.tests.test_route_monitoring.TestRouteSafetySampling" name="test_sampling_produces_reasonable_points" time="0.000" /><testcase classname="backend.tests.test_route_monitoring.TestRouteMonitorAssignment" name="test_assign_route_requires_route_data" time="1.343" /><testcase classname="backend.tests.test_route_monitoring.TestRouteMonitorAssignment" name="test_assign_route_monitor_success" time="3.020" /><testcase classname="backend.tests.test_route_monitoring.TestRouteMonitorStatus" name="test_get_route_monitor_status" time="2.401" /><testcase classname="backend.tests.test_route_monitoring.TestRouteMonitorStatus" name="test_status_includes_tracking_fields" time="2.350" /><testcase classname="backend.tests.test_route_monitoring.TestActiveRouteMonitorsList" name="test_list_active_monitors" time="2.381" /><testcase classname="backend.tests.test_route_monitoring.TestActiveRouteMonitorsList" name="test_monitors_have_required_fields" time="2.376" /><testcase classname="backend.tests.test_route_monitoring.TestRouteMonitorCancel" name="test_cancel_nonexistent_monitor" time="2.163" /><testcase classname="backend.tests.test_route_monitoring.TestRouteMonitorReplacement" name="test_new_assignment_replaces_existing" time="6.985" /><testcase classname="backend.tests.test_route_monitoring.TestOSRMResilience" name="test_route_safety_with_valid_coords" time="2.252" /><testcase classname="backend.tests.test_route_monitoring.TestOSRMResilience" name="test_route_safety_handles_invalid_coords" time="1.344" /></testsuite></testsuites>