<?xml version="1.0" encoding="utf-8"?><testsuites name="pytest tests"><testsuite name="pytest" errors="0" failures="0" skipped="0" tests="40" time="191.716" timestamp="2026-03-09T05:37:46.401685+00:00" hostname="agent-env-511326ec-ae60-4c3f-8c79-f8ee7567ab6c"><testcase classname="backend.tests.test_guardian_safety_events.TestGuardianNetworkList" name="test_list_guardians_returns_200" time="4.748" /><testcase classname="backend.tests.test_guardian_safety_events.TestGuardianNetworkList" name="test_list_guardians_has_required_fields" time="1.898" /><testcase classname="backend.tests.test_guardian_safety_events.TestGuardianNetworkList" name="test_list_guardians_ordered_by_priority" time="2.075" /><testcase classname="backend.tests.test_guardian_safety_events.TestGuardianNetworkCreate" name="test_add_guardian_parent" time="6.269" /><testcase classname="backend.tests.test_guardian_safety_events.TestGuardianNetworkCreate" name="test_add_guardian_friend" time="3.213" /><testcase classname="backend.tests.test_guardian_safety_events.TestGuardianNetworkCreate" name="test_add_guardian_campus_security" time="3.399" /><testcase classname="backend.tests.test_guardian_safety_events.TestGuardianNetworkCreate" name="test_add_guardian_invalid_type_rejected" time="1.643" /><testcase classname="backend.tests.test_guardian_safety_events.TestGuardianNetworkUpdate" name="test_update_guardian_name" time="9.238" /><testcase classname="backend.tests.test_guardian_safety_events.TestGuardianNetworkUpdate" name="test_update_guardian_not_found" time="1.849" /><testcase classname="backend.tests.test_guardian_safety_events.TestGuardianNetworkDelete" name="test_delete_guardian_soft_delete" time="7.742" /><testcase classname="backend.tests.test_guardian_safety_events.TestGuardianNetworkDelete" name="test_delete_guardian_not_found" time="1.851" /><testcase classname="backend.tests.test_guardian_safety_events.TestEscalationChain" name="test_escalation_chain_returns_200" time="5.141" /><testcase classname="backend.tests.test_guardian_safety_events.TestEscalationChain" name="test_escalation_chain_has_required_fields" time="2.145" /><testcase classname="backend.tests.test_guardian_safety_events.TestEscalationChain" name="test_escalation_chain_ordered_by_level" time="2.056" /><testcase classname="backend.tests.test_guardian_safety_events.TestEscalationChain" name="test_escalation_chain_entry_structure" time="2.296" /><testcase classname="backend.tests.test_guardian_safety_events.TestEmergencyContacts" name="test_list_emergency_contacts_returns_200" time="4.046" /><testcase classname="backend.tests.test_guardian_safety_events.TestEmergencyContacts" name="test_add_emergency_contact_police" time="3.437" /><testcase classname="backend.tests.test_guardian_safety_events.TestEmergencyContacts" name="test_add_emergency_contact_hospital" time="3.375" /><testcase classname="backend.tests.test_guardian_safety_events.TestEmergencyContacts" name="test_add_emergency_contact_invalid_type_rejected" time="1.434" /><testcase classname="backend.tests.test_guardian_safety_events.TestSessionLifecycle" name="test_start_session_returns_200_or_201" time="6.510" /><testcase classname="backend.tests.test_guardian_safety_events.TestSessionLifecycle" name="test_share_location_during_session" time="2.317" /><testcase classname="backend.tests.test_guardian_safety_events.TestSessionLifecycle" name="test_session_status_returns_active" time="1.852" /><testcase classname="backend.tests.test_guardian_safety_events.TestSessionLifecycle" name="test_end_session_arrived" time="4.225" /><testcase classname="backend.tests.test_guardian_safety_events.TestRiskScore" name="test_risk_score_returns_200" time="8.033" /><testcase classname="backend.tests.test_guardian_safety_events.TestRiskScore" name="test_risk_score_has_required_fields" time="5.378" /><testcase classname="backend.tests.test_guardian_safety_events.TestSafeRoute" name="test_safe_route_returns_200" time="5.819" /><testcase classname="backend.tests.test_guardian_safety_events.TestSafeRoute" name="test_safe_route_has_route_data" time="3.717" /><testcase classname="backend.tests.test_guardian_safety_events.TestGuardianAlerts" name="test_guardian_alerts_returns_200" time="5.691" /><testcase classname="backend.tests.test_guardian_safety_events.TestGuardianAlerts" name="test_guardian_alerts_has_required_fields" time="3.499" /><testcase classname="backend.tests.test_guardian_safety_events.TestFakeCall" name="test_fake_call_returns_200" time="4.356" /><testcase classname="backend.tests.test_guardian_safety_events.TestFakeCall" name="test_fake_call_response_structure" time="1.851" /><testcase classname="backend.tests.test_guardian_safety_events.TestSOSTrigger" name="test_sos_trigger_returns_200" time="5.784" /><testcase classname="backend.tests.test_guardian_safety_events.TestSOSTrigger" name="test_sos_notifies_guardian_network" time="2.945" /><testcase classname="backend.tests.test_guardian_safety_events.TestSOSTrigger" name="test_sos_different_trigger_types" time="13.504" /><testcase classname="backend.tests.test_guardian_safety_events.TestWebSocketStatus" name="test_ws_status_returns_200" time="2.700" /><testcase classname="backend.tests.test_guardian_safety_events.TestWebSocketStatus" name="test_ws_status_has_required_fields" time="0.098" /><testcase classname="backend.tests.test_guardian_safety_events.TestRateLimiting" name="test_share_location_rate_limit_allows_normal_usage" time="16.658" /><testcase classname="backend.tests.test_guardian_safety_events.TestCleanup" name="test_cleanup_test_guardians" time="11.645" /><testcase classname="backend.tests.test_guardian_safety_events.TestCleanup" name="test_end_any_active_session" time="2.110" /><testcase classname="backend.tests.test_guardian_safety_events.TestFullSessionFlow" name="test_full_session_lifecycle" time="15.089" /></testsuite></testsuites>