<?xml version="1.0" encoding="utf-8"?><testsuites name="pytest tests"><testsuite name="pytest" errors="0" failures="0" skipped="0" tests="19" time="100.942" timestamp="2026-03-07T14:14:21.234432+00:00" hostname="agent-env-7f2a088c-2270-4c25-9f6c-c1800c98ea52"><testcase classname="backend.tests.test_wandering_detection.TestWanderingDetection" name="test_create_safe_zone_success" time="5.505" /><testcase classname="backend.tests.test_wandering_detection.TestWanderingDetection" name="test_create_safe_zone_custom_type" time="5.947" /><testcase classname="backend.tests.test_wandering_detection.TestWanderingDetection" name="test_create_safe_zone_invalid_type" time="3.241" /><testcase classname="backend.tests.test_wandering_detection.TestWanderingDetection" name="test_list_safe_zones" time="7.287" /><testcase classname="backend.tests.test_wandering_detection.TestWanderingDetection" name="test_delete_safe_zone_soft_delete" time="6.627" /><testcase classname="backend.tests.test_wandering_detection.TestWanderingDetection" name="test_delete_safe_zone_nonexistent" time="3.497" /><testcase classname="backend.tests.test_wandering_detection.TestWanderingDetection" name="test_wandering_check_no_zones" time="5.750" /><testcase classname="backend.tests.test_wandering_detection.TestWanderingDetection" name="test_wandering_check_inside_zone" time="6.841" /><testcase classname="backend.tests.test_wandering_detection.TestWanderingDetection" name="test_wandering_check_outside_zone" time="6.641" /><testcase classname="backend.tests.test_wandering_detection.TestWanderingDetection" name="test_wandering_check_wander_score_formula" time="7.094" /><testcase classname="backend.tests.test_wandering_detection.TestWanderingDetection" name="test_wandering_detection_time_threshold" time="6.653" /><testcase classname="backend.tests.test_wandering_detection.TestWanderingDetection" name="test_wandering_direction_detection" time="8.303" /><testcase classname="backend.tests.test_wandering_detection.TestWanderingDetection" name="test_wandering_escalation_distance" time="6.659" /><testcase classname="backend.tests.test_wandering_detection.TestWanderingDetection" name="test_wandering_resolve_nonexistent" time="3.525" /><testcase classname="backend.tests.test_wandering_detection.TestWanderingDetection" name="test_get_wandering_events" time="3.445" /><testcase classname="backend.tests.test_wandering_detection.TestWanderingDetection" name="test_get_wandering_events_with_limit" time="3.469" /><testcase classname="backend.tests.test_wandering_detection.TestWanderingDetection" name="test_wandering_skip_with_active_route" time="6.839" /><testcase classname="backend.tests.test_wandering_detection.TestWanderingDetection" name="test_create_zone_no_auth" time="1.792" /><testcase classname="backend.tests.test_wandering_detection.TestWanderingDetection" name="test_wandering_check_no_auth" time="1.759" /></testsuite></testsuites>