<?xml version="1.0" encoding="utf-8"?><testsuites name="pytest tests"><testsuite name="pytest" errors="0" failures="0" skipped="0" tests="16" time="64.619" timestamp="2026-02-27T15:13:50.974111+00:00" hostname="agent-env-43983733-53bd-43db-9338-94aee98cf509"><testcase classname="tests.test_delivery_health.TestHealthRegression" name="test_api_root" time="0.397" /><testcase classname="tests.test_delivery_health.TestHealthRegression" name="test_db_health_check" time="0.782" /><testcase classname="tests.test_delivery_health.TestAuthRegression" name="test_guardian_login" time="4.812" /><testcase classname="tests.test_delivery_health.TestAuthRegression" name="test_operator_login" time="1.919" /><testcase classname="tests.test_delivery_health.TestNotificationJobsStatsThroughput" name="test_stats_with_window_returns_throughput" time="4.167" /><testcase classname="tests.test_delivery_health.TestNotificationJobsStatsThroughput" name="test_stats_without_window_returns_null_throughput" time="4.026" /><testcase classname="tests.test_delivery_health.TestNotificationJobsStatsThroughput" name="test_stats_returns_totals_dict" time="4.091" /><testcase classname="tests.test_delivery_health.TestNotificationJobsStatsThroughput" name="test_stats_returns_by_channel_dict" time="3.505" /><testcase classname="tests.test_delivery_health.TestNotificationJobsStatsThroughput" name="test_stats_requires_auth" time="0.152" /><testcase classname="tests.test_delivery_health.TestNotificationJobsStatsThroughput" name="test_stats_requires_operator_role" time="3.075" /><testcase classname="tests.test_delivery_health.TestNotificationJobsStatsWithData" name="test_stats_totals_with_seeded_data" time="9.535" /><testcase classname="tests.test_delivery_health.TestNotificationJobsStatsWithData" name="test_throughput_calculation_accuracy" time="9.049" /><testcase classname="tests.test_delivery_health.TestOperatorStatsRegression" name="test_operator_stats" time="5.728" /><testcase classname="tests.test_delivery_health.TestOperatorStatsRegression" name="test_false_alarm_metrics" time="4.005" /><testcase classname="tests.test_delivery_health.TestOperatorStatsRegression" name="test_notification_jobs_list" time="3.957" /><testcase classname="tests.test_delivery_health.TestGuardianDashboardRegression" name="test_dashboard_summary" time="5.324" /></testsuite></testsuites>