<?xml version="1.0" encoding="utf-8"?><testsuites name="pytest tests"><testsuite name="pytest" errors="0" failures="1" skipped="0" tests="18" time="71.867" timestamp="2026-03-07T14:54:33.187940+00:00" hostname="agent-env-7f2a088c-2270-4c25-9f6c-c1800c98ea52"><testcase classname="backend.tests.test_voice_distress.TestVoiceDistressAuthentication" name="test_voice_distress_report_requires_auth" time="0.235" /><testcase classname="backend.tests.test_voice_distress.TestVoiceDistressAuthentication" name="test_voice_distress_resolve_requires_auth" time="0.110" /><testcase classname="backend.tests.test_voice_distress.TestVoiceDistressAuthentication" name="test_voice_distress_events_requires_auth" time="0.111" /><testcase classname="backend.tests.test_voice_distress.TestVoiceDistressScoring" name="test_max_score_all_signals" time="8.359" /><testcase classname="backend.tests.test_voice_distress.TestVoiceDistressScoring" name="test_below_threshold_non_distress_keywords" time="3.098" /><testcase classname="backend.tests.test_voice_distress.TestVoiceDistressScoring" name="test_scream_only_below_threshold" time="3.020" /><testcase classname="backend.tests.test_voice_distress.TestVoiceDistressScoring" name="test_single_keyword_with_scream_alert" time="3.460"><failure message="AssertionError: Failed: {&quot;detail&quot;:&quot;Voice event recently reported. Wait 30s.&quot;}&#10;assert 429 == 200&#10; +  where 429 = &lt;Response [429]&gt;.status_code">backend/tests/test_voice_distress.py:154: in test_single_keyword_with_scream_alert
    assert response.status_code == 200, f"Failed: {response.text}"
E   AssertionError: Failed: {"detail":"Voice event recently reported. Wait 30s."}
E   assert 429 == 200
E    +  where 429 = &lt;Response [429]&gt;.status_code</failure></testcase><testcase classname="backend.tests.test_voice_distress.TestVoiceDistressReporting" name="test_report_returns_event_id" time="5.186" /><testcase classname="backend.tests.test_voice_distress.TestVoiceDistressReporting" name="test_report_returns_keywords_matched" time="4.783" /><testcase classname="backend.tests.test_voice_distress.TestVoiceDistressCooldown" name="test_cooldown_429_within_30s" time="3.278" /><testcase classname="backend.tests.test_voice_distress.TestVoiceDistressCooldown" name="test_auto_sos_bypasses_cooldown" time="9.304" /><testcase classname="backend.tests.test_voice_distress.TestVoiceDistressResolve" name="test_resolve_event_success" time="6.579" /><testcase classname="backend.tests.test_voice_distress.TestVoiceDistressResolve" name="test_resolve_as_false_positive" time="6.190" /><testcase classname="backend.tests.test_voice_distress.TestVoiceDistressResolve" name="test_resolve_not_found" time="3.273" /><testcase classname="backend.tests.test_voice_distress.TestVoiceDistressEvents" name="test_list_events_success" time="3.489" /><testcase classname="backend.tests.test_voice_distress.TestVoiceDistressEvents" name="test_list_events_fields" time="3.664" /><testcase classname="backend.tests.test_voice_distress.TestVoiceDistressEvents" name="test_list_events_limit" time="3.495" /><testcase classname="backend.tests.test_voice_distress.TestAutoSOSTrigger" name="test_auto_sos_creates_emergency_event" time="4.124" /></testsuite></testsuites>