<?xml version="1.0" encoding="utf-8"?><testsuites name="pytest tests"><testsuite name="pytest" errors="0" failures="1" skipped="0" tests="18" time="47.325" timestamp="2026-03-06T13:06:55.095470+00:00" hostname="agent-env-58d355af-491e-4cf8-a1f9-4c8d0ec628e3"><testcase classname="backend.tests.test_patrol_routing.TestPatrolRoutingAPI" name="test_api_health" time="0.283"><failure message="assert 404 == 200&#10; +  where 404 = &lt;Response [404]&gt;.status_code">backend/tests/test_patrol_routing.py:48: in test_api_health
    assert response.status_code == 200
E   assert 404 == 200
E    +  where 404 = &lt;Response [404]&gt;.status_code</failure></testcase><testcase classname="backend.tests.test_patrol_routing.TestPatrolRoutingAPI" name="test_patrol_shifts_returns_shift_definitions" time="6.275" /><testcase classname="backend.tests.test_patrol_routing.TestPatrolRoutingAPI" name="test_patrol_shifts_returns_weights" time="1.388" /><testcase classname="backend.tests.test_patrol_routing.TestPatrolRoutingAPI" name="test_patrol_summary_returns_data" time="2.005" /><testcase classname="backend.tests.test_patrol_routing.TestPatrolRoutingAPI" name="test_patrol_generate_morning_shift" time="2.774" /><testcase classname="backend.tests.test_patrol_routing.TestPatrolRoutingAPI" name="test_patrol_generate_afternoon_shift" time="2.241" /><testcase classname="backend.tests.test_patrol_routing.TestPatrolRoutingAPI" name="test_patrol_generate_night_shift" time="3.789" /><testcase classname="backend.tests.test_patrol_routing.TestPatrolRoutingAPI" name="test_patrol_generate_invalid_shift" time="1.346" /><testcase classname="backend.tests.test_patrol_routing.TestPatrolRoutingAPI" name="test_patrol_generate_route_structure" time="2.563" /><testcase classname="backend.tests.test_patrol_routing.TestPatrolRoutingAPI" name="test_patrol_generate_summary_structure" time="2.759" /><testcase classname="backend.tests.test_patrol_routing.TestPatrolRoutingAPI" name="test_patrol_generate_priority_breakdown" time="2.837" /><testcase classname="backend.tests.test_patrol_routing.TestPatrolRoutingAPI" name="test_patrol_generate_weights_returned" time="2.174" /><testcase classname="backend.tests.test_patrol_routing.TestPatrolRoutingAPI" name="test_patrol_generate_requires_auth" time="0.137" /><testcase classname="backend.tests.test_patrol_routing.TestPatrolRoutingAPI" name="test_patrol_summary_requires_auth" time="0.107" /><testcase classname="backend.tests.test_patrol_routing.TestPatrolRoutingAPI" name="test_patrol_shifts_requires_auth" time="0.112" /><testcase classname="backend.tests.test_patrol_routing.TestPatrolRoutingAPI" name="test_patrol_generate_guardian_forbidden" time="3.327" /><testcase classname="backend.tests.test_patrol_routing.TestPatrolRoutingAPI" name="test_patrol_generate_max_zones_bounds" time="7.520" /><testcase classname="backend.tests.test_patrol_routing.TestPatrolRoutingAPI" name="test_patrol_generate_dwell_minutes_bounds" time="5.574" /></testsuite></testsuites>