<?xml version="1.0" encoding="utf-8"?><testsuites name="pytest tests"><testsuite name="pytest" errors="0" failures="0" skipped="0" tests="23" time="53.540" timestamp="2026-02-28T10:15:59.616602+00:00" hostname="agent-env-a405aafe-5c5b-4954-9235-5e59256c95db"><testcase classname="tests.test_device_health_dashboard.TestDeviceHealthDashboard" name="test_guardian_device_health_returns_200" time="7.795" /><testcase classname="tests.test_device_health_dashboard.TestDeviceHealthDashboard" name="test_guardian_device_health_returns_array" time="2.179" /><testcase classname="tests.test_device_health_dashboard.TestDeviceHealthDashboard" name="test_guardian_device_health_object_structure" time="1.990" /><testcase classname="tests.test_device_health_dashboard.TestDeviceHealthDashboard" name="test_guardian_device_health_battery_structure" time="1.991" /><testcase classname="tests.test_device_health_dashboard.TestDeviceHealthDashboard" name="test_guardian_device_health_signal_structure" time="2.007" /><testcase classname="tests.test_device_health_dashboard.TestDeviceHealthDashboard" name="test_guardian_device_health_reliability_score_range" time="2.861" /><testcase classname="tests.test_device_health_dashboard.TestDeviceHealthDashboard" name="test_guardian_device_health_uptime_percent_range" time="1.991" /><testcase classname="tests.test_device_health_dashboard.TestDeviceHealthDashboard" name="test_guardian_device_health_window_hours_param" time="2.011" /><testcase classname="tests.test_device_health_dashboard.TestDeviceHealthDashboard" name="test_guardian_device_health_ownership_scoped" time="1.761" /><testcase classname="tests.test_device_health_dashboard.TestDeviceHealthDashboard" name="test_guardian_device_health_no_auth" time="0.250" /><testcase classname="tests.test_device_health_dashboard.TestDeviceHealthDashboard" name="test_operator_device_health_returns_200" time="4.009" /><testcase classname="tests.test_device_health_dashboard.TestDeviceHealthDashboard" name="test_operator_device_health_returns_array" time="1.782" /><testcase classname="tests.test_device_health_dashboard.TestDeviceHealthDashboard" name="test_operator_device_health_object_structure" time="2.004" /><testcase classname="tests.test_device_health_dashboard.TestDeviceHealthDashboard" name="test_operator_device_health_reliability_score_range" time="1.818" /><testcase classname="tests.test_device_health_dashboard.TestDeviceHealthDashboard" name="test_operator_device_health_requires_operator_role" time="1.547" /><testcase classname="tests.test_device_health_dashboard.TestDeviceHealthDashboard" name="test_operator_device_health_no_auth" time="0.315" /><testcase classname="tests.test_device_health_dashboard.TestDeviceHealthDashboard" name="test_operator_device_health_window_hours_param" time="1.989" /><testcase classname="tests.test_device_health_dashboard.TestReliabilityScoreComputation" name="test_reliability_score_is_integer" time="3.816" /><testcase classname="tests.test_device_health_dashboard.TestReliabilityScoreComputation" name="test_reliability_score_components_present" time="1.987" /><testcase classname="tests.test_device_health_dashboard.TestDeviceHealthWithHeartbeatData" name="test_device_health_reflects_heartbeat_battery" time="3.791" /><testcase classname="tests.test_device_health_dashboard.TestDeviceHealthWithHeartbeatData" name="test_device_health_offline_count_nonnegative" time="1.992" /><testcase classname="tests.test_device_health_dashboard.TestUserWithFullName" name="test_login_returns_access_token" time="1.805" /><testcase classname="tests.test_device_health_dashboard.TestUserWithFullName" name="test_jwt_token_contains_user_info" time="1.764" /></testsuite></testsuites>