<?xml version="1.0" encoding="utf-8"?><testsuites name="pytest tests"><testsuite name="pytest" errors="0" failures="0" skipped="0" tests="25" time="81.009" timestamp="2026-03-08T06:06:16.837278+00:00" hostname="agent-env-485dd9ee-b7d6-4748-ae08-4e4450d60892"><testcase classname="backend.tests.test_fake_notification.TestAuthRequired" name="test_presets_requires_auth" time="0.192" /><testcase classname="backend.tests.test_fake_notification.TestAuthRequired" name="test_trigger_requires_auth" time="0.108" /><testcase classname="backend.tests.test_fake_notification.TestAuthRequired" name="test_complete_requires_auth" time="0.109" /><testcase classname="backend.tests.test_fake_notification.TestAuthRequired" name="test_history_requires_auth" time="0.135" /><testcase classname="backend.tests.test_fake_notification.TestGetPresets" name="test_get_presets_returns_list" time="8.788" /><testcase classname="backend.tests.test_fake_notification.TestGetPresets" name="test_default_presets_seeded" time="3.421" /><testcase classname="backend.tests.test_fake_notification.TestGetPresets" name="test_preset_structure" time="3.399" /><testcase classname="backend.tests.test_fake_notification.TestCreatePreset" name="test_create_custom_preset" time="1.863" /><testcase classname="backend.tests.test_fake_notification.TestCreatePreset" name="test_create_preset_with_auto_dismiss" time="4.156" /><testcase classname="backend.tests.test_fake_notification.TestUpdatePreset" name="test_update_preset_title" time="6.346" /><testcase classname="backend.tests.test_fake_notification.TestUpdatePreset" name="test_update_nonexistent_preset" time="1.655" /><testcase classname="backend.tests.test_fake_notification.TestDeletePreset" name="test_delete_custom_preset" time="6.694" /><testcase classname="backend.tests.test_fake_notification.TestDeletePreset" name="test_cannot_delete_default_preset" time="5.470" /><testcase classname="backend.tests.test_fake_notification.TestTriggerNotification" name="test_trigger_with_preset_id" time="5.244" /><testcase classname="backend.tests.test_fake_notification.TestTriggerNotification" name="test_trigger_with_custom_title_message" time="1.876" /><testcase classname="backend.tests.test_fake_notification.TestTriggerNotification" name="test_trigger_returns_notification_id" time="1.880" /><testcase classname="backend.tests.test_fake_notification.TestCompleteNotification" name="test_complete_with_viewed" time="4.179" /><testcase classname="backend.tests.test_fake_notification.TestCompleteNotification" name="test_complete_with_dismiss" time="3.924" /><testcase classname="backend.tests.test_fake_notification.TestCompleteNotification" name="test_complete_with_alert" time="3.739" /><testcase classname="backend.tests.test_fake_notification.TestCompleteNotification" name="test_complete_nonexistent_notification" time="1.857" /><testcase classname="backend.tests.test_fake_notification.TestNotificationHistory" name="test_history_returns_list" time="2.126" /><testcase classname="backend.tests.test_fake_notification.TestNotificationHistory" name="test_history_respects_limit" time="1.831" /><testcase classname="backend.tests.test_fake_notification.TestNotificationHistory" name="test_history_sorted_by_recent" time="1.858" /><testcase classname="backend.tests.test_fake_notification.TestNotificationHistory" name="test_history_entry_structure" time="1.850" /><testcase classname="backend.tests.test_fake_notification.TestCleanup" name="test_cleanup_test_presets" time="8.205" /></testsuite></testsuites>