<?xml version="1.0" encoding="utf-8"?><testsuites name="pytest tests"><testsuite name="pytest" errors="0" failures="0" skipped="0" tests="16" time="92.842" timestamp="2026-03-07T08:42:46.441254+00:00" hostname="agent-env-9aaf2de0-f05c-477d-8ca6-ff923638edbd"><testcase classname="backend.tests.test_dynamic_risk_engine.TestDynamicRiskEngineAuth" name="test_city_heatmap_requires_auth" time="0.958" /><testcase classname="backend.tests.test_dynamic_risk_engine.TestDynamicRiskEngine" name="test_city_heatmap_basic" time="12.257" /><testcase classname="backend.tests.test_dynamic_risk_engine.TestDynamicRiskEngine" name="test_city_heatmap_cell_signals" time="7.316" /><testcase classname="backend.tests.test_dynamic_risk_engine.TestDynamicRiskEngine" name="test_city_heatmap_active_sessions_and_velocity" time="8.832" /><testcase classname="backend.tests.test_dynamic_risk_engine.TestDynamicRiskEngine" name="test_city_heatmap_live_cached" time="3.364" /><testcase classname="backend.tests.test_dynamic_risk_engine.TestDynamicRiskEngine" name="test_city_heatmap_delta" time="3.489" /><testcase classname="backend.tests.test_dynamic_risk_engine.TestDynamicRiskEngine" name="test_city_heatmap_timeline" time="3.043" /><testcase classname="backend.tests.test_dynamic_risk_engine.TestDynamicRiskEngine" name="test_city_heatmap_status" time="3.729" /><testcase classname="backend.tests.test_dynamic_risk_engine.TestDynamicRiskEngine" name="test_city_heatmap_stats" time="3.121" /><testcase classname="backend.tests.test_dynamic_risk_engine.TestDynamicRiskEngine" name="test_city_heatmap_cell_detail" time="8.513" /><testcase classname="backend.tests.test_dynamic_risk_engine.TestDynamicRiskEngine" name="test_city_heatmap_cell_not_found" time="8.603" /><testcase classname="backend.tests.test_dynamic_risk_engine.TestDynamicRiskEngineDataIntegrity" name="test_weights_sum_to_one" time="7.317" /><testcase classname="backend.tests.test_dynamic_risk_engine.TestDynamicRiskEngineDataIntegrity" name="test_risk_levels_valid" time="7.085" /><testcase classname="backend.tests.test_dynamic_risk_engine.TestDynamicRiskEngineDataIntegrity" name="test_composite_score_consistency" time="8.755" /><testcase classname="backend.tests.test_dynamic_risk_engine.TestDynamicRiskScheduler" name="test_snapshot_number_increments" time="3.295" /><testcase classname="backend.tests.test_dynamic_risk_engine.TestDynamicRiskScheduler" name="test_cache_computed_at_recent" time="3.072" /></testsuite></testsuites>