<?xml version="1.0" encoding="utf-8"?><testsuites name="pytest tests"><testsuite name="pytest" errors="0" failures="0" skipped="0" tests="24" time="120.737" timestamp="2026-03-07T06:46:34.132201+00:00" hostname="agent-env-14dabdc2-6ee1-4723-a665-11b15ac9b136"><testcase classname="backend.tests.test_night_guardian.TestNightGuardianBasicAPIs" name="test_authentication_required_for_start" time="0.234" /><testcase classname="backend.tests.test_night_guardian.TestNightGuardianBasicAPIs" name="test_authentication_required_for_sessions" time="0.103" /><testcase classname="backend.tests.test_night_guardian.TestNightGuardianBasicAPIs" name="test_authentication_required_for_status" time="0.108" /><testcase classname="backend.tests.test_night_guardian.TestStartSession" name="test_start_session_creates_active_session" time="10.489" /><testcase classname="backend.tests.test_night_guardian.TestStartSession" name="test_start_session_returns_destination_info" time="4.108" /><testcase classname="backend.tests.test_night_guardian.TestStartSession" name="test_start_without_destination" time="4.528" /><testcase classname="backend.tests.test_night_guardian.TestStopSession" name="test_stop_session_returns_summary" time="5.436" /><testcase classname="backend.tests.test_night_guardian.TestStopSession" name="test_stop_nonexistent_session" time="1.352" /><testcase classname="backend.tests.test_night_guardian.TestStatus" name="test_status_returns_full_session_state" time="5.434" /><testcase classname="backend.tests.test_night_guardian.TestStatus" name="test_status_no_active_session" time="1.352" /><testcase classname="backend.tests.test_night_guardian.TestSessions" name="test_sessions_requires_operator" time="1.361" /><testcase classname="backend.tests.test_night_guardian.TestSessions" name="test_sessions_returns_active_sessions" time="6.076" /><testcase classname="backend.tests.test_night_guardian.TestUpdateLocation" name="test_update_location_basic" time="6.739" /><testcase classname="backend.tests.test_night_guardian.TestUpdateLocation" name="test_update_location_zone_check" time="6.522" /><testcase classname="backend.tests.test_night_guardian.TestUpdateLocation" name="test_update_location_no_session_returns_error" time="1.362" /><testcase classname="backend.tests.test_night_guardian.TestZoneEscalation" name="test_zone_escalation_low_to_high_triggers_user_alert" time="5.422" /><testcase classname="backend.tests.test_night_guardian.TestZoneEscalation" name="test_same_zone_no_new_alert" time="8.142" /><testcase classname="backend.tests.test_night_guardian.TestETACalculation" name="test_eta_calculation_with_destination" time="6.514" /><testcase classname="backend.tests.test_night_guardian.TestAcknowledgeSafety" name="test_acknowledge_safety_clears_pending" time="5.434" /><testcase classname="backend.tests.test_night_guardian.TestAcknowledgeSafety" name="test_acknowledge_safety_no_session_returns_error" time="1.357" /><testcase classname="backend.tests.test_night_guardian.TestEscalationLevels" name="test_escalation_levels_mapping" time="5.420" /><testcase classname="backend.tests.test_night_guardian.TestIdleDetection" name="test_speed_below_threshold_sets_idle" time="5.423" /><testcase classname="backend.tests.test_night_guardian.TestFullJourneyFlow" name="test_full_journey_start_to_stop" time="13.129" /><testcase classname="backend.tests.test_night_guardian.TestDataIntegrity" name="test_location_history_accumulates" time="14.589" /></testsuite></testsuites>