<?xml version="1.0" encoding="utf-8"?><testsuites name="pytest tests"><testsuite name="pytest" errors="0" failures="2" skipped="0" tests="23" time="59.576" timestamp="2026-03-07T16:12:16.067086+00:00" hostname="agent-env-c11c7236-377f-40c5-9e5b-ce5128292077"><testcase classname="tests.test_whisper_verification.TestVoiceDistressVerifyEndpoint" name="test_verify_auth_required" time="0.215" /><testcase classname="tests.test_whisper_verification.TestVoiceDistressVerifyEndpoint" name="test_verify_upload_wav" time="8.673" /><testcase classname="tests.test_whisper_verification.TestVoiceDistressVerifyEndpoint" name="test_verify_with_scream_keywords" time="1.876"><failure message="AssertionError: Expected 200, got 500&#10;assert 500 == 200&#10; +  where 500 = &lt;Response [500]&gt;.status_code">tests/test_whisper_verification.py:124: in test_verify_with_scream_keywords
    assert response.status_code == 200, f"Expected 200, got {response.status_code}"
E   AssertionError: Expected 200, got 500
E   assert 500 == 200
E    +  where 500 = &lt;Response [500]&gt;.status_code</failure></testcase><testcase classname="tests.test_whisper_verification.TestVoiceDistressVerifyEndpoint" name="test_verify_rejects_unsupported_format" time="2.722" /><testcase classname="tests.test_whisper_verification.TestVoiceDistressVerifyEndpoint" name="test_verify_rejects_large_file" time="2.122" /><testcase classname="tests.test_whisper_verification.TestVoiceDistressStatusEndpoint" name="test_status_auth_required" time="0.117" /><testcase classname="tests.test_whisper_verification.TestVoiceDistressStatusEndpoint" name="test_status_not_found" time="2.289" /><testcase classname="tests.test_whisper_verification.TestVoiceDistressStatusEndpoint" name="test_status_returns_verification_fields" time="6.531" /><testcase classname="tests.test_whisper_verification.TestVoiceDistressStatusEndpoint" name="test_status_after_processing" time="10.318" /><testcase classname="tests.test_whisper_verification.TestReVerifyEndpoint" name="test_reverify_auth_required" time="0.099" /><testcase classname="tests.test_whisper_verification.TestReVerifyEndpoint" name="test_reverify_not_found" time="1.628" /><testcase classname="tests.test_whisper_verification.TestReVerifyEndpoint" name="test_reverify_success" time="10.097" /><testcase classname="tests.test_whisper_verification.TestDistressPhraseAnalysis" name="test_english_phrases" time="0.382" /><testcase classname="tests.test_whisper_verification.TestDistressPhraseAnalysis" name="test_hindi_phrases" time="0.000" /><testcase classname="tests.test_whisper_verification.TestDistressPhraseAnalysis" name="test_hinglish_phrases" time="0.000" /><testcase classname="tests.test_whisper_verification.TestDistressPhraseAnalysis" name="test_normal_conversation_zero_score" time="0.000" /><testcase classname="tests.test_whisper_verification.TestDistressPhraseAnalysis" name="test_empty_transcript" time="0.000" /><testcase classname="tests.test_whisper_verification.TestConfidenceScoring" name="test_confidence_formula" time="0.000" /><testcase classname="tests.test_whisper_verification.TestConfidenceScoring" name="test_confidence_bounds" time="0.000" /><testcase classname="tests.test_whisper_verification.TestDistressLevels" name="test_distress_levels" time="0.000" /><testcase classname="tests.test_whisper_verification.TestSafetyBrainIntegration" name="test_verified_signal_to_safety_brain" time="2.957"><failure message="assert 500 == 200&#10; +  where 500 = &lt;Response [500]&gt;.status_code">tests/test_whisper_verification.py:466: in test_verified_signal_to_safety_brain
    assert response.status_code == 200
E   assert 500 == 200
E    +  where 500 = &lt;Response [500]&gt;.status_code</failure></testcase><testcase classname="tests.test_whisper_verification.TestSSEVoiceVerificationComplete" name="test_sse_handler_exists" time="0.001" /><testcase classname="tests.test_whisper_verification.TestAudioPrivacy" name="test_audio_deleted_after_processing" time="9.427" /></testsuite></testsuites>