<?xml version="1.0" encoding="utf-8"?><testsuites name="pytest tests"><testsuite name="pytest" errors="0" failures="1" skipped="0" tests="14" time="43.163" timestamp="2026-03-09T12:10:15.874204+00:00" hostname="agent-env-1d72e4d5-4b30-422a-bedd-9f50f68e0239"><testcase classname="backend.tests.test_guardian_live_incidents.TestGuardianLiveProtectedUsers" name="test_get_protected_users_requires_auth" time="0.210" /><testcase classname="backend.tests.test_guardian_live_incidents.TestGuardianLiveProtectedUsers" name="test_get_protected_users_success" time="9.193" /><testcase classname="backend.tests.test_guardian_live_incidents.TestGuardianLiveStatus" name="test_get_live_status_requires_auth" time="0.130" /><testcase classname="backend.tests.test_guardian_live_incidents.TestGuardianLiveStatus" name="test_get_live_status_for_self" time="8.400" /><testcase classname="backend.tests.test_guardian_live_incidents.TestGuardianLiveStatus" name="test_get_live_status_invalid_uuid" time="1.805"><failure message="AssertionError: Expected error status, got 500&#10;assert 500 in [400, 404, 422]&#10; +  where 500 = &lt;Response [500]&gt;.status_code">backend/tests/test_guardian_live_incidents.py:148: in test_get_live_status_invalid_uuid
    assert response.status_code in [400, 404, 422], f"Expected error status, got {response.status_code}"
E   AssertionError: Expected error status, got 500
E   assert 500 in [400, 404, 422]
E    +  where 500 = &lt;Response [500]&gt;.status_code</failure></testcase><testcase classname="backend.tests.test_guardian_live_incidents.TestGuardianIncidents" name="test_get_incidents_requires_auth" time="0.127" /><testcase classname="backend.tests.test_guardian_live_incidents.TestGuardianIncidents" name="test_get_incidents_list" time="2.724" /><testcase classname="backend.tests.test_guardian_live_incidents.TestGuardianIncidentReplay" name="test_get_incident_replay_requires_auth" time="0.145" /><testcase classname="backend.tests.test_guardian_live_incidents.TestGuardianIncidentReplay" name="test_get_incident_replay_success" time="4.990" /><testcase classname="backend.tests.test_guardian_live_incidents.TestGuardianIncidentReplay" name="test_get_incident_replay_not_found" time="1.836" /><testcase classname="backend.tests.test_guardian_live_incidents.TestPushNotificationRegression" name="test_push_status_requires_auth" time="0.127" /><testcase classname="backend.tests.test_guardian_live_incidents.TestPushNotificationRegression" name="test_push_status_success" time="3.642" /><testcase classname="backend.tests.test_guardian_live_incidents.TestPushNotificationRegression" name="test_device_register_requires_auth" time="0.146" /><testcase classname="backend.tests.test_guardian_live_incidents.TestGuardianLiveIntegration" name="test_full_guardian_flow" time="9.585" /></testsuite></testsuites>