<?xml version="1.0" encoding="utf-8"?><testsuites name="pytest tests"><testsuite name="pytest" errors="0" failures="0" skipped="0" tests="19" time="78.336" timestamp="2026-03-08T14:56:06.181399+00:00" hostname="agent-env-ab5b0ec5-3e75-4eee-ad84-bf69c9a5b686"><testcase classname="tests.test_rbac_cognito.TestAuthLogin" name="test_guardian_login_returns_jwt_with_cognito_groups" time="6.564" /><testcase classname="tests.test_rbac_cognito.TestAuthLogin" name="test_guardian_login_role_synced_to_highest_priority" time="2.775" /><testcase classname="tests.test_rbac_cognito.TestAuthLogin" name="test_guardian_login_returns_refresh_token_and_cognito_username" time="2.466" /><testcase classname="tests.test_rbac_cognito.TestAuthLogin" name="test_operator_login_returns_cognito_groups" time="2.417" /><testcase classname="tests.test_rbac_cognito.TestAuthMe" name="test_me_endpoint_returns_user_info" time="4.299" /><testcase classname="tests.test_rbac_cognito.TestAuthMe" name="test_me_endpoint_email_matches" time="4.385" /><testcase classname="tests.test_rbac_cognito.TestCognitoStatus" name="test_cognito_status_returns_enabled_true" time="0.102" /><testcase classname="tests.test_rbac_cognito.TestEscapeLayerRBAC" name="test_voice_trigger_commands_guardian" time="5.896" /><testcase classname="tests.test_rbac_cognito.TestEscapeLayerRBAC" name="test_voice_trigger_commands_operator" time="7.044" /><testcase classname="tests.test_rbac_cognito.TestEscapeLayerRBAC" name="test_voice_trigger_commands_unauthorized" time="0.105" /><testcase classname="tests.test_rbac_cognito.TestEscapeLayerRBAC" name="test_fake_call_presets_guardian" time="6.288" /><testcase classname="tests.test_rbac_cognito.TestEscapeLayerRBAC" name="test_fake_call_presets_operator" time="6.460" /><testcase classname="tests.test_rbac_cognito.TestEscapeLayerRBAC" name="test_sos_config_guardian" time="4.842" /><testcase classname="tests.test_rbac_cognito.TestEscapeLayerRBAC" name="test_sos_config_operator" time="4.779" /><testcase classname="tests.test_rbac_cognito.TestGuardianAIRBAC" name="test_guardian_ai_config_guardian" time="4.329" /><testcase classname="tests.test_rbac_cognito.TestGuardianAIRBAC" name="test_guardian_ai_config_operator" time="5.178" /><testcase classname="tests.test_rbac_cognito.TestGuardianAIRBAC" name="test_guardian_ai_config_unauthorized" time="0.113" /><testcase classname="tests.test_rbac_cognito.TestTokenRefresh" name="test_refresh_with_valid_token" time="3.479" /><testcase classname="tests.test_rbac_cognito.TestRegistrationFlow" name="test_registration_default_guardian_role" time="6.700" /></testsuite></testsuites>