<?xml version="1.0" encoding="utf-8"?><testsuites name="pytest tests"><testsuite name="pytest" errors="0" failures="0" skipped="0" tests="10" time="90.279" timestamp="2026-03-06T07:24:57.119341+00:00" hostname="agent-env-fb66071b-6dac-462a-ac69-213a17d1f6d4"><testcase classname="backend.tests.test_location_risk_ui_enhancements.TestLocationRiskAPIEnhancements" name="test_heatmap_returns_devices_with_risk_score_and_level" time="15.207" /><testcase classname="backend.tests.test_location_risk_ui_enhancements.TestLocationRiskAPIEnhancements" name="test_heatmap_returns_incidents_for_clustering" time="10.916" /><testcase classname="backend.tests.test_location_risk_ui_enhancements.TestLocationRiskAPIEnhancements" name="test_heatmap_incidents_have_severity_for_heat_intensity" time="12.609" /><testcase classname="backend.tests.test_location_risk_ui_enhancements.TestLocationRiskAPIEnhancements" name="test_location_risk_returns_breakdown_with_5_components" time="4.455" /><testcase classname="backend.tests.test_location_risk_ui_enhancements.TestLocationRiskAPIEnhancements" name="test_location_risk_returns_safety_score_and_level" time="3.610" /><testcase classname="backend.tests.test_location_risk_ui_enhancements.TestLocationRiskAPIEnhancements" name="test_heatmap_returns_risk_zones" time="9.898" /><testcase classname="backend.tests.test_location_risk_ui_enhancements.TestLocationRiskAPIEnhancements" name="test_heatmap_returns_geofences" time="10.207" /><testcase classname="backend.tests.test_location_risk_ui_enhancements.TestLocationRiskAPIEnhancements" name="test_heatmap_returns_active_alerts" time="11.179" /><testcase classname="backend.tests.test_location_risk_ui_enhancements.TestLocationRiskAPIEnhancements" name="test_heatmap_returns_map_center" time="10.250" /><testcase classname="backend.tests.test_location_risk_ui_enhancements.TestLocationRiskAPIEnhancements" name="test_unauthorized_access_rejected" time="1.875" /></testsuite></testsuites>