<?xml version="1.0" encoding="utf-8"?><testsuites name="pytest tests"><testsuite name="pytest" errors="0" failures="0" skipped="0" tests="16" time="11.413" timestamp="2026-03-10T04:19:28.621796+00:00" hostname="agent-env-d60798b4-24fa-486c-9207-8bbcd2904a4b"><testcase classname="backend.tests.test_safety_dashboard_apis.TestPlatformStatus" name="test_platform_status_returns_200" time="4.918" /><testcase classname="backend.tests.test_safety_dashboard_apis.TestPlatformStatus" name="test_platform_status_has_metrics" time="0.124" /><testcase classname="backend.tests.test_safety_dashboard_apis.TestPlatformStatus" name="test_platform_status_has_cities" time="0.134" /><testcase classname="backend.tests.test_safety_dashboard_apis.TestPlatformStatus" name="test_platform_status_is_operational" time="0.098" /><testcase classname="backend.tests.test_safety_dashboard_apis.TestLiveEvents" name="test_events_returns_200" time="2.139" /><testcase classname="backend.tests.test_safety_dashboard_apis.TestLiveEvents" name="test_events_has_events_array" time="0.105" /><testcase classname="backend.tests.test_safety_dashboard_apis.TestLiveEvents" name="test_events_have_required_fields" time="0.117" /><testcase classname="backend.tests.test_safety_dashboard_apis.TestIncidentsEndpoint" name="test_incidents_returns_200" time="1.230" /><testcase classname="backend.tests.test_safety_dashboard_apis.TestIncidentsEndpoint" name="test_incidents_has_incidents_array" time="0.123" /><testcase classname="backend.tests.test_safety_dashboard_apis.TestIncidentsEndpoint" name="test_incidents_have_required_fields" time="0.119" /><testcase classname="backend.tests.test_safety_dashboard_apis.TestIncidentsEndpoint" name="test_incidents_have_valid_severity" time="0.109" /><testcase classname="backend.tests.test_safety_dashboard_apis.TestRiskIntelligence" name="test_risk_intelligence_returns_200" time="1.660" /><testcase classname="backend.tests.test_safety_dashboard_apis.TestRiskIntelligence" name="test_risk_intelligence_has_metrics" time="0.128" /><testcase classname="backend.tests.test_safety_dashboard_apis.TestRiskIntelligence" name="test_risk_intelligence_has_risk_zones" time="0.103" /><testcase classname="backend.tests.test_safety_dashboard_apis.TestRiskIntelligence" name="test_risk_intelligence_has_ai_recommendations" time="0.105" /><testcase classname="backend.tests.test_safety_dashboard_apis.TestRiskIntelligence" name="test_risk_zones_have_valid_levels" time="0.103" /></testsuite></testsuites>