<?xml version="1.0" encoding="utf-8"?><testsuites name="pytest tests"><testsuite name="pytest" errors="0" failures="0" skipped="0" tests="27" time="65.385" timestamp="2026-03-07T09:12:14.261041+00:00" hostname="agent-env-9aaf2de0-f05c-477d-8ca6-ff923638edbd"><testcase classname="backend.tests.test_phase40_safety_score.TestLocationScoreAPI" name="test_location_score_returns_200" time="7.821" /><testcase classname="backend.tests.test_phase40_safety_score.TestLocationScoreAPI" name="test_location_score_response_structure" time="1.799" /><testcase classname="backend.tests.test_phase40_safety_score.TestLocationScoreAPI" name="test_location_score_has_all_5_signals" time="3.107" /><testcase classname="backend.tests.test_phase40_safety_score.TestLocationScoreAPI" name="test_signal_normalization_0_1_range" time="2.916" /><testcase classname="backend.tests.test_phase40_safety_score.TestLocationScoreAPI" name="test_score_0_10_range" time="2.229" /><testcase classname="backend.tests.test_phase40_safety_score.TestLocationScoreAPI" name="test_percentile_1_99_range" time="2.015" /><testcase classname="backend.tests.test_phase40_safety_score.TestLocationScoreAPI" name="test_trend_valid_values" time="2.045" /><testcase classname="backend.tests.test_phase40_safety_score.TestLocationScoreAPI" name="test_score_category_correct" time="2.047" /><testcase classname="backend.tests.test_phase40_safety_score.TestLocationScoreAPI" name="test_location_returns_coordinates" time="2.895" /><testcase classname="backend.tests.test_phase40_safety_score.TestRouteScoreAPI" name="test_route_score_returns_200" time="2.022" /><testcase classname="backend.tests.test_phase40_safety_score.TestRouteScoreAPI" name="test_route_score_response_structure" time="2.248" /><testcase classname="backend.tests.test_phase40_safety_score.TestRouteScoreAPI" name="test_route_score_0_10_range" time="2.234" /><testcase classname="backend.tests.test_phase40_safety_score.TestRouteScoreAPI" name="test_route_has_sample_points" time="2.241" /><testcase classname="backend.tests.test_phase40_safety_score.TestRouteScoreAPI" name="test_route_risk_zones_crossed_non_negative" time="2.032" /><testcase classname="backend.tests.test_phase40_safety_score.TestRouteScoreAPI" name="test_route_max_risk_valid" time="2.231" /><testcase classname="backend.tests.test_phase40_safety_score.TestJourneyScoreAPI" name="test_journey_score_returns_200" time="2.682" /><testcase classname="backend.tests.test_phase40_safety_score.TestJourneyScoreAPI" name="test_journey_score_response_structure" time="2.896" /><testcase classname="backend.tests.test_phase40_safety_score.TestJourneyScoreAPI" name="test_journey_score_0_10_range" time="2.880" /><testcase classname="backend.tests.test_phase40_safety_score.TestJourneyScoreAPI" name="test_journey_penalties_structure" time="3.535" /><testcase classname="backend.tests.test_phase40_safety_score.TestJourneyScoreAPI" name="test_journey_alert_count_matches_breakdown" time="2.244" /><testcase classname="backend.tests.test_phase40_safety_score.TestJourneyScoreAPI" name="test_journey_invalid_session_404" time="1.574" /><testcase classname="backend.tests.test_phase40_safety_score.TestScoreCategoriesCorrect" name="test_all_categories_accounted" time="2.249" /><testcase classname="backend.tests.test_phase40_safety_score.TestAuthenticationRequired" name="test_location_score_requires_auth" time="0.222" /><testcase classname="backend.tests.test_phase40_safety_score.TestAuthenticationRequired" name="test_route_score_requires_auth" time="0.100" /><testcase classname="backend.tests.test_phase40_safety_score.TestAuthenticationRequired" name="test_journey_score_requires_auth" time="0.105" /><testcase classname="backend.tests.test_phase40_safety_score.TestGuardianCanAccessSafetyScore" name="test_guardian_location_score_access" time="4.042" /><testcase classname="backend.tests.test_phase40_safety_score.TestGuardianCanAccessSafetyScore" name="test_guardian_journey_score_access" time="2.892" /></testsuite></testsuites>