<?xml version="1.0" encoding="utf-8"?><testsuites name="pytest tests"><testsuite name="pytest" errors="0" failures="0" skipped="0" tests="20" time="47.481" timestamp="2026-03-06T07:11:37.736685+00:00" hostname="agent-env-fb66071b-6dac-462a-ac69-213a17d1f6d4"><testcase classname="tests.test_location_risk.TestLocationRiskAuth" name="test_location_risk_requires_auth" time="0.225" /><testcase classname="tests.test_location_risk.TestLocationRiskAuth" name="test_heatmap_requires_auth" time="0.054" /><testcase classname="tests.test_location_risk.TestLocationRiskAuth" name="test_geofence_alert_requires_auth" time="0.051" /><testcase classname="tests.test_location_risk.TestLocationRiskAuth" name="test_device_location_update_requires_auth" time="0.066" /><testcase classname="tests.test_location_risk.TestLocationRiskAuth" name="test_create_geofence_requires_auth" time="0.055" /><testcase classname="tests.test_location_risk.TestLocationRiskScoring" name="test_evaluate_location_risk_success" time="7.490" /><testcase classname="tests.test_location_risk.TestLocationRiskScoring" name="test_evaluate_location_risk_boundary_coords" time="1.931" /><testcase classname="tests.test_location_risk.TestLocationRiskScoring" name="test_evaluate_location_returns_location_name" time="1.922" /><testcase classname="tests.test_location_risk.TestLocationRiskHeatmap" name="test_heatmap_returns_all_required_fields" time="3.794" /><testcase classname="tests.test_location_risk.TestLocationRiskHeatmap" name="test_heatmap_risk_zones_structure" time="3.992" /><testcase classname="tests.test_location_risk.TestLocationRiskHeatmap" name="test_heatmap_devices_structure" time="2.552" /><testcase classname="tests.test_location_risk.TestLocationRiskHeatmap" name="test_heatmap_geofences_structure" time="2.535" /><testcase classname="tests.test_location_risk.TestGeofenceOperations" name="test_create_geofence_success" time="1.741" /><testcase classname="tests.test_location_risk.TestGeofenceOperations" name="test_check_geofence_breach_detection" time="3.416" /><testcase classname="tests.test_location_risk.TestGeofenceOperations" name="test_check_geofence_inside_safe_zone" time="2.762" /><testcase classname="tests.test_location_risk.TestDeviceLocation" name="test_update_device_location_success" time="4.189" /><testcase classname="tests.test_location_risk.TestDeviceLocation" name="test_update_device_location_triggers_breach_check" time="3.581" /><testcase classname="tests.test_location_risk.TestLocationRiskDataIntegrity" name="test_heatmap_center_is_valid_coordinate" time="2.539" /><testcase classname="tests.test_location_risk.TestLocationRiskDataIntegrity" name="test_risk_score_consistency" time="1.933" /><testcase classname="tests.test_location_risk.TestLocationRiskDataIntegrity" name="test_incidents_have_valid_severity" time="2.570" /></testsuite></testsuites>