<?xml version="1.0" encoding="utf-8"?><testsuites name="pytest tests"><testsuite name="pytest" errors="0" failures="0" skipped="0" tests="13" time="44.073" timestamp="2026-02-28T07:40:39.722404+00:00" hostname="agent-env-43983733-53bd-43db-9338-94aee98cf509"><testcase classname="backend.tests.test_test_alert_feature.TestAlertEndpoint" name="test_send_test_alert_sos_success" time="7.427" /><testcase classname="backend.tests.test_test_alert_feature.TestAlertEndpoint" name="test_send_test_alert_fall_detected" time="7.691" /><testcase classname="backend.tests.test_test_alert_feature.TestAlertEndpoint" name="test_send_test_alert_invalid_device" time="2.011" /><testcase classname="backend.tests.test_test_alert_feature.TestAlertEndpoint" name="test_send_test_alert_non_owned_senior" time="1.584" /><testcase classname="backend.tests.test_test_alert_feature.TestAlertEndpoint" name="test_send_test_alert_unknown_type" time="1.820" /><testcase classname="backend.tests.test_test_alert_feature.TestAlertEndpoint" name="test_send_test_alert_no_auth" time="0.060" /><testcase classname="backend.tests.test_test_alert_feature.TestOperatorStatsExcludeTestIncidents" name="test_operator_stats_shows_test_incidents_count" time="6.027" /><testcase classname="backend.tests.test_test_alert_feature.TestOperatorStatsExcludeTestIncidents" name="test_operator_false_alarm_metrics_excludes_test" time="2.016" /><testcase classname="backend.tests.test_test_alert_feature.TestOperatorStatsExcludeTestIncidents" name="test_operator_incidents_includes_is_test_field" time="1.834" /><testcase classname="backend.tests.test_test_alert_feature.TestTelemetryCreation" name="test_telemetry_created_after_test_alert" time="6.606" /><testcase classname="backend.tests.test_test_alert_feature.TestRegressionAuth" name="test_guardian_login_regression" time="1.581" /><testcase classname="backend.tests.test_test_alert_feature.TestRegressionAuth" name="test_operator_login_regression" time="2.463" /><testcase classname="backend.tests.test_test_alert_feature.TestRegressionAuth" name="test_operator_dashboard_access" time="2.902" /></testsuite></testsuites>