<?xml version="1.0" encoding="utf-8"?><testsuites name="pytest tests"><testsuite name="pytest" errors="0" failures="0" skipped="0" tests="31" time="86.274" timestamp="2026-03-06T12:20:48.308394+00:00" hostname="agent-env-4404ceb2-8e92-4771-8d94-33d6522d5a06"><testcase classname="backend.tests.test_predictive_risk_forecast.TestAllForecastsEndpoint" name="test_forecast_endpoint_requires_auth" time="0.215" /><testcase classname="backend.tests.test_predictive_risk_forecast.TestAllForecastsEndpoint" name="test_guardian_cannot_access_forecast" time="6.809" /><testcase classname="backend.tests.test_predictive_risk_forecast.TestAllForecastsEndpoint" name="test_forecast_endpoint_returns_200" time="4.186" /><testcase classname="backend.tests.test_predictive_risk_forecast.TestAllForecastsEndpoint" name="test_forecast_response_structure" time="2.196" /><testcase classname="backend.tests.test_predictive_risk_forecast.TestAllForecastsEndpoint" name="test_forecast_counts_structure" time="2.216" /><testcase classname="backend.tests.test_predictive_risk_forecast.TestAllForecastsEndpoint" name="test_priority_counts_structure" time="3.029" /><testcase classname="backend.tests.test_predictive_risk_forecast.TestAllForecastsEndpoint" name="test_forecasts_array_structure" time="2.175" /><testcase classname="backend.tests.test_predictive_risk_forecast.TestAllForecastsEndpoint" name="test_forecast_values_valid" time="2.182" /><testcase classname="backend.tests.test_predictive_risk_forecast.TestAllForecastsEndpoint" name="test_signals_structure" time="2.146" /><testcase classname="backend.tests.test_predictive_risk_forecast.TestAllForecastsEndpoint" name="test_recommendation_structure" time="2.187" /><testcase classname="backend.tests.test_predictive_risk_forecast.TestForecastStatsEndpoint" name="test_forecast_stats_requires_auth" time="0.095" /><testcase classname="backend.tests.test_predictive_risk_forecast.TestForecastStatsEndpoint" name="test_forecast_stats_returns_200" time="2.161" /><testcase classname="backend.tests.test_predictive_risk_forecast.TestForecastStatsEndpoint" name="test_forecast_stats_response_structure" time="2.187" /><testcase classname="backend.tests.test_predictive_risk_forecast.TestForecastStatsEndpoint" name="test_forecast_stats_is_lightweight" time="3.029" /><testcase classname="backend.tests.test_predictive_risk_forecast.TestForecastStatsEndpoint" name="test_forecast_stats_data_types" time="2.228" /><testcase classname="backend.tests.test_predictive_risk_forecast.TestSingleZoneForecast" name="test_zone_forecast_requires_auth" time="0.151" /><testcase classname="backend.tests.test_predictive_risk_forecast.TestSingleZoneForecast" name="test_zone_forecast_returns_200" time="4.375" /><testcase classname="backend.tests.test_predictive_risk_forecast.TestSingleZoneForecast" name="test_zone_forecast_response_structure" time="2.136" /><testcase classname="backend.tests.test_predictive_risk_forecast.TestSingleZoneForecast" name="test_zone_forecast_invalid_zone_returns_404" time="2.188" /><testcase classname="backend.tests.test_predictive_risk_forecast.TestExistingEndpointsRegression" name="test_stats_endpoint_still_works" time="3.627" /><testcase classname="backend.tests.test_predictive_risk_forecast.TestExistingEndpointsRegression" name="test_hotspots_endpoint_still_works" time="3.592" /><testcase classname="backend.tests.test_predictive_risk_forecast.TestExistingEndpointsRegression" name="test_recalculate_endpoint_still_works" time="6.628" /><testcase classname="backend.tests.test_predictive_risk_forecast.TestExistingEndpointsRegression" name="test_trends_endpoint_still_works" time="6.118" /><testcase classname="backend.tests.test_predictive_risk_forecast.TestExistingEndpointsRegression" name="test_trend_stats_endpoint_still_works" time="2.181" /><testcase classname="backend.tests.test_predictive_risk_forecast.TestExistingEndpointsRegression" name="test_zone_trend_endpoint_still_works" time="4.834" /><testcase classname="backend.tests.test_predictive_risk_forecast.TestForecastCategoryLogic" name="test_escalating_zones_are_high_risk" time="2.406" /><testcase classname="backend.tests.test_predictive_risk_forecast.TestForecastCategoryLogic" name="test_emerging_zones_classification" time="2.153" /><testcase classname="backend.tests.test_predictive_risk_forecast.TestForecastCategoryLogic" name="test_cooling_zones_classification" time="2.212" /><testcase classname="backend.tests.test_predictive_risk_forecast.TestForecastCategoryLogic" name="test_p1_predicted_48h_count_matches" time="2.204" /><testcase classname="backend.tests.test_predictive_risk_forecast.TestForecastPerformance" name="test_forecast_completes_within_timeout" time="2.170" /><testcase classname="backend.tests.test_predictive_risk_forecast.TestForecastPerformance" name="test_forecast_stats_is_faster" time="2.167" /></testsuite></testsuites>