<?xml version="1.0" encoding="utf-8"?><testsuites name="pytest tests"><testsuite name="pytest" errors="0" failures="0" skipped="0" tests="18" time="107.306" timestamp="2026-03-06T11:46:00.542163+00:00" hostname="agent-env-4404ceb2-8e92-4771-8d94-33d6522d5a06"><testcase classname="backend.tests.test_hotspot_trends.TestHotspotTrendsAuth" name="test_trends_requires_auth" time="0.236" /><testcase classname="backend.tests.test_hotspot_trends.TestHotspotTrendsAuth" name="test_trend_stats_requires_auth" time="0.107" /><testcase classname="backend.tests.test_hotspot_trends.TestHotspotTrendsAuth" name="test_zone_trend_requires_auth" time="0.110" /><testcase classname="backend.tests.test_hotspot_trends.TestHotspotTrendsEndpoints" name="test_trends_endpoint_returns_200" time="11.378" /><testcase classname="backend.tests.test_hotspot_trends.TestHotspotTrendsEndpoints" name="test_trends_response_structure" time="7.200" /><testcase classname="backend.tests.test_hotspot_trends.TestHotspotTrendsEndpoints" name="test_trends_status_counts_valid" time="7.849" /><testcase classname="backend.tests.test_hotspot_trends.TestHotspotTrendsEndpoints" name="test_trends_priority_counts_valid" time="11.113" /><testcase classname="backend.tests.test_hotspot_trends.TestHotspotTrendsEndpoints" name="test_trends_zone_structure" time="8.805" /><testcase classname="backend.tests.test_hotspot_trends.TestHotspotTrendsEndpoints" name="test_trends_window_structure" time="8.582" /><testcase classname="backend.tests.test_hotspot_trends.TestHotspotTrendsEndpoints" name="test_trend_stats_endpoint_returns_200" time="5.846" /><testcase classname="backend.tests.test_hotspot_trends.TestHotspotTrendsEndpoints" name="test_trend_stats_response_structure" time="3.739" /><testcase classname="backend.tests.test_hotspot_trends.TestHotspotTrendsEndpoints" name="test_trend_stats_data_types" time="3.921" /><testcase classname="backend.tests.test_hotspot_trends.TestSingleZoneTrend" name="test_zone_trend_with_valid_id" time="9.682" /><testcase classname="backend.tests.test_hotspot_trends.TestSingleZoneTrend" name="test_zone_trend_invalid_id_returns_404" time="3.294" /><testcase classname="backend.tests.test_hotspot_trends.TestExistingRiskLearningEndpoints" name="test_stats_endpoint_still_works" time="5.194" /><testcase classname="backend.tests.test_hotspot_trends.TestExistingRiskLearningEndpoints" name="test_hotspots_endpoint_still_works" time="5.123" /><testcase classname="backend.tests.test_hotspot_trends.TestExistingRiskLearningEndpoints" name="test_recalculate_endpoint_still_works" time="7.475" /><testcase classname="backend.tests.test_hotspot_trends.TestTrendMetadataPersistence" name="test_trends_computation_updates_metadata" time="7.570" /></testsuite></testsuites>