<?xml version="1.0" encoding="utf-8"?><testsuites name="pytest tests"><testsuite name="pytest" errors="0" failures="0" skipped="1" tests="10" time="40.420" timestamp="2026-03-05T08:31:27.766324+00:00" hostname="agent-env-f23a51d4-be27-48e7-8c8b-7cd3995cf7ac"><testcase classname="tests.test_fleet_health_trends.TestFleetHealthTrendsAPI" name="test_fleet_health_trends_returns_correct_structure" time="7.799" /><testcase classname="tests.test_fleet_health_trends.TestFleetHealthTrendsAPI" name="test_fleet_health_trends_summary_has_peak_metrics" time="3.753" /><testcase classname="tests.test_fleet_health_trends.TestFleetHealthTrendsAPI" name="test_fleet_health_trends_6h_window" time="3.500" /><testcase classname="tests.test_fleet_health_trends.TestFleetHealthTrendsAPI" name="test_fleet_health_trends_24h_window" time="4.611" /><testcase classname="tests.test_fleet_health_trends.TestFleetHealthTrendsAPI" name="test_fleet_health_trends_7d_window" time="3.483" /><testcase classname="tests.test_fleet_health_trends.TestFleetHealthTrendsAPI" name="test_fleet_health_trends_points_structure" time="3.553" /><testcase classname="tests.test_fleet_health_trends.TestFleetHealthTrendsAPI" name="test_fleet_health_trends_requires_auth" time="1.712" /><testcase classname="tests.test_fleet_health_trends.TestFleetHealthTrendsAPI" name="test_fleet_health_trends_requires_operator_role" time="4.231"><skipped type="pytest.skip" message="Guardian login not available for role test">/app/backend/tests/test_fleet_health_trends.py:154: Guardian login not available for role test</skipped></testcase><testcase classname="tests.test_fleet_health_trends.TestFleetHealthTrendsAPI" name="test_fleet_health_trends_limits_points" time="4.184" /><testcase classname="tests.test_fleet_health_trends.TestFleetHealthTrendsAPI" name="test_fleet_health_trends_bucket_calculation" time="3.528" /></testsuite></testsuites>