<?xml version="1.0" encoding="utf-8"?><testsuites name="pytest tests"><testsuite name="pytest" errors="0" failures="0" skipped="0" tests="18" time="58.296" timestamp="2026-03-06T13:38:42.279368+00:00" hostname="agent-env-58d355af-491e-4cf8-a1f9-4c8d0ec628e3"><testcase classname="backend.tests.test_city_heatmap.TestCityHeatmapEndpoint" name="test_city_heatmap_returns_200" time="8.824" /><testcase classname="backend.tests.test_city_heatmap.TestCityHeatmapEndpoint" name="test_city_heatmap_has_cells_array" time="2.236" /><testcase classname="backend.tests.test_city_heatmap.TestCityHeatmapEndpoint" name="test_city_heatmap_cell_structure" time="2.326" /><testcase classname="backend.tests.test_city_heatmap.TestCityHeatmapEndpoint" name="test_city_heatmap_has_stats" time="2.241" /><testcase classname="backend.tests.test_city_heatmap.TestCityHeatmapEndpoint" name="test_city_heatmap_has_bounds" time="4.097" /><testcase classname="backend.tests.test_city_heatmap.TestCityHeatmapEndpoint" name="test_city_heatmap_has_weights" time="2.892" /><testcase classname="backend.tests.test_city_heatmap.TestCityHeatmapEndpoint" name="test_composite_score_calculation" time="2.894" /><testcase classname="backend.tests.test_city_heatmap.TestCityHeatmapEndpoint" name="test_risk_level_classification" time="2.840" /><testcase classname="backend.tests.test_city_heatmap.TestCityHeatmapStatsEndpoint" name="test_heatmap_stats_returns_200" time="1.831" /><testcase classname="backend.tests.test_city_heatmap.TestCityHeatmapStatsEndpoint" name="test_heatmap_stats_structure" time="2.207" /><testcase classname="backend.tests.test_city_heatmap.TestCityHeatmapCellDetailEndpoint" name="test_cell_detail_valid_grid_id" time="6.744" /><testcase classname="backend.tests.test_city_heatmap.TestCityHeatmapCellDetailEndpoint" name="test_cell_detail_structure" time="6.500" /><testcase classname="backend.tests.test_city_heatmap.TestCityHeatmapCellDetailEndpoint" name="test_cell_detail_has_recommendations" time="6.520" /><testcase classname="backend.tests.test_city_heatmap.TestCityHeatmapCellDetailEndpoint" name="test_cell_detail_nonexistent_returns_404" time="2.871" /><testcase classname="backend.tests.test_city_heatmap.TestCityHeatmapAuthentication" name="test_city_heatmap_requires_auth" time="0.127" /><testcase classname="backend.tests.test_city_heatmap.TestCityHeatmapAuthentication" name="test_city_heatmap_stats_requires_auth" time="0.108" /><testcase classname="backend.tests.test_city_heatmap.TestCityHeatmapAuthentication" name="test_city_heatmap_cell_requires_auth" time="0.123" /><testcase classname="backend.tests.test_city_heatmap.TestCityHeatmapTopCell" name="test_top_cell_c008_003_exists" time="2.836" /></testsuite></testsuites>