<?xml version="1.0" encoding="utf-8"?><testsuites name="pytest tests"><testsuite name="pytest" errors="0" failures="0" skipped="1" tests="12" time="47.388" timestamp="2026-03-10T06:53:12.558291+00:00" hostname="agent-env-d60798b4-24fa-486c-9207-8bbcd2904a4b"><testcase classname="tests.test_system_status_notifications.TestPlatformStatus" name="test_platform_status_returns_200" time="4.581" /><testcase classname="tests.test_system_status_notifications.TestPlatformStatus" name="test_platform_status_contains_systems_array" time="0.102" /><testcase classname="tests.test_system_status_notifications.TestPlatformStatus" name="test_platform_status_module_names" time="0.115" /><testcase classname="tests.test_system_status_notifications.TestPlatformStatus" name="test_platform_status_module_structure" time="0.111" /><testcase classname="tests.test_system_status_notifications.TestPlatformStatus" name="test_platform_status_operational" time="0.136" /><testcase classname="tests.test_system_status_notifications.TestNotificationPreferences" name="test_get_notifications_unauthenticated_fails" time="6.765" /><testcase classname="tests.test_system_status_notifications.TestNotificationPreferences" name="test_get_notifications_authenticated" time="4.908" /><testcase classname="tests.test_system_status_notifications.TestNotificationPreferences" name="test_get_notifications_response_structure" time="5.250" /><testcase classname="tests.test_system_status_notifications.TestNotificationPreferences" name="test_put_notifications_update_single_pref" time="6.408" /><testcase classname="tests.test_system_status_notifications.TestNotificationPreferences" name="test_put_notifications_persists" time="11.292" /><testcase classname="tests.test_system_status_notifications.TestNotificationPreferences" name="test_put_notifications_multiple_prefs" time="7.518" /><testcase classname="tests.test_system_status_notifications.TestNotificationPreferences" name="test_put_notifications_unauthenticated_fails" time="0.112"><skipped type="pytest.skip" message="Could not authenticate - skipping notification tests">/app/backend/tests/test_system_status_notifications.py:226: Could not authenticate - skipping notification tests</skipped></testcase></testsuite></testsuites>