<?xml version="1.0" encoding="utf-8"?><testsuites name="pytest tests"><testsuite name="pytest" errors="0" failures="0" skipped="0" tests="29" time="54.522" timestamp="2026-03-04T12:30:23.445577+00:00" hostname="agent-env-c4dae819-4d69-4881-9dab-ccd5dbc9d6e7"><testcase classname="backend.tests.test_escalation_analytics.TestEscalationAnalyticsAccess" name="test_operator_can_access_analytics" time="7.263" /><testcase classname="backend.tests.test_escalation_analytics.TestEscalationAnalyticsAccess" name="test_guardian_blocked_403" time="3.118" /><testcase classname="backend.tests.test_escalation_analytics.TestEscalationAnalyticsAccess" name="test_unauthenticated_blocked" time="0.115" /><testcase classname="backend.tests.test_escalation_analytics.TestWindowParameter" name="test_default_window_1440" time="1.656" /><testcase classname="backend.tests.test_escalation_analytics.TestWindowParameter" name="test_window_15_minutes" time="1.655" /><testcase classname="backend.tests.test_escalation_analytics.TestWindowParameter" name="test_window_60_minutes" time="1.666" /><testcase classname="backend.tests.test_escalation_analytics.TestWindowParameter" name="test_window_10080_minutes" time="2.294" /><testcase classname="backend.tests.test_escalation_analytics.TestWindowParameter" name="test_window_below_min_rejected" time="1.446" /><testcase classname="backend.tests.test_escalation_analytics.TestWindowParameter" name="test_window_above_max_rejected" time="1.481" /><testcase classname="backend.tests.test_escalation_analytics.TestResponseShape" name="test_response_has_window_minutes" time="1.668" /><testcase classname="backend.tests.test_escalation_analytics.TestResponseShape" name="test_response_has_total_incidents" time="1.653" /><testcase classname="backend.tests.test_escalation_analytics.TestResponseShape" name="test_response_has_open_incidents" time="1.645" /><testcase classname="backend.tests.test_escalation_analytics.TestResponseShape" name="test_response_has_tier_counts" time="1.658" /><testcase classname="backend.tests.test_escalation_analytics.TestResponseShape" name="test_response_has_timings" time="1.651" /><testcase classname="backend.tests.test_escalation_analytics.TestResponseShape" name="test_response_has_device_instability" time="1.640" /><testcase classname="backend.tests.test_escalation_analytics.TestResponseShape" name="test_response_has_recovery_paths" time="1.667" /><testcase classname="backend.tests.test_escalation_analytics.TestResponseShape" name="test_response_has_top_devices" time="2.326" /><testcase classname="backend.tests.test_escalation_analytics.TestTierCounts" name="test_tier_counts_are_exclusive" time="1.679" /><testcase classname="backend.tests.test_escalation_analytics.TestTimings" name="test_timings_are_positive_or_null" time="1.643" /><testcase classname="backend.tests.test_escalation_analytics.TestTimings" name="test_ack_time_null_when_no_acked" time="1.676" /><testcase classname="backend.tests.test_escalation_analytics.TestDeviceInstabilityMetrics" name="test_repeat_rate_calculation" time="1.648" /><testcase classname="backend.tests.test_escalation_analytics.TestDeviceInstabilityMetrics" name="test_cooldown_blocks_count_exists" time="1.638" /><testcase classname="backend.tests.test_escalation_analytics.TestDeviceInstabilityMetrics" name="test_recovery_totals_make_sense" time="1.641" /><testcase classname="backend.tests.test_escalation_analytics.TestTopDevices" name="test_top_devices_has_correct_fields" time="1.652" /><testcase classname="backend.tests.test_escalation_analytics.TestTopDevices" name="test_top_devices_ordered_by_count_desc" time="1.642" /><testcase classname="backend.tests.test_escalation_analytics.TestTopDevices" name="test_top_devices_max_10" time="1.644" /><testcase classname="backend.tests.test_escalation_analytics.TestEmptyWindow" name="test_empty_window_returns_zeroed_structure" time="1.637" /><testcase classname="backend.tests.test_escalation_analytics.TestDataIntegrity" name="test_open_less_than_equal_total" time="1.674" /><testcase classname="backend.tests.test_escalation_analytics.TestDataIntegrity" name="test_instability_total_is_subset" time="1.639" /></testsuite></testsuites>