<?xml version="1.0" encoding="utf-8"?><testsuites name="pytest tests"><testsuite name="pytest" errors="0" failures="0" skipped="0" tests="16" time="105.171" timestamp="2026-03-09T04:25:18.654121+00:00" hostname="agent-env-511326ec-ae60-4c3f-8c79-f8ee7567ab6c"><testcase classname="tests.test_replay_analysis.TestReplayAnalysisAPI" name="test_replay_sessions_list_returns_200" time="9.058" /><testcase classname="tests.test_replay_analysis.TestReplayAnalysisAPI" name="test_replay_sessions_list_has_sessions_array" time="4.202" /><testcase classname="tests.test_replay_analysis.TestReplayAnalysisAPI" name="test_replay_session_item_has_required_fields" time="4.093" /><testcase classname="tests.test_replay_analysis.TestReplayAnalysisAPI" name="test_replay_detail_returns_200_for_valid_session" time="7.795" /><testcase classname="tests.test_replay_analysis.TestReplayAnalysisAPI" name="test_replay_detail_has_events_array" time="6.710" /><testcase classname="tests.test_replay_analysis.TestReplayAnalysisAPI" name="test_replay_detail_returns_404_for_invalid_session" time="4.836" /><testcase classname="tests.test_replay_analysis.TestReplayAnalysisAPI" name="test_analysis_endpoint_returns_200" time="7.250" /><testcase classname="tests.test_replay_analysis.TestReplayAnalysisAPI" name="test_analysis_has_risk_analysis_structure" time="7.549" /><testcase classname="tests.test_replay_analysis.TestReplayAnalysisAPI" name="test_analysis_has_response_times_structure" time="7.981" /><testcase classname="tests.test_replay_analysis.TestReplayAnalysisAPI" name="test_analysis_has_preventable_moments" time="7.713" /><testcase classname="tests.test_replay_analysis.TestReplayAnalysisAPI" name="test_analysis_has_recommendations" time="6.489" /><testcase classname="tests.test_replay_analysis.TestReplayAnalysisAPI" name="test_analysis_has_session_metadata" time="6.477" /><testcase classname="tests.test_replay_analysis.TestReplayAnalysisAPI" name="test_analysis_returns_404_for_invalid_session" time="4.135" /><testcase classname="tests.test_replay_analysis.TestReplayAnalysisAPI" name="test_analysis_peak_score_is_numeric" time="6.418" /><testcase classname="tests.test_replay_analysis.TestReplayAnalysisWithDifferentSessions" name="test_analysis_for_high_risk_session" time="7.685" /><testcase classname="tests.test_replay_analysis.TestReplayAnalysisWithDifferentSessions" name="test_analysis_for_safe_session" time="6.705" /></testsuite></testsuites>