<?xml version="1.0" encoding="utf-8"?><testsuites name="pytest tests"><testsuite name="pytest" errors="0" failures="0" skipped="0" tests="24" time="49.409" timestamp="2026-03-08T19:32:26.909304+00:00" hostname="agent-env-746bfc6f-a322-4c48-9c19-33acbc1a15a8"><testcase classname="backend.tests.test_journey_replay.TestHealthCheck" name="test_api_root" time="0.142" /><testcase classname="backend.tests.test_journey_replay.TestAuthentication" name="test_admin_login" time="3.401" /><testcase classname="backend.tests.test_journey_replay.TestAuthentication" name="test_operator_login" time="2.609" /><testcase classname="backend.tests.test_journey_replay.TestAuthentication" name="test_caregiver_login" time="2.815" /><testcase classname="backend.tests.test_journey_replay.TestReplaySessionsList" name="test_sessions_admin_access" time="4.757" /><testcase classname="backend.tests.test_journey_replay.TestReplaySessionsList" name="test_sessions_operator_access" time="4.565" /><testcase classname="backend.tests.test_journey_replay.TestReplaySessionsList" name="test_sessions_caregiver_blocked" time="4.134" /><testcase classname="backend.tests.test_journey_replay.TestReplaySessionsList" name="test_sessions_unauthenticated_blocked" time="0.064" /><testcase classname="backend.tests.test_journey_replay.TestReplaySessionsList" name="test_sessions_limit_parameter" time="1.803" /><testcase classname="backend.tests.test_journey_replay.TestReplaySessionsList" name="test_sessions_returns_30_by_default" time="2.033" /><testcase classname="backend.tests.test_journey_replay.TestReplaySessionDetail" name="test_session_detail_admin_access" time="4.507" /><testcase classname="backend.tests.test_journey_replay.TestReplaySessionDetail" name="test_session_detail_operator_access" time="2.671" /><testcase classname="backend.tests.test_journey_replay.TestReplaySessionDetail" name="test_session_detail_caregiver_blocked" time="1.397" /><testcase classname="backend.tests.test_journey_replay.TestReplaySessionDetail" name="test_session_detail_invalid_id_returns_404" time="1.817" /><testcase classname="backend.tests.test_journey_replay.TestReplaySessionDetail" name="test_session_detail_malformed_id_returns_error" time="1.374" /><testcase classname="backend.tests.test_journey_replay.TestReplaySessionDetail" name="test_session_detail_events_are_chronological" time="2.674" /><testcase classname="backend.tests.test_journey_replay.TestReplayEventTypes" name="test_session_start_event_exists" time="4.264" /><testcase classname="backend.tests.test_journey_replay.TestReplayEventTypes" name="test_movement_events_exist" time="0.000" /><testcase classname="backend.tests.test_journey_replay.TestReplayEventTypes" name="test_events_have_required_fields" time="0.000" /><testcase classname="backend.tests.test_journey_replay.TestReplayEventTypes" name="test_events_have_icon_and_color" time="0.000" /><testcase classname="backend.tests.test_journey_replay.TestReplayResponseFields" name="test_session_detail_has_duration" time="4.318" /><testcase classname="backend.tests.test_journey_replay.TestReplayResponseFields" name="test_session_detail_has_event_count" time="0.000" /><testcase classname="backend.tests.test_journey_replay.TestReplayResponseFields" name="test_session_detail_has_alert_count" time="0.000" /><testcase classname="backend.tests.test_journey_replay.TestReplayResponseFields" name="test_session_detail_has_total_distance" time="0.000" /></testsuite></testsuites>