<?xml version="1.0" encoding="utf-8"?><testsuites name="pytest tests"><testsuite name="pytest" errors="0" failures="0" skipped="0" tests="10" time="92.301" timestamp="2026-02-28T13:41:52.559026+00:00" hostname="agent-env-7aa20ecf-9720-4d01-b2e7-7e54935e5e43"><testcase classname="tests.test_risk_banner_simulation.TestTotalDevicesCount" name="test_low_battery_returns_total_devices_count" time="48.494" /><testcase classname="tests.test_risk_banner_simulation.TestTotalDevicesCount" name="test_signal_degradation_returns_total_devices_count" time="4.199" /><testcase classname="tests.test_risk_banner_simulation.TestTotalDevicesCount" name="test_reboot_anomaly_returns_total_devices_count" time="3.733" /><testcase classname="tests.test_risk_banner_simulation.TestTotalDevicesCount" name="test_disabled_rule_still_returns_total_devices_count" time="3.558" /><testcase classname="tests.test_risk_banner_simulation.TestTotalDevicesCount" name="test_total_devices_count_is_consistent_across_rules" time="7.675" /><testcase classname="tests.test_risk_banner_simulation.TestSimulateValidation" name="test_simulate_rejects_guardian_role_403" time="3.090" /><testcase classname="tests.test_risk_banner_simulation.TestSimulateValidation" name="test_simulate_rejects_unknown_rule_404" time="3.124" /><testcase classname="tests.test_risk_banner_simulation.TestSimulateValidation" name="test_simulate_validates_threshold_json_keys" time="3.108" /><testcase classname="tests.test_risk_banner_simulation.TestExistingFeatures" name="test_toggle_rule_still_works" time="11.501" /><testcase classname="tests.test_risk_banner_simulation.TestExistingFeatures" name="test_audit_log_still_works" time="3.756" /></testsuite></testsuites>