<?xml version="1.0" encoding="utf-8"?><testsuites name="pytest tests"><testsuite name="pytest" errors="0" failures="0" skipped="0" tests="20" time="43.768" timestamp="2026-03-06T14:30:12.312239+00:00" hostname="agent-env-58d355af-491e-4cf8-a1f9-4c8d0ec628e3"><testcase classname="tests.test_route_heatmap_integration.TestRouteSafetyHeatmapIntegration" name="test_route_safety_returns_200" time="7.406" /><testcase classname="tests.test_route_heatmap_integration.TestRouteSafetyHeatmapIntegration" name="test_route_safety_heatmap_integrated_field" time="1.628" /><testcase classname="tests.test_route_heatmap_integration.TestRouteSafetyHeatmapIntegration" name="test_route_has_base_risk_score" time="1.625" /><testcase classname="tests.test_route_heatmap_integration.TestRouteSafetyHeatmapIntegration" name="test_route_has_heatmap_penalty" time="1.600" /><testcase classname="tests.test_route_heatmap_integration.TestRouteSafetyHeatmapIntegration" name="test_route_risk_score_calculation" time="1.593" /><testcase classname="tests.test_route_heatmap_integration.TestRouteSafetyHeatmapIntegration" name="test_route_has_heatmap_risk_zones" time="1.617" /><testcase classname="tests.test_route_heatmap_integration.TestRouteSafetyHeatmapIntegration" name="test_heatmap_risk_zone_structure" time="2.614" /><testcase classname="tests.test_route_heatmap_integration.TestRouteSafetyHeatmapIntegration" name="test_route_has_heatmap_warnings" time="2.015" /><testcase classname="tests.test_route_heatmap_integration.TestRouteSafetyHeatmapIntegration" name="test_heatmap_warnings_content" time="2.001" /><testcase classname="tests.test_route_heatmap_integration.TestRouteSafetyHeatmapIntegration" name="test_route_has_heatmap_summary" time="2.018" /><testcase classname="tests.test_route_heatmap_integration.TestRouteSafetyHeatmapIntegration" name="test_route_safety_requires_auth" time="0.102" /><testcase classname="tests.test_route_heatmap_integration.TestCityHeatmapStats" name="test_heatmap_stats_returns_200" time="2.651" /><testcase classname="tests.test_route_heatmap_integration.TestCityHeatmapStats" name="test_heatmap_stats_has_total_zones" time="2.655" /><testcase classname="tests.test_route_heatmap_integration.TestCityHeatmapStats" name="test_heatmap_stats_has_critical_zones" time="2.173" /><testcase classname="tests.test_route_heatmap_integration.TestCityHeatmapStats" name="test_heatmap_stats_has_high_risk_zones" time="2.228" /><testcase classname="tests.test_route_heatmap_integration.TestCityHeatmapStats" name="test_heatmap_stats_has_recent_incidents" time="2.849" /><testcase classname="tests.test_route_heatmap_integration.TestCityHeatmapStats" name="test_heatmap_stats_requires_auth" time="0.122" /><testcase classname="tests.test_route_heatmap_integration.TestHeatmapPenaltyCalculation" name="test_heatmap_penalty_capped_at_3" time="2.572" /><testcase classname="tests.test_route_heatmap_integration.TestHeatmapPenaltyCalculation" name="test_penalty_matches_crossings" time="2.001" /><testcase classname="tests.test_route_heatmap_integration.TestCommandCenterHeatmapWidget" name="test_command_center_can_use_heatmap_stats" time="2.209" /></testsuite></testsuites>