<?xml version="1.0" encoding="utf-8"?><testsuites name="pytest tests"><testsuite name="pytest" errors="0" failures="0" skipped="0" tests="22" time="48.302" timestamp="2026-03-04T11:28:15.526042+00:00" hostname="agent-env-c4dae819-4d69-4881-9dab-ccd5dbc9d6e7"><testcase classname="tests.test_instability_escalation.TestEvaluateInstabilityEndpoint" name="test_evaluate_instability_operator_access" time="8.650" /><testcase classname="tests.test_instability_escalation.TestEvaluateInstabilityEndpoint" name="test_evaluate_instability_guardian_blocked" time="3.124" /><testcase classname="tests.test_instability_escalation.TestEvaluateInstabilityEndpoint" name="test_evaluate_instability_unauthenticated_blocked" time="0.124" /><testcase classname="tests.test_instability_escalation.TestCombinedAnomalyConfig" name="test_health_rules_contains_new_fields" time="1.853" /><testcase classname="tests.test_instability_escalation.TestCombinedAnomalyConfig" name="test_can_update_persistence_minutes" time="9.789" /><testcase classname="tests.test_instability_escalation.TestCombinedAnomalyConfig" name="test_can_update_escalation_tiers" time="5.701" /><testcase classname="tests.test_instability_escalation.TestCombinedAnomalyConfig" name="test_can_update_instability_cooldown_minutes" time="8.640" /><testcase classname="tests.test_instability_escalation.TestL1OnlyIncidentTypes" name="test_device_instability_in_l1_only" time="0.341" /><testcase classname="tests.test_instability_escalation.TestScoreToTierMapping" name="test_tier_mapping_l1" time="0.001" /><testcase classname="tests.test_instability_escalation.TestScoreToTierMapping" name="test_tier_mapping_l2" time="0.000" /><testcase classname="tests.test_instability_escalation.TestScoreToTierMapping" name="test_tier_mapping_l3" time="0.000" /><testcase classname="tests.test_instability_escalation.TestScoreToTierMapping" name="test_tier_mapping_below_threshold" time="0.000" /><testcase classname="tests.test_instability_escalation.TestTierSeverityMapping" name="test_tier_severity_map" time="0.000" /><testcase classname="tests.test_instability_escalation.TestDeviceInstabilityMetadata" name="test_existing_instability_incident_metadata" time="2.088" /><testcase classname="tests.test_instability_escalation.TestSimulationIsolation" name="test_simulated_anomalies_isolated" time="2.502" /><testcase classname="tests.test_instability_escalation.TestSimulationIsolation" name="test_only_production_anomalies_considered_for_escalation" time="0.003" /><testcase classname="tests.test_instability_escalation.TestGuardrails" name="test_duplicate_prevention_check_exists" time="0.001" /><testcase classname="tests.test_instability_escalation.TestGuardrails" name="test_cooldown_check_exists" time="0.001" /><testcase classname="tests.test_instability_escalation.TestGuardrails" name="test_persistence_check_exists" time="0.001" /><testcase classname="tests.test_instability_escalation.TestHealthRulesEndpoint" name="test_combined_anomaly_all_required_fields" time="1.634" /><testcase classname="tests.test_instability_escalation.TestSchemaValidation" name="test_combined_anomaly_schema_includes_new_keys" time="0.003" /><testcase classname="tests.test_instability_escalation.TestSchemaValidation" name="test_invalid_key_rejected" time="3.747" /></testsuite></testsuites>