<?xml version="1.0" encoding="utf-8"?><testsuites name="pytest tests"><testsuite name="pytest" errors="0" failures="0" skipped="0" tests="13" time="59.575" timestamp="2026-03-09T05:05:33.182638+00:00" hostname="agent-env-511326ec-ae60-4c3f-8c79-f8ee7567ab6c"><testcase classname="backend.tests.test_threat_assessment.TestThreatAssessmentAuth" name="test_threat_assessment_returns_200" time="10.764" /><testcase classname="backend.tests.test_threat_assessment.TestThreatAssessmentAuth" name="test_threat_assessment_has_threat_level" time="4.763" /><testcase classname="backend.tests.test_threat_assessment.TestThreatAssessmentAuth" name="test_threat_assessment_has_summary" time="4.136" /><testcase classname="backend.tests.test_threat_assessment.TestThreatAssessmentAuth" name="test_threat_assessment_has_zones_escalating" time="4.279" /><testcase classname="backend.tests.test_threat_assessment.TestThreatAssessmentAuth" name="test_threat_assessment_has_users_anomaly" time="3.770" /><testcase classname="backend.tests.test_threat_assessment.TestThreatAssessmentAuth" name="test_threat_assessment_has_top_zone" time="4.036" /><testcase classname="backend.tests.test_threat_assessment.TestThreatAssessmentAuth" name="test_threat_assessment_has_recent_incidents" time="4.300" /><testcase classname="backend.tests.test_threat_assessment.TestThreatAssessmentAuth" name="test_threat_assessment_has_recommended_action" time="4.048" /><testcase classname="backend.tests.test_threat_assessment.TestThreatAssessmentAuth" name="test_threat_assessment_has_generated_at" time="3.799" /><testcase classname="backend.tests.test_threat_assessment.TestThreatAssessmentCaching" name="test_threat_assessment_caches_results" time="7.640" /><testcase classname="backend.tests.test_threat_assessment.TestThreatAssessmentStructure" name="test_threat_assessment_complete_structure" time="4.067" /><testcase classname="backend.tests.test_threat_assessment.TestThreatAssessmentRecommendedAction" name="test_recommended_action_matches_threat_level" time="3.773" /><testcase classname="backend.tests.test_threat_assessment.TestThreatAssessmentUnauthorized" name="test_threat_assessment_requires_auth" time="0.125" /></testsuite></testsuites>