<?xml version="1.0" encoding="utf-8"?><testsuites name="pytest tests"><testsuite name="pytest" errors="0" failures="1" skipped="0" tests="10" time="88.219" timestamp="2026-03-08T19:50:51.726817+00:00" hostname="agent-env-746bfc6f-a322-4c48-9c19-33acbc1a15a8"><testcase classname="tests.test_city_heatmap_live.TestCityHeatmapLive" name="test_heatmap_live_admin_access" time="19.825" /><testcase classname="tests.test_city_heatmap_live.TestCityHeatmapLive" name="test_heatmap_live_operator_access" time="11.578" /><testcase classname="tests.test_city_heatmap_live.TestCityHeatmapLive" name="test_heatmap_live_caregiver_blocked" time="10.184" /><testcase classname="tests.test_city_heatmap_live.TestCityHeatmapLive" name="test_heatmap_live_unauthenticated_blocked" time="8.063" /><testcase classname="tests.test_city_heatmap_live.TestCityHeatmapLive" name="test_heatmap_live_cell_fields" time="9.862"><failure message="AssertionError: Invalid risk_level: high&#10;assert 'high' in ['SAFE', 'MODERATE', 'HIGH', 'CRITICAL']">tests/test_city_heatmap_live.py:119: in test_heatmap_live_cell_fields
    assert cell["risk_level"] in ["SAFE", "MODERATE", "HIGH", "CRITICAL"], \
E   AssertionError: Invalid risk_level: high
E   assert 'high' in ['SAFE', 'MODERATE', 'HIGH', 'CRITICAL']</failure></testcase><testcase classname="tests.test_city_heatmap_live.TestCityHeatmapStats" name="test_heatmap_stats_admin_access" time="7.167" /><testcase classname="tests.test_city_heatmap_live.TestCityHeatmapStats" name="test_heatmap_stats_returns_zone_counts" time="6.475" /><testcase classname="tests.test_city_heatmap_live.TestCityHeatmapStats" name="test_heatmap_stats_caregiver_blocked" time="6.717" /><testcase classname="tests.test_city_heatmap_live.TestHeatmapRiskLevels" name="test_risk_level_values" time="3.945" /><testcase classname="tests.test_city_heatmap_live.TestHeatmapRiskLevels" name="test_coordinate_range" time="4.318" /></testsuite></testsuites>