<?xml version="1.0" encoding="utf-8"?><testsuites name="pytest tests"><testsuite name="pytest" errors="0" failures="0" skipped="0" tests="22" time="68.650" timestamp="2026-03-07T08:20:15.329553+00:00" hostname="agent-env-9aaf2de0-f05c-477d-8ca6-ff923638edbd"><testcase classname="backend.tests.test_guardian_family_dashboard.TestGuardianDashboardAuth" name="test_loved_ones_requires_auth" time="0.217" /><testcase classname="backend.tests.test_guardian_family_dashboard.TestGuardianDashboardAuth" name="test_sessions_requires_auth" time="0.133" /><testcase classname="backend.tests.test_guardian_family_dashboard.TestGuardianDashboardAuth" name="test_alerts_requires_auth" time="0.106" /><testcase classname="backend.tests.test_guardian_family_dashboard.TestGuardianDashboardAuth" name="test_history_requires_auth" time="0.100" /><testcase classname="backend.tests.test_guardian_family_dashboard.TestGuardianDashboardAuth" name="test_request_check_requires_auth" time="0.106" /><testcase classname="backend.tests.test_guardian_family_dashboard.TestGuardianLovedOnes" name="test_get_loved_ones_success" time="9.247" /><testcase classname="backend.tests.test_guardian_family_dashboard.TestGuardianLovedOnes" name="test_loved_ones_contains_operator" time="2.737" /><testcase classname="backend.tests.test_guardian_family_dashboard.TestGuardianLovedOnes" name="test_loved_ones_active_session_details" time="2.732" /><testcase classname="backend.tests.test_guardian_family_dashboard.TestGuardianSessions" name="test_get_sessions_success" time="4.189" /><testcase classname="backend.tests.test_guardian_family_dashboard.TestGuardianSessions" name="test_sessions_contain_required_fields" time="3.404" /><testcase classname="backend.tests.test_guardian_family_dashboard.TestGuardianAlerts" name="test_get_alerts_success" time="3.098" /><testcase classname="backend.tests.test_guardian_family_dashboard.TestGuardianAlerts" name="test_alerts_with_limit" time="2.967" /><testcase classname="backend.tests.test_guardian_family_dashboard.TestGuardianAlerts" name="test_alerts_contain_required_fields" time="2.506" /><testcase classname="backend.tests.test_guardian_family_dashboard.TestGuardianHistory" name="test_get_history_success" time="6.631" /><testcase classname="backend.tests.test_guardian_family_dashboard.TestGuardianHistory" name="test_history_with_limit" time="4.230" /><testcase classname="backend.tests.test_guardian_family_dashboard.TestGuardianHistory" name="test_history_contains_required_fields" time="5.677" /><testcase classname="backend.tests.test_guardian_family_dashboard.TestRequestSafetyCheck" name="test_request_check_invalid_session" time="2.024" /><testcase classname="backend.tests.test_guardian_family_dashboard.TestRequestSafetyCheck" name="test_request_check_valid_session" time="6.461" /><testcase classname="backend.tests.test_guardian_family_dashboard.TestGuardianSecurity" name="test_guardian_only_sees_linked_users" time="3.313" /><testcase classname="backend.tests.test_guardian_family_dashboard.TestGuardianSecurity" name="test_guardian_cannot_access_unlinked_session" time="1.799" /><testcase classname="backend.tests.test_guardian_family_dashboard.TestGuardianDataIntegrity" name="test_loved_ones_count_matches_data" time="3.122" /><testcase classname="backend.tests.test_guardian_family_dashboard.TestGuardianDataIntegrity" name="test_active_journeys_count_matches_sessions" time="3.762" /></testsuite></testsuites>