<?xml version="1.0" encoding="utf-8"?><testsuites name="pytest tests"><testsuite name="pytest" errors="0" failures="0" skipped="0" tests="14" time="36.475" timestamp="2026-03-09T15:20:17.572875+00:00" hostname="agent-env-d60798b4-24fa-486c-9207-8bbcd2904a4b"><testcase classname="tests.test_rate_limiting_security.TestSecurityHeaders" name="test_security_headers_on_root" time="0.304" /><testcase classname="tests.test_rate_limiting_security.TestSecurityHeaders" name="test_security_headers_on_platform_status" time="0.158" /><testcase classname="tests.test_rate_limiting_security.TestSecurityHeaders" name="test_security_headers_on_auth_endpoint" time="5.867" /><testcase classname="tests.test_rate_limiting_security.TestSecurityHeaders" name="test_security_headers_on_events" time="0.149" /><testcase classname="tests.test_rate_limiting_security.TestSecurityHeaders" name="test_security_headers_on_metrics" time="0.128" /><testcase classname="tests.test_rate_limiting_security.TestSecurityHeaders" name="test_strict_transport_security_value" time="0.121" /><testcase classname="tests.test_rate_limiting_security.TestRateLimitingAuth" name="test_login_returns_429_after_limit" time="18.361" /><testcase classname="tests.test_rate_limiting_security.TestRateLimitingAuth" name="test_login_401_first_request" time="4.428" /><testcase classname="tests.test_rate_limiting_security.TestRateLimitingTelemetry" name="test_platform_status_high_limit" time="1.260" /><testcase classname="tests.test_rate_limiting_security.TestRateLimitingTelemetry" name="test_events_endpoint_accessible" time="0.127" /><testcase classname="tests.test_rate_limiting_security.TestRateLimitingTelemetry" name="test_metrics_endpoint_accessible" time="0.119" /><testcase classname="tests.test_rate_limiting_security.TestRateLimitingPilot" name="test_pilot_signup_rate_limit" time="2.681" /><testcase classname="tests.test_rate_limiting_security.TestRateLimitResponseFormat" name="test_429_response_format" time="2.577" /><testcase classname="tests.test_rate_limiting_security.TestExistingAPIsFunctionality" name="test_platform_status_returns_operational" time="0.122" /></testsuite></testsuites>