<?xml version="1.0" encoding="utf-8"?><testsuites name="pytest tests"><testsuite name="pytest" errors="0" failures="0" skipped="0" tests="26" time="70.199" timestamp="2026-03-08T06:20:15.321652+00:00" hostname="agent-env-485dd9ee-b7d6-4748-ae08-4e4450d60892"><testcase classname="backend.tests.test_sos_silent_mode.TestSOSConfigEndpoints" name="test_get_config_without_auth_returns_401" time="5.075" /><testcase classname="backend.tests.test_sos_silent_mode.TestSOSConfigEndpoints" name="test_get_config_returns_defaults" time="2.297" /><testcase classname="backend.tests.test_sos_silent_mode.TestSOSConfigEndpoints" name="test_get_config_has_default_keywords" time="1.671" /><testcase classname="backend.tests.test_sos_silent_mode.TestSOSConfigEndpoints" name="test_put_config_without_auth_returns_401" time="0.105" /><testcase classname="backend.tests.test_sos_silent_mode.TestSOSConfigEndpoints" name="test_put_config_updates_enabled" time="5.561" /><testcase classname="backend.tests.test_sos_silent_mode.TestSOSConfigEndpoints" name="test_put_config_updates_chain_notification" time="2.055" /><testcase classname="backend.tests.test_sos_silent_mode.TestSOSConfigEndpoints" name="test_put_config_updates_chain_call" time="2.773" /><testcase classname="backend.tests.test_sos_silent_mode.TestSOSConfigEndpoints" name="test_put_config_updates_silent_mode" time="2.714" /><testcase classname="backend.tests.test_sos_silent_mode.TestSOSConfigEndpoints" name="test_put_config_updates_voice_keywords" time="2.118" /><testcase classname="backend.tests.test_sos_silent_mode.TestSOSConfigEndpoints" name="test_put_config_updates_auto_share_location" time="4.118" /><testcase classname="backend.tests.test_sos_silent_mode.TestSOSConfigEndpoints" name="test_put_config_validates_delay_max" time="1.433" /><testcase classname="backend.tests.test_sos_silent_mode.TestSOSTriggerEndpoint" name="test_trigger_without_auth_returns_401" time="0.115" /><testcase classname="backend.tests.test_sos_silent_mode.TestSOSTriggerEndpoint" name="test_trigger_creates_active_sos" time="2.632" /><testcase classname="backend.tests.test_sos_silent_mode.TestSOSTriggerEndpoint" name="test_trigger_returns_chain_info" time="2.501" /><testcase classname="backend.tests.test_sos_silent_mode.TestSOSTriggerEndpoint" name="test_trigger_returns_trusted_contacts_alerted" time="2.621" /><testcase classname="backend.tests.test_sos_silent_mode.TestSOSCancelEndpoint" name="test_cancel_without_auth_returns_401" time="0.102" /><testcase classname="backend.tests.test_sos_silent_mode.TestSOSCancelEndpoint" name="test_cancel_nonexistent_returns_404" time="2.068" /><testcase classname="backend.tests.test_sos_silent_mode.TestSOSCancelEndpoint" name="test_trigger_and_cancel_flow" time="5.713" /><testcase classname="backend.tests.test_sos_silent_mode.TestSOSCancelEndpoint" name="test_cancel_with_operator_resolved_by" time="5.082" /><testcase classname="backend.tests.test_sos_silent_mode.TestSOSHistoryEndpoint" name="test_history_without_auth_returns_401" time="0.097" /><testcase classname="backend.tests.test_sos_silent_mode.TestSOSHistoryEndpoint" name="test_history_returns_list_with_count" time="2.071" /><testcase classname="backend.tests.test_sos_silent_mode.TestSOSHistoryEndpoint" name="test_history_entry_structure" time="1.852" /><testcase classname="backend.tests.test_sos_silent_mode.TestSOSHistoryEndpoint" name="test_history_respects_limit" time="1.865" /><testcase classname="backend.tests.test_sos_silent_mode.TestSOSHistoryEndpoint" name="test_history_sorted_by_recent" time="1.850" /><testcase classname="backend.tests.test_sos_silent_mode.TestSOSFullIntegration" name="test_full_sos_flow_with_config" time="7.870" /><testcase classname="backend.tests.test_sos_silent_mode.TestSOSFullIntegration" name="test_config_auto_creates_on_first_access" time="3.720" /></testsuite></testsuites>