<?xml version="1.0" encoding="utf-8"?><testsuites name="pytest tests"><testsuite name="pytest" errors="0" failures="0" skipped="0" tests="13" time="57.532" timestamp="2026-03-09T10:06:21.876878+00:00" hostname="agent-env-1d72e4d5-4b30-422a-bedd-9f50f68e0239"><testcase classname="tests.test_firebase_push_notifications.TestDeviceRegistration" name="test_01_register_device_new_token" time="7.677" /><testcase classname="tests.test_firebase_push_notifications.TestDeviceRegistration" name="test_02_register_device_update_existing" time="8.275" /><testcase classname="tests.test_firebase_push_notifications.TestDeviceRegistration" name="test_03_register_device_requires_auth" time="0.141" /><testcase classname="tests.test_firebase_push_notifications.TestPushStatus" name="test_01_get_push_status" time="3.465" /><testcase classname="tests.test_firebase_push_notifications.TestPushStatus" name="test_02_push_status_requires_auth" time="0.131" /><testcase classname="tests.test_firebase_push_notifications.TestNotificationHistory" name="test_01_get_notifications" time="3.758" /><testcase classname="tests.test_firebase_push_notifications.TestNotificationHistory" name="test_02_get_notifications_requires_auth" time="0.117" /><testcase classname="tests.test_firebase_push_notifications.TestNotificationHistory" name="test_03_mark_notification_read" time="4.683" /><testcase classname="tests.test_firebase_push_notifications.TestSafetyEventsWithPush" name="test_01_sos_triggers_push_notifications" time="4.346" /><testcase classname="tests.test_firebase_push_notifications.TestSafetyEventsWithPush" name="test_02_start_session_sends_push" time="4.461" /><testcase classname="tests.test_firebase_push_notifications.TestSafetyEventsWithPush" name="test_03_end_session_sends_push" time="5.825" /><testcase classname="tests.test_firebase_push_notifications.TestNotificationServiceIntegration" name="test_01_verify_fcm_initialized" time="3.161" /><testcase classname="tests.test_firebase_push_notifications.TestNotificationServiceIntegration" name="test_02_sos_stores_notification_in_db" time="11.437" /></testsuite></testsuites>