<?xml version="1.0" encoding="utf-8"?><testsuites name="pytest tests"><testsuite name="pytest" errors="0" failures="0" skipped="0" tests="46" time="62.235" timestamp="2026-02-27T14:59:49.843332+00:00" hostname="agent-env-43983733-53bd-43db-9338-94aee98cf509"><testcase classname="tests.test_govt_hardening_features.TestPydanticSettingsConfig" name="test_settings_class_loads_correctly" time="0.059" /><testcase classname="tests.test_govt_hardening_features.TestPydanticSettingsConfig" name="test_settings_has_jwt_config" time="0.000" /><testcase classname="tests.test_govt_hardening_features.TestPydanticSettingsConfig" name="test_settings_has_database_config" time="0.000" /><testcase classname="tests.test_govt_hardening_features.TestPydanticSettingsConfig" name="test_settings_has_ses_config" time="0.000" /><testcase classname="tests.test_govt_hardening_features.TestPydanticSettingsConfig" name="test_settings_has_twilio_config" time="0.000" /><testcase classname="tests.test_govt_hardening_features.TestPydanticSettingsConfig" name="test_settings_has_firebase_config" time="0.000" /><testcase classname="tests.test_govt_hardening_features.TestPydanticSettingsConfig" name="test_settings_has_cors_config" time="0.000" /><testcase classname="tests.test_govt_hardening_features.TestPydanticSettingsConfig" name="test_settings_has_escalation_thresholds" time="0.000" /><testcase classname="tests.test_govt_hardening_features.TestPydanticSettingsConfig" name="test_settings_has_worker_config" time="0.000" /><testcase classname="tests.test_govt_hardening_features.TestPydanticSettingsConfig" name="test_security_uses_settings" time="0.027" /><testcase classname="tests.test_govt_hardening_features.TestPydanticSettingsConfig" name="test_db_session_uses_settings" time="0.174" /><testcase classname="tests.test_govt_hardening_features.TestNoScatteredOsEnviron" name="test_no_os_environ_in_app_core" time="0.004" /><testcase classname="tests.test_govt_hardening_features.TestNoScatteredOsEnviron" name="test_no_load_dotenv_in_app" time="0.004" /><testcase classname="tests.test_govt_hardening_features.TestNoScatteredOsEnviron" name="test_server_uses_settings" time="0.000" /><testcase classname="tests.test_govt_hardening_features.TestIdempotencyColumn" name="test_idempotency_key_column_exists" time="1.973" /><testcase classname="tests.test_govt_hardening_features.TestIdempotencyColumn" name="test_idempotency_key_unique_index_exists" time="2.015" /><testcase classname="tests.test_govt_hardening_features.TestIdempotencyColumn" name="test_notification_job_model_has_idempotency_key" time="0.000" /><testcase classname="tests.test_govt_hardening_features.TestIdempotencyBehavior" name="test_duplicate_idempotency_key_blocked" time="2.885" /><testcase classname="tests.test_govt_hardening_features.TestIdempotencyBehavior" name="test_idempotency_key_format" time="0.000" /><testcase classname="tests.test_govt_hardening_features.TestIdempotencyBehavior" name="test_different_escalation_levels_produce_different_keys" time="4.595" /><testcase classname="tests.test_govt_hardening_features.TestIdempotencyBehavior" name="test_escalation_scheduler_checks_existing_key" time="0.000" /><testcase classname="tests.test_govt_hardening_features.TestIdempotencyAPIVisibility" name="test_notification_jobs_endpoint_shows_idempotency_key" time="7.748" /><testcase classname="tests.test_govt_hardening_features.TestSSEChannelArchitecture" name="test_broadcaster_has_dual_channel_system" time="0.088" /><testcase classname="tests.test_govt_hardening_features.TestSSEChannelArchitecture" name="test_broadcaster_broadcast_methods" time="0.000" /><testcase classname="tests.test_govt_hardening_features.TestSSEChannelArchitecture" name="test_broadcast_methods_fan_out_to_both_channels" time="0.000" /><testcase classname="tests.test_govt_hardening_features.TestSSEStreamEndpoint" name="test_sse_stream_endpoint_exists" time="0.000" /><testcase classname="tests.test_govt_hardening_features.TestSSEStreamEndpoint" name="test_sse_unauthenticated_returns_401" time="0.135" /><testcase classname="tests.test_govt_hardening_features.TestSSEStreamEndpoint" name="test_sse_guardian_gets_user_channel" time="3.551" /><testcase classname="tests.test_govt_hardening_features.TestSSEStreamEndpoint" name="test_sse_operator_gets_role_channel" time="3.134" /><testcase classname="tests.test_govt_hardening_features.TestSSEStreamEndpoint" name="test_stream_endpoint_uses_role_check" time="0.000" /><testcase classname="tests.test_govt_hardening_features.TestSSEInvalidToken" name="test_sse_invalid_token_returns_401" time="0.110" /><testcase classname="tests.test_govt_hardening_features.TestSSEInvalidToken" name="test_sse_expired_token_returns_401" time="0.130" /><testcase classname="tests.test_govt_hardening_features.TestHealthEndpoints" name="test_api_root" time="0.122" /><testcase classname="tests.test_govt_hardening_features.TestHealthEndpoints" name="test_db_health_check" time="0.769" /><testcase classname="tests.test_govt_hardening_features.TestAuthEndpoints" name="test_guardian_login" time="1.688" /><testcase classname="tests.test_govt_hardening_features.TestAuthEndpoints" name="test_operator_login" time="1.664" /><testcase classname="tests.test_govt_hardening_features.TestDashboardEndpoints" name="test_dashboard_summary" time="5.110" /><testcase classname="tests.test_govt_hardening_features.TestOperatorEndpoints" name="test_operator_stats" time="5.737" /><testcase classname="tests.test_govt_hardening_features.TestOperatorEndpoints" name="test_notification_jobs_listing" time="3.621" /><testcase classname="tests.test_govt_hardening_features.TestOperatorRetryCancel" name="test_retry_nonexistent_job_returns_404" time="3.536" /><testcase classname="tests.test_govt_hardening_features.TestOperatorRetryCancel" name="test_cancel_nonexistent_job_returns_404" time="3.394" /><testcase classname="tests.test_govt_hardening_features.TestRBACAccess" name="test_guardian_cannot_access_operator_stats" time="3.120" /><testcase classname="tests.test_govt_hardening_features.TestRBACAccess" name="test_guardian_cannot_access_notification_jobs" time="3.097" /><testcase classname="tests.test_govt_hardening_features.TestRBACAccess" name="test_guardian_cannot_access_all_incidents" time="3.592" /><testcase classname="tests.test_govt_hardening_features.TestWorkerFunctionality" name="test_worker_backoff_calculation" time="0.016" /><testcase classname="tests.test_govt_hardening_features.TestWorkerFunctionality" name="test_worker_uses_settings" time="0.000" /></testsuite></testsuites>