<?xml version="1.0" encoding="utf-8"?><testsuites name="pytest tests"><testsuite name="pytest" errors="0" failures="0" skipped="0" tests="18" time="61.639" timestamp="2026-03-05T11:55:14.072863+00:00" hostname="agent-env-8e095985-c822-457d-9cc5-e8e015f8ac75"><testcase classname="backend.tests.test_predictive_engine.TestDevicePredictiveRisk" name="test_returns_200_for_valid_device" time="10.386" /><testcase classname="backend.tests.test_predictive_engine.TestDevicePredictiveRisk" name="test_response_has_live_predictions_array" time="2.274" /><testcase classname="backend.tests.test_predictive_engine.TestDevicePredictiveRisk" name="test_prediction_has_required_fields" time="4.125" /><testcase classname="backend.tests.test_predictive_engine.TestDevicePredictiveRisk" name="test_prediction_has_feature_vector" time="2.269" /><testcase classname="backend.tests.test_predictive_engine.TestDevicePredictiveRisk" name="test_prediction_has_trend_data" time="2.517" /><testcase classname="backend.tests.test_predictive_engine.TestDevicePredictiveRisk" name="test_meets_alert_threshold_flag_computed" time="2.279" /><testcase classname="backend.tests.test_predictive_engine.TestDevicePredictiveRisk" name="test_four_prediction_types_supported" time="2.289" /><testcase classname="backend.tests.test_predictive_engine.TestDevicePredictiveRisk" name="test_returns_404_for_nonexistent_device" time="1.669" /><testcase classname="backend.tests.test_predictive_engine.TestFleetPredictiveAlerts" name="test_returns_200" time="1.878" /><testcase classname="backend.tests.test_predictive_engine.TestFleetPredictiveAlerts" name="test_response_structure" time="1.833" /><testcase classname="backend.tests.test_predictive_engine.TestFleetPredictiveAlerts" name="test_alert_has_required_fields" time="2.413" /><testcase classname="backend.tests.test_predictive_engine.TestPredictiveEngineIntegration" name="test_dev001_has_predictions" time="5.068" /><testcase classname="backend.tests.test_predictive_engine.TestPredictiveEngineIntegration" name="test_alert_threshold_semantics" time="5.021" /><testcase classname="backend.tests.test_predictive_engine.TestPredictiveEngineIntegration" name="test_device_without_sufficient_data_returns_empty" time="8.333" /><testcase classname="backend.tests.test_predictive_engine.TestPredictionTypes" name="test_activity_decline_prediction_structure" time="2.273" /><testcase classname="backend.tests.test_predictive_engine.TestPredictionTypes" name="test_sleep_disruption_prediction_structure" time="2.282" /><testcase classname="backend.tests.test_predictive_engine.TestPredictionTypes" name="test_wandering_risk_prediction_structure" time="2.361" /><testcase classname="backend.tests.test_predictive_engine.TestPredictionTypes" name="test_health_decline_prediction_structure" time="2.290" /></testsuite></testsuites>