<?xml version="1.0" encoding="utf-8"?><testsuites name="pytest tests"><testsuite name="pytest" errors="0" failures="0" skipped="0" tests="10" time="10.120" timestamp="2026-03-06T09:49:50.638211+00:00" hostname="agent-env-8ad6c19a-fd60-4d76-b955-8c460de8f2b5"><testcase classname="backend.tests.test_incident_replay_risk_overlay.TestRiskOverlayStructure" name="test_frames_contain_risk_overlay" time="10.050" /><testcase classname="backend.tests.test_incident_replay_risk_overlay.TestRiskOverlayStructure" name="test_risk_overlay_has_required_fields" time="0.000" /><testcase classname="backend.tests.test_incident_replay_risk_overlay.TestRiskOverlayStructure" name="test_risk_overlay_values_are_numeric" time="0.000" /><testcase classname="backend.tests.test_incident_replay_risk_overlay.TestRiskOverlayStructure" name="test_risk_overlay_values_in_valid_range" time="0.000" /><testcase classname="backend.tests.test_incident_replay_risk_overlay.TestRiskOverlaySemantics" name="test_location_risk_default_zero_when_no_risk_zones" time="0.000" /><testcase classname="backend.tests.test_incident_replay_risk_overlay.TestRiskOverlaySemantics" name="test_environment_risk_time_based_fallback" time="0.000" /><testcase classname="backend.tests.test_incident_replay_risk_overlay.TestRiskOverlaySemantics" name="test_behavior_score_zero_when_no_anomalies" time="0.000" /><testcase classname="backend.tests.test_incident_replay_risk_overlay.TestRiskOverlaySemantics" name="test_risk_overlay_consistent_across_frames" time="0.000" /><testcase classname="backend.tests.test_incident_replay_risk_overlay.TestChartDataFormat" name="test_risk_overlay_chart_data_array" time="0.000" /><testcase classname="backend.tests.test_incident_replay_risk_overlay.TestMultiSignalOverlayIntegration" name="test_full_replay_response_structure" time="0.000" /></testsuite></testsuites>