<?xml version="1.0" encoding="utf-8"?><testsuites name="pytest tests"><testsuite name="pytest" errors="0" failures="0" skipped="0" tests="12" time="31.161" timestamp="2026-02-28T07:06:50.769065+00:00" hostname="agent-env-43983733-53bd-43db-9338-94aee98cf509"><testcase classname="backend.tests.test_guardian_registration.TestGuardianRegistration" name="test_register_with_valid_data_returns_201_and_jwt" time="7.064" /><testcase classname="backend.tests.test_guardian_registration.TestGuardianRegistration" name="test_register_without_phone_works" time="3.221" /><testcase classname="backend.tests.test_guardian_registration.TestGuardianRegistration" name="test_register_duplicate_email_returns_409" time="1.438" /><testcase classname="backend.tests.test_guardian_registration.TestGuardianRegistration" name="test_register_short_password_returns_422" time="0.108" /><testcase classname="backend.tests.test_guardian_registration.TestGuardianRegistration" name="test_register_missing_password_returns_422" time="0.108" /><testcase classname="backend.tests.test_guardian_registration.TestGuardianRegistration" name="test_register_missing_full_name_returns_422" time="0.120" /><testcase classname="backend.tests.test_guardian_registration.TestGuardianRegistration" name="test_register_missing_email_returns_422" time="0.099" /><testcase classname="backend.tests.test_guardian_registration.TestNewUserAccess" name="test_newly_registered_user_can_login" time="5.343" /><testcase classname="backend.tests.test_guardian_registration.TestNewUserAccess" name="test_newly_registered_user_can_access_dashboard" time="5.291" /><testcase classname="backend.tests.test_guardian_registration.TestNewUserAccess" name="test_newly_registered_user_cannot_access_operator_endpoints" time="4.909" /><testcase classname="backend.tests.test_guardian_registration.TestRegressionExistingLogin" name="test_existing_guardian_login_works" time="1.646" /><testcase classname="backend.tests.test_guardian_registration.TestRegressionExistingLogin" name="test_existing_operator_login_works" time="1.750" /></testsuite></testsuites>