<?xml version="1.0" encoding="utf-8"?><testsuites name="pytest tests"><testsuite name="pytest" errors="0" failures="0" skipped="0" tests="15" time="37.027" timestamp="2026-03-09T08:04:11.796095+00:00" hostname="agent-env-951d4aa3-36d3-42f0-b7da-d07b94916c3b"><testcase classname="backend.tests.test_guardian_invite_links.TestGuardianInviteLinks" name="test_create_invite" time="9.152" /><testcase classname="backend.tests.test_guardian_invite_links.TestGuardianInviteLinks" name="test_get_invite_public" time="3.396" /><testcase classname="backend.tests.test_guardian_invite_links.TestGuardianInviteLinks" name="test_list_invites" time="1.909" /><testcase classname="backend.tests.test_guardian_invite_links.TestGuardianInviteLinks" name="test_get_invite_invalid_token" time="1.423" /><testcase classname="backend.tests.test_guardian_invite_links.TestGuardianInviteLinks" name="test_revoke_invite" time="6.677" /><testcase classname="backend.tests.test_guardian_invite_links.TestGuardianInviteLinks" name="test_create_invite_without_auth" time="0.103" /><testcase classname="backend.tests.test_guardian_invite_links.TestGuardianInviteLinks" name="test_accept_invite_requires_auth" time="0.132" /><testcase classname="backend.tests.test_guardian_invite_links.TestGuardianInviteLinks" name="test_create_invite_relationship_types[parent]" time="1.641" /><testcase classname="backend.tests.test_guardian_invite_links.TestGuardianInviteLinks" name="test_create_invite_relationship_types[friend]" time="1.862" /><testcase classname="backend.tests.test_guardian_invite_links.TestGuardianInviteLinks" name="test_create_invite_relationship_types[sibling]" time="1.636" /><testcase classname="backend.tests.test_guardian_invite_links.TestGuardianInviteLinks" name="test_create_invite_relationship_types[spouse]" time="1.643" /><testcase classname="backend.tests.test_guardian_invite_links.TestGuardianInviteLinks" name="test_create_invite_relationship_types[campus_security]" time="2.390" /><testcase classname="backend.tests.test_guardian_invite_links.TestGuardianInviteLinks" name="test_create_invite_relationship_types[other]" time="1.681" /><testcase classname="backend.tests.test_guardian_invite_links.TestGuardianInviteLinks" name="test_existing_invite_token" time="1.410" /><testcase classname="backend.tests.test_guardian_invite_links.TestGuardianInviteLinks" name="test_self_invite_prevention" time="1.896" /></testsuite></testsuites>