<?xml version="1.0" encoding="utf-8"?><testsuites name="pytest tests"><testsuite name="pytest" errors="0" failures="0" skipped="0" tests="13" time="39.330" timestamp="2026-03-05T13:04:35.565863+00:00" hostname="agent-env-dd458644-72af-464d-a5a6-bd8cde7a3266"><testcase classname="backend.tests.test_risk_forecast.TestRiskForecastEndpoint" name="test_forecast_returns_200_for_valid_device" time="7.696" /><testcase classname="backend.tests.test_risk_forecast.TestRiskForecastEndpoint" name="test_forecast_contains_6_time_buckets" time="1.868" /><testcase classname="backend.tests.test_risk_forecast.TestRiskForecastEndpoint" name="test_bucket_structure" time="1.866" /><testcase classname="backend.tests.test_risk_forecast.TestRiskForecastEndpoint" name="test_summary_contains_required_fields" time="1.899" /><testcase classname="backend.tests.test_risk_forecast.TestRiskLevelClassification" name="test_risk_levels_are_valid" time="1.871" /><testcase classname="backend.tests.test_risk_forecast.TestRiskLevelClassification" name="test_risk_score_level_consistency" time="2.750" /><testcase classname="backend.tests.test_risk_forecast.TestForecastCaching" name="test_second_call_returns_cached" time="3.715" /><testcase classname="backend.tests.test_risk_forecast.TestDeviceNotFound" name="test_non_existent_device_returns_404" time="3.641" /><testcase classname="backend.tests.test_risk_forecast.TestRBAC" name="test_guardian_gets_403" time="3.334" /><testcase classname="backend.tests.test_risk_forecast.TestRBAC" name="test_unauthenticated_gets_401" time="0.109" /><testcase classname="backend.tests.test_risk_forecast.TestMultipleDevices" name="test_dev001_has_high_risk" time="1.860" /><testcase classname="backend.tests.test_risk_forecast.TestMultipleDevices" name="test_wband_forecast" time="6.088" /><testcase classname="backend.tests.test_risk_forecast.TestBucketTimeRanges" name="test_bucket_time_ranges" time="2.563" /></testsuite></testsuites>