<?xml version="1.0" encoding="utf-8"?><testsuites name="pytest tests"><testsuite name="pytest" errors="0" failures="0" skipped="0" tests="13" time="26.906" timestamp="2026-03-06T08:14:48.812337+00:00" hostname="agent-env-309b6a6f-8055-48d0-9731-a35f8f799532"><testcase classname="backend.tests.test_route_safety.TestRouteSafetyAuth" name="test_route_safety_requires_auth" time="0.217" /><testcase classname="backend.tests.test_route_safety.TestRouteSafetyAPI" name="test_route_safety_returns_routes" time="7.166" /><testcase classname="backend.tests.test_route_safety.TestRouteSafetyAPI" name="test_returns_exactly_3_routes" time="1.791" /><testcase classname="backend.tests.test_route_safety.TestRouteSafetyAPI" name="test_route_structure_fields" time="1.560" /><testcase classname="backend.tests.test_route_safety.TestRouteSafetyAPI" name="test_route_labels_include_safest_shortest_balanced" time="1.565" /><testcase classname="backend.tests.test_route_safety.TestRouteSafetyAPI" name="test_recommendation_points_to_safest" time="1.570" /><testcase classname="backend.tests.test_route_safety.TestRouteSafetyAPI" name="test_route_risk_scores_are_valid" time="1.597" /><testcase classname="backend.tests.test_route_safety.TestRouteSafetyAPI" name="test_geometry_is_coordinate_array" time="2.636" /><testcase classname="backend.tests.test_route_safety.TestRouteSafetyAPI" name="test_segments_array_with_risk_info" time="2.037" /><testcase classname="backend.tests.test_route_safety.TestRouteSafetyAPI" name="test_additional_route_fields" time="2.002" /><testcase classname="backend.tests.test_route_safety.TestRouteSafetyCoordinateValidation" name="test_invalid_start_lat" time="1.352" /><testcase classname="backend.tests.test_route_safety.TestRouteSafetyCoordinateValidation" name="test_invalid_end_lng" time="1.347" /><testcase classname="backend.tests.test_route_safety.TestRouteSafetyPerformance" name="test_response_time_reasonable" time="1.977" /></testsuite></testsuites>