<?xml version="1.0" encoding="utf-8"?><testsuites name="pytest tests"><testsuite name="pytest" errors="0" failures="0" skipped="0" tests="17" time="63.027" timestamp="2026-03-06T14:12:15.622801+00:00" hostname="agent-env-58d355af-491e-4cf8-a1f9-4c8d0ec628e3"><testcase classname="backend.tests.test_patrol_heatmap_integration.TestPatrolHeatmapIntegration" name="test_patrol_generate_without_heatmap_returns_200" time="8.662" /><testcase classname="backend.tests.test_patrol_heatmap_integration.TestPatrolHeatmapIntegration" name="test_patrol_without_heatmap_enhanced_false" time="2.241" /><testcase classname="backend.tests.test_patrol_heatmap_integration.TestPatrolHeatmapIntegration" name="test_patrol_without_heatmap_stats_null" time="2.232" /><testcase classname="backend.tests.test_patrol_heatmap_integration.TestPatrolHeatmapIntegration" name="test_patrol_without_heatmap_score_breakdown_defaults" time="2.206" /><testcase classname="backend.tests.test_patrol_heatmap_integration.TestPatrolHeatmapIntegration" name="test_patrol_generate_with_heatmap_returns_200" time="5.008" /><testcase classname="backend.tests.test_patrol_heatmap_integration.TestPatrolHeatmapIntegration" name="test_patrol_with_heatmap_enhanced_true" time="3.932" /><testcase classname="backend.tests.test_patrol_heatmap_integration.TestPatrolHeatmapIntegration" name="test_patrol_with_heatmap_stats_present" time="3.701" /><testcase classname="backend.tests.test_patrol_heatmap_integration.TestPatrolHeatmapIntegration" name="test_patrol_with_heatmap_zone_score_breakdown_has_values" time="3.114" /><testcase classname="backend.tests.test_patrol_heatmap_integration.TestPatrolHeatmapIntegration" name="test_patrol_with_heatmap_has_base_composite_score" time="4.823" /><testcase classname="backend.tests.test_patrol_heatmap_integration.TestPatrolHeatmapIntegration" name="test_patrol_with_heatmap_boost_critical_increases_score" time="4.682" /><testcase classname="backend.tests.test_patrol_heatmap_integration.TestPatrolHeatmapIntegration" name="test_patrol_with_heatmap_boost_safe_decreases_score" time="3.715" /><testcase classname="backend.tests.test_patrol_heatmap_integration.TestPatrolHeatmapIntegration" name="test_patrol_with_heatmap_cell_id_present" time="4.637" /><testcase classname="backend.tests.test_patrol_heatmap_integration.TestPatrolHeatmapIntegration" name="test_patrol_with_heatmap_zone_enhanced_flag" time="3.618" /><testcase classname="backend.tests.test_patrol_heatmap_integration.TestPatrolHeatmapIntegration" name="test_patrol_heatmap_affects_ordering" time="6.456" /><testcase classname="backend.tests.test_patrol_heatmap_integration.TestPatrolHeatmapIntegration" name="test_patrol_boost_multipliers_correct" time="3.636" /><testcase classname="backend.tests.test_patrol_heatmap_integration.TestPatrolHeatmapAuth" name="test_patrol_generate_requires_auth" time="0.165" /><testcase classname="backend.tests.test_patrol_heatmap_integration.TestPatrolHeatmapAuth" name="test_patrol_generate_with_heatmap_requires_auth" time="0.115" /></testsuite></testsuites>