<?xml version="1.0" encoding="utf-8"?><testsuites name="pytest tests"><testsuite name="pytest" errors="0" failures="0" skipped="0" tests="25" time="106.525" timestamp="2026-03-04T13:27:15.225853+00:00" hostname="agent-env-c4dae819-4d69-4881-9dab-ccd5dbc9d6e7"><testcase classname="backend.tests.test_multi_metric_comparison.TestMultiMetricComparisonAuth" name="test_operator_can_access_endpoint" time="7.911" /><testcase classname="backend.tests.test_multi_metric_comparison.TestMultiMetricComparisonAuth" name="test_guardian_blocked_with_403" time="3.165" /><testcase classname="backend.tests.test_multi_metric_comparison.TestMultiMetricComparisonAuth" name="test_unauthenticated_request_blocked" time="0.132" /><testcase classname="backend.tests.test_multi_metric_comparison.TestMultiMetricComparisonResponseShape" name="test_response_has_required_top_level_keys" time="3.582" /><testcase classname="backend.tests.test_multi_metric_comparison.TestMultiMetricComparisonResponseShape" name="test_summary_structure" time="4.049" /><testcase classname="backend.tests.test_multi_metric_comparison.TestMultiMetricComparisonResponseShape" name="test_delta_structure" time="3.661" /><testcase classname="backend.tests.test_multi_metric_comparison.TestMultiMetricComparisonResponseShape" name="test_device_changes_structure" time="3.578" /><testcase classname="backend.tests.test_multi_metric_comparison.TestMultiMetricComparisonDeltaCalculation" name="test_identical_configs_produce_zero_deltas" time="4.195" /><testcase classname="backend.tests.test_multi_metric_comparison.TestMultiMetricComparisonDeltaCalculation" name="test_anomalies_diff_formula" time="4.035" /><testcase classname="backend.tests.test_multi_metric_comparison.TestMultiMetricComparisonDeltaCalculation" name="test_very_high_threshold_produces_zero_anomalies" time="3.580" /><testcase classname="backend.tests.test_multi_metric_comparison.TestMultiMetricComparisonDeviceChanges" name="test_lower_threshold_in_config_b_flags_more_devices" time="3.578" /><testcase classname="backend.tests.test_multi_metric_comparison.TestMultiMetricComparisonDeviceChanges" name="test_higher_threshold_in_config_b_removes_devices" time="3.548" /><testcase classname="backend.tests.test_multi_metric_comparison.TestMultiMetricComparisonDeviceChanges" name="test_tier_shift_detection_with_different_tier_ranges" time="4.051" /><testcase classname="backend.tests.test_multi_metric_comparison.TestMultiMetricComparisonDeterminism" name="test_same_configs_produce_same_results" time="5.495" /><testcase classname="backend.tests.test_multi_metric_comparison.TestMultiMetricComparisonWeightEffects" name="test_different_weights_affect_scores" time="3.624" /><testcase classname="backend.tests.test_multi_metric_comparison.TestMultiMetricComparisonWeightEffects" name="test_correlation_bonus_effect" time="3.567" /><testcase classname="backend.tests.test_multi_metric_comparison.TestMultiMetricComparisonValidation" name="test_window_minutes_minimum_bound" time="3.185" /><testcase classname="backend.tests.test_multi_metric_comparison.TestMultiMetricComparisonValidation" name="test_window_minutes_maximum_bound" time="3.116" /><testcase classname="backend.tests.test_multi_metric_comparison.TestMultiMetricComparisonValidation" name="test_window_minutes_valid_bounds" time="5.525" /><testcase classname="backend.tests.test_multi_metric_comparison.TestMultiMetricComparisonValidation" name="test_missing_config_a_rejected" time="3.120" /><testcase classname="backend.tests.test_multi_metric_comparison.TestMultiMetricComparisonValidation" name="test_missing_config_b_rejected" time="3.129" /><testcase classname="backend.tests.test_multi_metric_comparison.TestMultiMetricComparisonValidation" name="test_invalid_weight_values" time="3.120" /><testcase classname="backend.tests.test_multi_metric_comparison.TestMultiMetricComparisonValidation" name="test_negative_weight_rejected" time="3.099" /><testcase classname="backend.tests.test_multi_metric_comparison.TestMultiMetricComparisonReadOnly" name="test_no_new_anomalies_created" time="8.730" /><testcase classname="backend.tests.test_multi_metric_comparison.TestMultiMetricComparisonReadOnly" name="test_no_new_incidents_created" time="11.652" /></testsuite></testsuites>