<?xml version="1.0" encoding="utf-8"?><testsuites name="pytest tests"><testsuite name="pytest" errors="0" failures="0" skipped="0" tests="29" time="49.309" timestamp="2026-03-04T11:58:14.433596+00:00" hostname="agent-env-c4dae819-4d69-4881-9dab-ccd5dbc9d6e7"><testcase classname="tests.test_instability_recovery.TestEvaluateRecoveryEndpoint" name="test_evaluate_recovery_operator_access" time="7.766" /><testcase classname="tests.test_instability_recovery.TestEvaluateRecoveryEndpoint" name="test_evaluate_recovery_guardian_blocked" time="2.971" /><testcase classname="tests.test_instability_recovery.TestEvaluateRecoveryEndpoint" name="test_evaluate_recovery_unauthenticated_blocked" time="0.121" /><testcase classname="tests.test_instability_recovery.TestRecoveryConfigFields" name="test_health_rules_contains_recovery_fields" time="1.785" /><testcase classname="tests.test_instability_recovery.TestRecoveryConfigFields" name="test_can_update_recovery_minutes" time="9.341" /><testcase classname="tests.test_instability_recovery.TestRecoveryConfigFields" name="test_can_update_recovery_buffer" time="9.290" /><testcase classname="tests.test_instability_recovery.TestRecoveryConfigFields" name="test_can_update_min_clear_cycles" time="8.969" /><testcase classname="tests.test_instability_recovery.TestRecoverySchemaValidation" name="test_schema_includes_recovery_fields" time="0.074" /><testcase classname="tests.test_instability_recovery.TestRecoveryFunctionImplementation" name="test_recovery_function_exists" time="0.269" /><testcase classname="tests.test_instability_recovery.TestRecoveryFunctionImplementation" name="test_recovery_function_simulation_isolation" time="0.003" /><testcase classname="tests.test_instability_recovery.TestRecoveryFunctionImplementation" name="test_recovery_function_uses_hysteresis" time="0.002" /><testcase classname="tests.test_instability_recovery.TestRecoveryFunctionImplementation" name="test_recovery_function_uses_min_clear_cycles" time="0.001" /><testcase classname="tests.test_instability_recovery.TestRecoveryFunctionImplementation" name="test_recovery_function_uses_recovery_minutes" time="0.001" /><testcase classname="tests.test_instability_recovery.TestRecoveryFunctionImplementation" name="test_recovery_function_logs_audit_event" time="0.001" /><testcase classname="tests.test_instability_recovery.TestRecoveryFunctionImplementation" name="test_recovery_function_broadcasts_sse" time="0.001" /><testcase classname="tests.test_instability_recovery.TestRecoveryCaseLogic" name="test_case_a_no_anomaly_recovery" time="0.001" /><testcase classname="tests.test_instability_recovery.TestRecoveryCaseLogic" name="test_case_b_low_score_recovery" time="0.001" /><testcase classname="tests.test_instability_recovery.TestSchedulerIntegration" name="test_recovery_in_scheduler_cycle" time="0.001" /><testcase classname="tests.test_instability_recovery.TestIncidentTypeIsolation" name="test_recovery_only_affects_device_instability" time="0.001" /><testcase classname="tests.test_instability_recovery.TestFlappingPrevention" name="test_hysteresis_prevents_flapping" time="0.001" /><testcase classname="tests.test_instability_recovery.TestFlappingPrevention" name="test_flapping_scenario_description" time="0.000" /><testcase classname="tests.test_instability_recovery.TestResolutionMetadata" name="test_resolution_reason_case_a" time="0.001" /><testcase classname="tests.test_instability_recovery.TestResolutionMetadata" name="test_resolution_reason_case_b" time="0.001" /><testcase classname="tests.test_instability_recovery.TestEscalationRegression" name="test_escalation_endpoint_still_works" time="2.630" /><testcase classname="tests.test_instability_recovery.TestEscalationRegression" name="test_tier_mapping_still_works" time="0.000" /><testcase classname="tests.test_instability_recovery.TestEscalationRegression" name="test_tier_severity_mapping_still_works" time="0.000" /><testcase classname="tests.test_instability_recovery.TestEscalationRegression" name="test_persistence_config_still_exists" time="1.567" /><testcase classname="tests.test_instability_recovery.TestCurrentStateVerification" name="test_get_open_device_instability_incidents" time="1.984" /><testcase classname="tests.test_instability_recovery.TestCurrentStateVerification" name="test_get_recent_multi_metric_anomalies" time="2.429" /></testsuite></testsuites>