<?xml version="1.0" encoding="utf-8"?><testsuites name="pytest tests"><testsuite name="pytest" errors="0" failures="0" skipped="0" tests="13" time="73.321" timestamp="2026-03-06T09:27:23.413339+00:00" hostname="agent-env-309b6a6f-8055-48d0-9731-a35f8f799532"><testcase classname="backend.tests.test_incident_replay.TestIncidentReplayEndpoint" name="test_replay_requires_authentication" time="4.441" /><testcase classname="backend.tests.test_incident_replay.TestIncidentReplayEndpoint" name="test_replay_returns_full_dataset" time="35.770" /><testcase classname="backend.tests.test_incident_replay.TestIncidentReplayEndpoint" name="test_replay_window_structure" time="4.660" /><testcase classname="backend.tests.test_incident_replay.TestIncidentReplayEndpoint" name="test_replay_frames_structure" time="4.675" /><testcase classname="backend.tests.test_incident_replay.TestIncidentReplayEndpoint" name="test_replay_events_structure" time="4.461" /><testcase classname="backend.tests.test_incident_replay.TestIncidentReplayEndpoint" name="test_replay_stats_structure" time="2.832" /><testcase classname="backend.tests.test_incident_replay.TestIncidentReplayEndpoint" name="test_replay_ai_narrative" time="2.940" /><testcase classname="backend.tests.test_incident_replay.TestIncidentReplayEndpoint" name="test_replay_invalid_incident_returns_404" time="2.343" /><testcase classname="backend.tests.test_incident_replay.TestIncidentTimelineEndpoint" name="test_timeline_requires_authentication" time="0.124" /><testcase classname="backend.tests.test_incident_replay.TestIncidentTimelineEndpoint" name="test_timeline_returns_concise_data" time="3.215" /><testcase classname="backend.tests.test_incident_replay.TestIncidentTimelineEndpoint" name="test_timeline_events_structure" time="3.029" /><testcase classname="backend.tests.test_incident_replay.TestIncidentTimelineEndpoint" name="test_timeline_invalid_incident_returns_404" time="1.834" /><testcase classname="backend.tests.test_incident_replay.TestReplayWindowByIncidentType" name="test_sos_alert_window" time="2.928" /></testsuite></testsuites>