<?xml version="1.0" encoding="utf-8"?><testsuites name="pytest tests"><testsuite name="pytest" errors="0" failures="0" skipped="0" tests="10" time="35.362" timestamp="2026-03-06T13:19:03.414044+00:00" hostname="agent-env-58d355af-491e-4cf8-a1f9-4c8d0ec628e3"><testcase classname="backend.tests.test_patrol_routing_map.TestPatrolRouteGeometry" name="test_route_geometry_exists_in_response" time="8.584" /><testcase classname="backend.tests.test_patrol_routing_map.TestPatrolRouteGeometry" name="test_route_geometry_structure" time="2.252" /><testcase classname="backend.tests.test_patrol_routing_map.TestPatrolRouteGeometry" name="test_waypoints_structure_and_count" time="2.181" /><testcase classname="backend.tests.test_patrol_routing_map.TestPatrolRouteGeometry" name="test_polyline_is_array_of_lat_lng_pairs" time="4.365" /><testcase classname="backend.tests.test_patrol_routing_map.TestPatrolRouteGeometry" name="test_segments_structure" time="2.850" /><testcase classname="backend.tests.test_patrol_routing_map.TestPatrolRouteWithNightShift" name="test_night_shift_route_geometry" time="3.217" /><testcase classname="backend.tests.test_patrol_routing_map.TestPatrolRouteZoneDetails" name="test_zone_has_all_popup_fields" time="2.843" /><testcase classname="backend.tests.test_patrol_routing_map.TestPatrolRouteSummary" name="test_summary_has_map_overlay_fields" time="2.856" /><testcase classname="backend.tests.test_patrol_routing_map.TestPatrolStartPosition" name="test_start_position_in_response" time="2.266" /><testcase classname="backend.tests.test_patrol_routing_map.TestPatrolPriorityBreakdown" name="test_priority_breakdown_in_response" time="3.863" /></testsuite></testsuites>