<?xml version="1.0" encoding="utf-8"?><testsuites name="pytest tests"><testsuite name="pytest" errors="0" failures="0" skipped="0" tests="24" time="112.419" timestamp="2026-03-08T15:10:14.461632+00:00" hostname="agent-env-ab5b0ec5-3e75-4eee-ad84-bf69c9a5b686"><testcase classname="backend.tests.test_admin_panel.TestAdminPanelRBAC" name="test_admin_system_health_allowed" time="12.559" /><testcase classname="backend.tests.test_admin_panel.TestAdminPanelRBAC" name="test_operator_system_health_denied" time="3.930" /><testcase classname="backend.tests.test_admin_panel.TestAdminPanelRBAC" name="test_operator_stats_denied" time="1.883" /><testcase classname="backend.tests.test_admin_panel.TestAdminPanelRBAC" name="test_operator_users_list_denied" time="1.443" /><testcase classname="backend.tests.test_admin_panel.TestAdminPanelRBAC" name="test_operator_facilities_list_denied" time="2.620" /><testcase classname="backend.tests.test_admin_panel.TestAdminPanelRBAC" name="test_unauthorized_no_token" time="0.131" /><testcase classname="backend.tests.test_admin_panel.TestSystemHealthEndpoint" name="test_system_health_returns_status" time="7.929" /><testcase classname="backend.tests.test_admin_panel.TestAdminStats" name="test_stats_returns_quick_stats" time="5.117" /><testcase classname="backend.tests.test_admin_panel.TestUserManagement" name="test_list_users" time="5.259" /><testcase classname="backend.tests.test_admin_panel.TestUserManagement" name="test_list_users_with_role_filter" time="2.751" /><testcase classname="backend.tests.test_admin_panel.TestUserManagement" name="test_list_users_with_search" time="2.755" /><testcase classname="backend.tests.test_admin_panel.TestUserManagement" name="test_get_user_detail" time="3.523" /><testcase classname="backend.tests.test_admin_panel.TestUserManagement" name="test_get_user_detail_not_found" time="1.640" /><testcase classname="backend.tests.test_admin_panel.TestFacilityManagement" name="test_list_facilities" time="5.062" /><testcase classname="backend.tests.test_admin_panel.TestFacilityManagement" name="test_create_facility" time="5.298" /><testcase classname="backend.tests.test_admin_panel.TestFacilityManagement" name="test_create_facility_duplicate_code" time="6.757" /><testcase classname="backend.tests.test_admin_panel.TestFacilityManagement" name="test_update_facility" time="2.310" /><testcase classname="backend.tests.test_admin_panel.TestFacilityManagement" name="test_update_facility_not_found" time="1.650" /><testcase classname="backend.tests.test_admin_panel.TestFacilityManagement" name="test_delete_facility" time="7.134" /><testcase classname="backend.tests.test_admin_panel.TestFacilityManagement" name="test_delete_facility_not_found" time="1.665" /><testcase classname="backend.tests.test_admin_panel.TestUserRoleAndFacilityUpdate" name="test_update_user_role" time="13.559" /><testcase classname="backend.tests.test_admin_panel.TestUserRoleAndFacilityUpdate" name="test_update_user_role_invalid" time="1.431" /><testcase classname="backend.tests.test_admin_panel.TestUserRoleAndFacilityUpdate" name="test_update_user_facility" time="6.912" /><testcase classname="backend.tests.test_admin_panel.TestUserRoleAndFacilityUpdate" name="test_update_user_facility_invalid" time="9.005" /></testsuite></testsuites>