<?xml version="1.0" encoding="utf-8"?><testsuites name="pytest tests"><testsuite name="pytest" errors="0" failures="0" skipped="0" tests="18" time="66.310" timestamp="2026-03-05T10:48:39.539345+00:00" hostname="agent-env-8e095985-c822-457d-9cc5-e8e015f8ac75"><testcase classname="tests.test_behavior_simulation.TestBehaviorSimulationValidation" name="test_requires_authentication" time="0.246" /><testcase classname="tests.test_behavior_simulation.TestBehaviorSimulationValidation" name="test_invalid_scenario_type_rejected" time="6.573" /><testcase classname="tests.test_behavior_simulation.TestBehaviorSimulationValidation" name="test_ramp_minutes_exceeds_duration_rejected" time="1.418" /><testcase classname="tests.test_behavior_simulation.TestBehaviorSimulationValidation" name="test_unknown_device_returns_404" time="1.824" /><testcase classname="tests.test_behavior_simulation.TestBehaviorSimulationValidation" name="test_empty_scenarios_rejected" time="1.430" /><testcase classname="tests.test_behavior_simulation.TestBehaviorSimulationSuccess" name="test_single_scenario_success" time="4.593" /><testcase classname="tests.test_behavior_simulation.TestBehaviorSimulationSuccess" name="test_response_contains_scenario_result_fields" time="5.174" /><testcase classname="tests.test_behavior_simulation.TestBehaviorSimulationSuccess" name="test_timeline_steps_structure" time="4.181" /><testcase classname="tests.test_behavior_simulation.TestAllScenarioTypes" name="test_scenario_type_accepted[prolonged_inactivity]" time="3.042" /><testcase classname="tests.test_behavior_simulation.TestAllScenarioTypes" name="test_scenario_type_accepted[movement_drop]" time="3.104" /><testcase classname="tests.test_behavior_simulation.TestAllScenarioTypes" name="test_scenario_type_accepted[routine_disruption]" time="4.796" /><testcase classname="tests.test_behavior_simulation.TestAllScenarioTypes" name="test_scenario_type_accepted[location_wandering]" time="3.232" /><testcase classname="tests.test_behavior_simulation.TestAllScenarioTypes" name="test_scenario_type_accepted[route_deviation]" time="3.047" /><testcase classname="tests.test_behavior_simulation.TestMultipleScenarios" name="test_multiple_scenarios_same_device" time="3.918" /><testcase classname="tests.test_behavior_simulation.TestCombinedRiskScoreCalculation" name="test_combined_score_calculation" time="5.216" /><testcase classname="tests.test_behavior_simulation.TestSimulationHistoryPersistence" name="test_behavior_sim_saved_to_history" time="6.023" /><testcase classname="tests.test_behavior_simulation.TestSimulationHistoryPersistence" name="test_get_simulation_detail" time="5.117" /><testcase classname="tests.test_behavior_simulation.TestNoEscalationMode" name="test_no_escalation_mode" time="3.268" /></testsuite></testsuites>