<?xml version="1.0" encoding="utf-8"?><testsuites name="pytest tests"><testsuite name="pytest" errors="0" failures="0" skipped="0" tests="16" time="40.781" timestamp="2026-03-05T13:45:16.184855+00:00" hostname="agent-env-dd458644-72af-464d-a5a6-bd8cde7a3266"><testcase classname="backend.tests.test_twin_evolution.TestTwinEvolutionEndpoint" name="test_returns_200_for_valid_device" time="7.859" /><testcase classname="backend.tests.test_twin_evolution.TestTwinEvolutionEndpoint" name="test_response_structure" time="2.003" /><testcase classname="backend.tests.test_twin_evolution.TestTwinEvolutionEndpoint" name="test_snapshots_structure" time="2.016" /><testcase classname="backend.tests.test_twin_evolution.TestTwinEvolutionEndpoint" name="test_trends_structure" time="2.018" /><testcase classname="backend.tests.test_twin_evolution.TestTwinEvolutionEndpoint" name="test_shifts_structure" time="2.444" /><testcase classname="backend.tests.test_twin_evolution.TestTwinEvolutionEndpoint" name="test_interpretation_present" time="2.878" /><testcase classname="backend.tests.test_twin_evolution.TestTwinEvolutionEndpoint" name="test_dev_002_twin_evolution" time="5.090" /><testcase classname="backend.tests.test_twin_evolution.TestTwinEvolutionRBAC" name="test_guardian_gets_403" time="3.074" /><testcase classname="backend.tests.test_twin_evolution.TestTwinEvolutionRBAC" name="test_unauthenticated_gets_401" time="0.141" /><testcase classname="backend.tests.test_twin_evolution.TestTwinEvolution404" name="test_non_existent_device_returns_404" time="1.574" /><testcase classname="backend.tests.test_twin_evolution.TestTwinEvolutionWeeksParameter" name="test_custom_weeks_parameter" time="2.020" /><testcase classname="backend.tests.test_twin_evolution.TestTwinEvolutionWeeksParameter" name="test_weeks_min_boundary" time="2.868" /><testcase classname="backend.tests.test_twin_evolution.TestTwinEvolutionWeeksParameter" name="test_weeks_max_boundary" time="2.012" /><testcase classname="backend.tests.test_twin_evolution.TestTwinEvolutionWeeksParameter" name="test_weeks_below_min_rejected" time="1.359" /><testcase classname="backend.tests.test_twin_evolution.TestTwinEvolutionWeeksParameter" name="test_weeks_above_max_rejected" time="1.353" /><testcase classname="backend.tests.test_twin_evolution.TestTwinEvolutionDataContent" name="test_dev001_has_detected_shifts" time="2.003" /></testsuite></testsuites>