<?xml version="1.0" encoding="utf-8"?><testsuites name="pytest tests"><testsuite name="pytest" errors="0" failures="0" skipped="0" tests="18" time="102.521" timestamp="2026-02-28T09:08:11.434259+00:00" hostname="agent-env-a405aafe-5c5b-4954-9235-5e59256c95db"><testcase classname="backend.tests.test_offline_device_detection.TestHealthCheck" name="test_api_accessible" time="0.202" /><testcase classname="backend.tests.test_offline_device_detection.TestHeartbeatTelemetry" name="test_heartbeat_updates_device_status_to_online" time="10.482" /><testcase classname="backend.tests.test_offline_device_detection.TestHeartbeatTelemetry" name="test_heartbeat_returns_201" time="3.658" /><testcase classname="backend.tests.test_offline_device_detection.TestHeartbeatTelemetry" name="test_heartbeat_unknown_device_returns_404" time="1.458" /><testcase classname="backend.tests.test_offline_device_detection.TestHeartbeatTelemetry" name="test_heartbeat_with_battery_and_signal" time="3.865" /><testcase classname="backend.tests.test_offline_device_detection.TestHeartbeatTelemetry" name="test_heartbeat_with_no_optional_fields" time="3.414" /><testcase classname="backend.tests.test_offline_device_detection.TestHeartbeatTelemetry" name="test_heartbeat_does_not_create_incident" time="5.434" /><testcase classname="backend.tests.test_offline_device_detection.TestRegressionSOSFallTelemetry" name="test_sos_creates_incident" time="7.236" /><testcase classname="backend.tests.test_offline_device_detection.TestRegressionSOSFallTelemetry" name="test_fall_detected_creates_incident" time="5.917" /><testcase classname="backend.tests.test_offline_device_detection.TestOfflineDeviceDetection" name="test_scheduler_detects_stale_device_and_marks_offline" time="6.042" /><testcase classname="backend.tests.test_offline_device_detection.TestOfflineDeviceDetection" name="test_scheduler_creates_device_offline_incident" time="8.014" /><testcase classname="backend.tests.test_offline_device_detection.TestOfflineDeviceDetection" name="test_scheduler_does_not_create_duplicate_incidents" time="9.626" /><testcase classname="backend.tests.test_offline_device_detection.TestL1OnlyEscalation" name="test_l2_query_excludes_device_offline" time="3.261" /><testcase classname="backend.tests.test_offline_device_detection.TestL1OnlyEscalation" name="test_l3_query_excludes_device_offline" time="3.356" /><testcase classname="backend.tests.test_offline_device_detection.TestAutoRecovery" name="test_heartbeat_from_offline_device_resolves_incident" time="9.113" /><testcase classname="backend.tests.test_offline_device_detection.TestAutoRecovery" name="test_device_status_changes_from_offline_to_online" time="7.963" /><testcase classname="backend.tests.test_offline_device_detection.TestAutoRecovery" name="test_device_back_online_event_logged" time="10.288" /><testcase classname="backend.tests.test_offline_device_detection.TestConfigThreshold" name="test_config_has_threshold_setting" time="3.104" /></testsuite></testsuites>