<?xml version="1.0" encoding="utf-8"?><testsuites name="pytest tests"><testsuite name="pytest" errors="0" failures="0" skipped="0" tests="19" time="35.222" timestamp="2026-03-06T10:57:15.368783+00:00" hostname="agent-env-8ad6c19a-fd60-4d76-b955-8c460de8f2b5"><testcase classname="backend.tests.test_smart_escalation.TestSmartGuardianProfile" name="test_smart_profile_returns_200" time="6.960" /><testcase classname="backend.tests.test_smart_escalation.TestSmartGuardianProfile" name="test_smart_profile_structure" time="1.780" /><testcase classname="backend.tests.test_smart_escalation.TestSmartGuardianProfile" name="test_smart_profile_tod_stats" time="1.784" /><testcase classname="backend.tests.test_smart_escalation.TestSmartGuardianProfile" name="test_smart_profile_severity_stats" time="1.554" /><testcase classname="backend.tests.test_smart_escalation.TestSmartGuardianProfile" name="test_smart_profile_low_reliability_guardian" time="1.574" /><testcase classname="backend.tests.test_smart_escalation.TestSmartGuardianProfile" name="test_smart_profile_empty_for_nonexistent" time="2.709" /><testcase classname="backend.tests.test_smart_escalation.TestSmartGuardianProfile" name="test_smart_profile_requires_auth" time="0.096" /><testcase classname="backend.tests.test_smart_escalation.TestSmartRecommendation" name="test_smart_rec_test_incident" time="1.764" /><testcase classname="backend.tests.test_smart_escalation.TestSmartRecommendation" name="test_smart_rec_non_test_incident" time="2.434" /><testcase classname="backend.tests.test_smart_escalation.TestSmartRecommendation" name="test_smart_rec_factors_structure" time="1.973" /><testcase classname="backend.tests.test_smart_escalation.TestSmartRecommendation" name="test_smart_rec_guardian_profile_summary" time="1.989" /><testcase classname="backend.tests.test_smart_escalation.TestSmartRecommendation" name="test_smart_rec_skip_l1_for_unreliable_guardian" time="1.985" /><testcase classname="backend.tests.test_smart_escalation.TestSmartRecommendation" name="test_smart_rec_nonexistent_incident" time="1.587" /><testcase classname="backend.tests.test_smart_escalation.TestSmartRecommendation" name="test_smart_rec_requires_auth" time="0.112" /><testcase classname="backend.tests.test_smart_escalation.TestEscalationSchedulerIntegration" name="test_scheduler_has_smart_thresholds_function" time="0.000" /><testcase classname="backend.tests.test_smart_escalation.TestEscalationSchedulerIntegration" name="test_smart_engine_factors_in_source" time="0.000" /><testcase classname="backend.tests.test_smart_escalation.TestAdaptiveTimerCalculation" name="test_adaptive_timers_within_bounds" time="1.968" /><testcase classname="backend.tests.test_smart_escalation.TestAdaptiveTimerCalculation" name="test_static_timers_baseline" time="2.030" /><testcase classname="backend.tests.test_smart_escalation.TestAdaptiveTimerCalculation" name="test_reasons_array_populated" time="2.824" /></testsuite></testsuites>