<?xml version="1.0" encoding="utf-8"?><testsuites name="pytest tests"><testsuite name="pytest" errors="0" failures="0" skipped="0" tests="28" time="60.054" timestamp="2026-03-07T11:03:35.966725+00:00" hostname="agent-env-3267a69a-a9b1-47ce-bb0f-79f9ce75eda3"><testcase classname="backend.tests.test_osrm_integration.TestOSRMServiceStatus" name="test_osrm_status_connected" time="0.267" /><testcase classname="backend.tests.test_osrm_integration.TestOSRMServiceStatus" name="test_osrm_status_source_self_hosted" time="0.104" /><testcase classname="backend.tests.test_osrm_integration.TestOSRMServiceStatus" name="test_osrm_test_route_ok" time="0.106" /><testcase classname="backend.tests.test_osrm_integration.TestOSRMServiceStatus" name="test_osrm_url_configured" time="0.174" /><testcase classname="backend.tests.test_osrm_integration.TestRedisCacheStatus" name="test_cache_status_connected" time="0.104" /><testcase classname="backend.tests.test_osrm_integration.TestRedisCacheStatus" name="test_cache_status_has_keys" time="0.103" /><testcase classname="backend.tests.test_osrm_integration.TestRedisCacheStatus" name="test_cache_backend_is_redis" time="0.115" /><testcase classname="backend.tests.test_osrm_integration.TestAuthentication" name="test_operator_login_success" time="4.866" /><testcase classname="backend.tests.test_osrm_integration.TestAuthentication" name="test_guardian_login_success" time="1.905" /><testcase classname="backend.tests.test_osrm_integration.TestAuthentication" name="test_invalid_credentials_rejected" time="1.446" /><testcase classname="backend.tests.test_osrm_integration.TestSafeRouteAPI" name="test_safe_route_returns_three_routes" time="4.110" /><testcase classname="backend.tests.test_osrm_integration.TestSafeRouteAPI" name="test_safe_route_types" time="3.557" /><testcase classname="backend.tests.test_osrm_integration.TestSafeRouteAPI" name="test_safe_route_has_distance_km" time="4.590" /><testcase classname="backend.tests.test_osrm_integration.TestSafeRouteAPI" name="test_safe_route_has_risk_score" time="3.566" /><testcase classname="backend.tests.test_osrm_integration.TestSafeRouteAPI" name="test_safe_route_requires_auth" time="0.101" /><testcase classname="backend.tests.test_osrm_integration.TestSafeRouteRedisCache" name="test_second_call_uses_cache" time="4.158" /><testcase classname="backend.tests.test_osrm_integration.TestSafeRouteRedisCache" name="test_redis_route_key_pattern" time="0.005" /><testcase classname="backend.tests.test_osrm_integration.TestPredictiveAlert" name="test_predictive_alert_basic" time="4.198" /><testcase classname="backend.tests.test_osrm_integration.TestPredictiveAlert" name="test_predictive_alert_with_alternative" time="3.566" /><testcase classname="backend.tests.test_osrm_integration.TestSafetyScoreLocation" name="test_safety_score_location_returns_score" time="4.781" /><testcase classname="backend.tests.test_osrm_integration.TestSafetyScoreLocation" name="test_safety_score_has_label" time="4.874" /><testcase classname="backend.tests.test_osrm_integration.TestCityHeatmap" name="test_heatmap_live_returns_cells" time="3.096" /><testcase classname="backend.tests.test_osrm_integration.TestCityHeatmap" name="test_heatmap_live_has_622_cells" time="3.507" /><testcase classname="backend.tests.test_osrm_integration.TestCityHeatmap" name="test_heatmap_status_redis_backend" time="3.099" /><testcase classname="backend.tests.test_osrm_integration.TestOSRMDirectAccess" name="test_osrm_direct_route" time="0.011" /><testcase classname="backend.tests.test_osrm_integration.TestOSRMDirectAccess" name="test_osrm_latency_under_100ms" time="0.011" /><testcase classname="backend.tests.test_osrm_integration.TestRedisRouteKeys" name="test_redis_route_key_exists" time="3.530" /><testcase classname="backend.tests.test_osrm_integration.TestRedisRouteKeys" name="test_redis_route_key_ttl" time="0.010" /></testsuite></testsuites>