<?xml version="1.0" encoding="utf-8"?><testsuites name="pytest tests"><testsuite name="pytest" errors="0" failures="0" skipped="0" tests="31" time="104.811" timestamp="2026-03-08T18:45:05.762642+00:00" hostname="agent-env-746bfc6f-a322-4c48-9c19-33acbc1a15a8"><testcase classname="backend.tests.test_operator_caregiver_dashboards.TestHealthCheck" name="test_api_root" time="0.211" /><testcase classname="backend.tests.test_operator_caregiver_dashboards.TestAuthentication" name="test_admin_login" time="6.445" /><testcase classname="backend.tests.test_operator_caregiver_dashboards.TestAuthentication" name="test_operator_login" time="3.186" /><testcase classname="backend.tests.test_operator_caregiver_dashboards.TestAuthentication" name="test_caregiver_login" time="2.618" /><testcase classname="backend.tests.test_operator_caregiver_dashboards.TestOperatorDashboardMetrics" name="test_metrics_admin_access" time="6.292" /><testcase classname="backend.tests.test_operator_caregiver_dashboards.TestOperatorDashboardMetrics" name="test_metrics_operator_access" time="7.163" /><testcase classname="backend.tests.test_operator_caregiver_dashboards.TestOperatorDashboardMetrics" name="test_metrics_requires_auth" time="0.131" /><testcase classname="backend.tests.test_operator_caregiver_dashboards.TestOperatorIncidentsList" name="test_incidents_list_admin" time="2.073" /><testcase classname="backend.tests.test_operator_caregiver_dashboards.TestOperatorIncidentsList" name="test_incidents_list_operator" time="2.064" /><testcase classname="backend.tests.test_operator_caregiver_dashboards.TestOperatorCaregivers" name="test_caregivers_list_admin" time="2.510" /><testcase classname="backend.tests.test_operator_caregiver_dashboards.TestOperatorCaregivers" name="test_caregivers_list_operator" time="2.535" /><testcase classname="backend.tests.test_operator_caregiver_dashboards.TestOperatorIncidentAssign" name="test_assign_incident_to_caregiver" time="8.241" /><testcase classname="backend.tests.test_operator_caregiver_dashboards.TestOperatorIncidentStatus" name="test_update_incident_status" time="4.169" /><testcase classname="backend.tests.test_operator_caregiver_dashboards.TestOperatorIncidentEscalate" name="test_escalate_incident" time="3.712" /><testcase classname="backend.tests.test_operator_caregiver_dashboards.TestCaregiverProfile" name="test_profile_caregiver_access" time="4.594" /><testcase classname="backend.tests.test_operator_caregiver_dashboards.TestCaregiverProfile" name="test_profile_admin_access" time="1.851" /><testcase classname="backend.tests.test_operator_caregiver_dashboards.TestCaregiverStatus" name="test_update_status" time="2.132" /><testcase classname="backend.tests.test_operator_caregiver_dashboards.TestCaregiverStatus" name="test_update_status_busy" time="4.652" /><testcase classname="backend.tests.test_operator_caregiver_dashboards.TestCaregiverAssignedUsers" name="test_assigned_users" time="5.844" /><testcase classname="backend.tests.test_operator_caregiver_dashboards.TestCaregiverAlerts" name="test_alerts" time="2.393" /><testcase classname="backend.tests.test_operator_caregiver_dashboards.TestCaregiverAlertAcknowledge" name="test_acknowledge_alert" time="4.571" /><testcase classname="backend.tests.test_operator_caregiver_dashboards.TestCaregiverAlertStatus" name="test_update_alert_status" time="4.177" /><testcase classname="backend.tests.test_operator_caregiver_dashboards.TestCaregiverVisits" name="test_create_visit" time="7.811" /><testcase classname="backend.tests.test_operator_caregiver_dashboards.TestCaregiverNotes" name="test_create_note" time="7.935" /><testcase classname="backend.tests.test_operator_caregiver_dashboards.TestRBAC" name="test_caregiver_cannot_access_operator_metrics" time="1.416" /><testcase classname="backend.tests.test_operator_caregiver_dashboards.TestRBAC" name="test_caregiver_cannot_access_operator_incidents" time="1.445" /><testcase classname="backend.tests.test_operator_caregiver_dashboards.TestRBAC" name="test_caregiver_cannot_access_operator_caregivers_list" time="1.420" /><testcase classname="backend.tests.test_operator_caregiver_dashboards.TestRBAC" name="test_operator_cannot_access_caregiver_profile" time="1.431" /><testcase classname="backend.tests.test_operator_caregiver_dashboards.TestRBAC" name="test_operator_cannot_access_caregiver_alerts" time="1.420" /><testcase classname="backend.tests.test_operator_caregiver_dashboards.TestRBAC" name="test_unauthenticated_operator_access" time="0.101" /><testcase classname="backend.tests.test_operator_caregiver_dashboards.TestRBAC" name="test_unauthenticated_caregiver_access" time="0.170" /></testsuite></testsuites>