<?xml version="1.0" encoding="utf-8"?><testsuites name="pytest tests"><testsuite name="pytest" errors="0" failures="0" skipped="0" tests="13" time="58.947" timestamp="2026-03-09T04:10:33.167142+00:00" hostname="agent-env-511326ec-ae60-4c3f-8c79-f8ee7567ab6c"><testcase classname="backend.tests.test_ai_risk_panel_bug_fix.TestOperatorIncidentsUserIdField" name="test_incidents_endpoint_returns_200" time="4.679" /><testcase classname="backend.tests.test_ai_risk_panel_bug_fix.TestOperatorIncidentsUserIdField" name="test_incidents_returns_list" time="1.926" /><testcase classname="backend.tests.test_ai_risk_panel_bug_fix.TestOperatorIncidentsUserIdField" name="test_incidents_include_user_id_field" time="1.895" /><testcase classname="backend.tests.test_ai_risk_panel_bug_fix.TestOperatorIncidentsUserIdField" name="test_incidents_have_expected_fields" time="1.667" /><testcase classname="backend.tests.test_ai_risk_panel_bug_fix.TestCommandCenterActiveIncidents" name="test_command_center_endpoint_returns_200" time="5.762" /><testcase classname="backend.tests.test_ai_risk_panel_bug_fix.TestCommandCenterActiveIncidents" name="test_command_center_has_active_incidents" time="6.150" /><testcase classname="backend.tests.test_ai_risk_panel_bug_fix.TestCommandCenterActiveIncidents" name="test_command_center_incidents_have_user_id" time="11.300" /><testcase classname="backend.tests.test_ai_risk_panel_bug_fix.TestGuardianAIHighRiskEndpoint" name="test_high_risk_endpoint_returns_200" time="1.655" /><testcase classname="backend.tests.test_ai_risk_panel_bug_fix.TestGuardianAIHighRiskEndpoint" name="test_high_risk_returns_expected_structure" time="1.868" /><testcase classname="backend.tests.test_ai_risk_panel_bug_fix.TestGuardianAIHighRiskEndpoint" name="test_high_risk_user_has_required_fields" time="2.065" /><testcase classname="backend.tests.test_ai_risk_panel_bug_fix.TestGuardianAIRiskScoreEndpoint" name="test_risk_score_with_valid_user_id" time="5.365" /><testcase classname="backend.tests.test_ai_risk_panel_bug_fix.TestGuardianAIRiskScoreEndpoint" name="test_risk_score_response_structure" time="7.215" /><testcase classname="backend.tests.test_ai_risk_panel_bug_fix.TestIntegrationFlow" name="test_incident_user_id_can_fetch_risk_score" time="7.339" /></testsuite></testsuites>