<?xml version="1.0" encoding="utf-8"?><testsuites name="pytest tests"><testsuite name="pytest" errors="0" failures="0" skipped="0" tests="19" time="76.979" timestamp="2026-03-04T09:45:15.747287+00:00" hostname="agent-env-b59c5147-0cb7-451d-8b0d-32d453f19131"><testcase classname="tests.test_multi_metric_combined_anomaly.TestCombinedAnomalyRuleExists" name="test_health_rules_endpoint_returns_200" time="7.302" /><testcase classname="tests.test_multi_metric_combined_anomaly.TestCombinedAnomalyRuleExists" name="test_combined_anomaly_rule_exists" time="1.676" /><testcase classname="tests.test_multi_metric_combined_anomaly.TestCombinedAnomalyRuleExists" name="test_combined_anomaly_rule_has_correct_threshold_structure" time="1.655" /><testcase classname="tests.test_multi_metric_combined_anomaly.TestCombinedAnomalyRuleExists" name="test_combined_anomaly_rule_can_be_toggled" time="8.856" /><testcase classname="tests.test_multi_metric_combined_anomaly.TestFleetSimulationTriggersMultiMetric" name="test_fleet_simulation_returns_200" time="10.888" /><testcase classname="tests.test_multi_metric_combined_anomaly.TestFleetSimulationTriggersMultiMetric" name="test_fleet_simulation_triggers_anomalies" time="11.228" /><testcase classname="tests.test_multi_metric_combined_anomaly.TestFleetSimulationTriggersMultiMetric" name="test_fleet_simulation_includes_multi_metric_in_anomaly_details" time="9.220" /><testcase classname="tests.test_multi_metric_combined_anomaly.TestMultiMetricAnomalyReasonJson" name="test_multi_metric_anomalies_have_correct_reason_json_structure" time="2.537" /><testcase classname="tests.test_multi_metric_combined_anomaly.TestMultiMetricAnomalyReasonJson" name="test_multi_metric_weights_are_correct" time="2.781" /><testcase classname="tests.test_multi_metric_combined_anomaly.TestMultiMetricAnomalyReasonJson" name="test_multi_metric_combined_score_calculated_correctly" time="2.625" /><testcase classname="tests.test_multi_metric_combined_anomaly.TestIndividualAnomaliesNotSuppressed" name="test_battery_slope_anomalies_still_exist" time="2.107" /><testcase classname="tests.test_multi_metric_combined_anomaly.TestIndividualAnomaliesNotSuppressed" name="test_signal_strength_anomalies_still_exist" time="2.132" /><testcase classname="tests.test_multi_metric_combined_anomaly.TestSimulatedExclusion" name="test_default_excludes_simulated_anomalies" time="2.130" /><testcase classname="tests.test_multi_metric_combined_anomaly.TestSimulatedExclusion" name="test_include_simulated_true_shows_simulated" time="2.080" /><testcase classname="tests.test_multi_metric_combined_anomaly.TestRBAC" name="test_guardian_cannot_access_device_anomalies" time="3.371" /><testcase classname="tests.test_multi_metric_combined_anomaly.TestRBAC" name="test_guardian_cannot_access_device_health" time="1.427" /><testcase classname="tests.test_multi_metric_combined_anomaly.TestRBAC" name="test_unauthenticated_gets_401_on_device_anomalies" time="0.101" /><testcase classname="tests.test_multi_metric_combined_anomaly.TestDeviceHealth" name="test_device_health_returns_200" time="2.673" /><testcase classname="tests.test_multi_metric_combined_anomaly.TestDeviceHealth" name="test_device_health_returns_devices_with_required_fields" time="2.108" /></testsuite></testsuites>