<?xml version="1.0" encoding="utf-8"?><testsuites name="pytest tests"><testsuite name="pytest" errors="0" failures="0" skipped="0" tests="22" time="106.599" timestamp="2026-03-07T11:36:18.549823+00:00" hostname="agent-env-18f1852a-158c-4c09-bfec-476102ad3b0e"><testcase classname="tests.test_silent_sos.TestAuthenticationEndpoints" name="test_operator_login_success" time="4.889" /><testcase classname="tests.test_silent_sos.TestAuthenticationEndpoints" name="test_guardian_login_success" time="1.869" /><testcase classname="tests.test_silent_sos.TestAuthenticationEndpoints" name="test_invalid_credentials_rejected" time="1.438" /><testcase classname="tests.test_silent_sos.TestSilentSOSTrigger" name="test_trigger_sos_success" time="4.595" /><testcase classname="tests.test_silent_sos.TestSilentSOSTrigger" name="test_trigger_sos_with_hidden_button" time="4.366" /><testcase classname="tests.test_silent_sos.TestSilentSOSTrigger" name="test_trigger_sos_without_auth_fails" time="0.146" /><testcase classname="tests.test_silent_sos.TestSilentSOSTrigger" name="test_double_trigger_creates_two_events" time="10.548" /><testcase classname="tests.test_silent_sos.TestLocationUpdate" name="test_location_update_success" time="6.045" /><testcase classname="tests.test_silent_sos.TestLocationUpdate" name="test_location_update_invalid_event_fails" time="1.618" /><testcase classname="tests.test_silent_sos.TestCancelSOS" name="test_cancel_sos_with_correct_pin" time="5.079" /><testcase classname="tests.test_silent_sos.TestCancelSOS" name="test_cancel_sos_with_wrong_pin_fails" time="6.010" /><testcase classname="tests.test_silent_sos.TestCancelSOS" name="test_cancel_already_cancelled_fails" time="6.018" /><testcase classname="tests.test_silent_sos.TestResolveSOS" name="test_resolve_sos_success" time="4.793" /><testcase classname="tests.test_silent_sos.TestResolveSOS" name="test_resolve_invalid_event_fails" time="1.876" /><testcase classname="tests.test_silent_sos.TestGetActiveEmergencies" name="test_get_active_returns_list" time="1.856" /><testcase classname="tests.test_silent_sos.TestGetActiveEmergencies" name="test_get_active_includes_event_details" time="6.030" /><testcase classname="tests.test_silent_sos.TestGetEmergencyStatus" name="test_get_status_returns_full_details" time="7.615" /><testcase classname="tests.test_silent_sos.TestGetEmergencyStatus" name="test_get_status_invalid_id_returns_404" time="1.881" /><testcase classname="tests.test_silent_sos.TestFullSOSLifecycle" name="test_lifecycle_trigger_update_cancel" time="13.816" /><testcase classname="tests.test_silent_sos.TestFullSOSLifecycle" name="test_lifecycle_trigger_update_resolve" time="7.871" /><testcase classname="tests.test_silent_sos.TestGuardianAccess" name="test_guardian_can_trigger_sos" time="5.825" /><testcase classname="tests.test_silent_sos.TestGuardianAccess" name="test_guardian_can_view_own_active" time="2.323" /></testsuite></testsuites>