<?xml version="1.0" encoding="utf-8"?><testsuites name="pytest tests"><testsuite name="pytest" errors="0" failures="0" skipped="0" tests="25" time="92.844" timestamp="2026-03-02T11:04:14.757348+00:00" hostname="agent-env-b59c5147-0cb7-451d-8b0d-32d453f19131"><testcase classname="backend.tests.test_battery_comparison.TestBatteryComparisonAuth" name="test_unauthenticated_gets_401" time="0.182" /><testcase classname="backend.tests.test_battery_comparison.TestBatteryComparisonAuth" name="test_guardian_gets_403" time="6.625" /><testcase classname="backend.tests.test_battery_comparison.TestBatteryComparisonValidation" name="test_422_for_battery_percent_zero" time="3.050" /><testcase classname="backend.tests.test_battery_comparison.TestBatteryComparisonValidation" name="test_422_for_battery_percent_over_100" time="3.039" /><testcase classname="backend.tests.test_battery_comparison.TestBatteryComparisonValidation" name="test_422_for_missing_sustain_minutes" time="3.057" /><testcase classname="backend.tests.test_battery_comparison.TestBatteryComparisonValidation" name="test_422_for_missing_battery_percent" time="3.552" /><testcase classname="backend.tests.test_battery_comparison.TestBatteryComparisonValidation" name="test_422_for_invalid_min_heartbeats_zero" time="3.050" /><testcase classname="backend.tests.test_battery_comparison.TestBatteryComparisonValidation" name="test_422_for_sustain_minutes_zero" time="3.089" /><testcase classname="backend.tests.test_battery_comparison.TestBatteryComparisonFunctionality" name="test_valid_comparison_returns_200_with_correct_structure" time="3.718" /><testcase classname="backend.tests.test_battery_comparison.TestBatteryComparisonFunctionality" name="test_evaluation_window_is_max_of_both_configs" time="4.445" /><testcase classname="backend.tests.test_battery_comparison.TestBatteryComparisonFunctionality" name="test_config_a_and_b_response_structure" time="3.278" /><testcase classname="backend.tests.test_battery_comparison.TestBatteryComparisonFunctionality" name="test_delta_section_structure" time="3.680" /><testcase classname="backend.tests.test_battery_comparison.TestBatteryComparisonFunctionality" name="test_newly_flagged_devices_structure" time="3.291" /><testcase classname="backend.tests.test_battery_comparison.TestBatteryComparisonFunctionality" name="test_identical_configs_produce_empty_delta" time="3.299" /><testcase classname="backend.tests.test_battery_comparison.TestBatteryComparisonFunctionality" name="test_stricter_config_b_shows_no_longer_flagged" time="3.277" /><testcase classname="backend.tests.test_battery_comparison.TestBatteryComparisonFunctionality" name="test_looser_config_b_shows_newly_flagged" time="3.329" /><testcase classname="backend.tests.test_battery_comparison.TestBatteryComparisonFunctionality" name="test_intersection_devices_present_in_matched_in_both" time="3.284" /><testcase classname="backend.tests.test_battery_comparison.TestBatteryComparisonFunctionality" name="test_very_small_window_may_return_zero_matches" time="3.280" /><testcase classname="backend.tests.test_battery_comparison.TestBatteryComparisonFunctionality" name="test_high_battery_threshold_matches_all_low_battery_devices" time="3.349" /><testcase classname="backend.tests.test_battery_comparison.TestBatteryComparisonFunctionality" name="test_excludes_simulated_telemetry" time="4.933" /><testcase classname="backend.tests.test_battery_comparison.TestBatteryComparisonReadOnly" name="test_no_db_writes_anomalies_count_unchanged" time="7.404" /><testcase classname="backend.tests.test_battery_comparison.TestBatteryComparisonReadOnly" name="test_multiple_calls_dont_create_side_effects" time="6.563" /><testcase classname="backend.tests.test_battery_comparison.TestBatteryComparisonWithSeedData" name="test_20_percent_threshold_detects_dev001" time="3.333" /><testcase classname="backend.tests.test_battery_comparison.TestBatteryComparisonWithSeedData" name="test_25_percent_threshold_detects_dev001_and_dev002" time="3.324" /><testcase classname="backend.tests.test_battery_comparison.TestBatteryComparisonWithSeedData" name="test_80_percent_threshold_detects_watch001" time="3.321" /></testsuite></testsuites>