<?xml version="1.0" encoding="utf-8"?><testsuites name="pytest tests"><testsuite name="pytest" errors="0" failures="0" skipped="0" tests="13" time="32.220" timestamp="2026-03-05T06:53:56.997630+00:00" hostname="agent-env-f23a51d4-be27-48e7-8c8b-7cd3995cf7ac"><testcase classname="tests.test_replay_mode_comparison.TestReplayModeComparison" name="test_replay_mode_missing_start_time_returns_422" time="6.976" /><testcase classname="tests.test_replay_mode_comparison.TestReplayModeComparison" name="test_replay_mode_missing_end_time_returns_422" time="1.401" /><testcase classname="tests.test_replay_mode_comparison.TestReplayModeComparison" name="test_replay_mode_end_before_start_returns_422" time="1.369" /><testcase classname="tests.test_replay_mode_comparison.TestReplayModeComparison" name="test_replay_mode_window_exceeds_7_days_returns_422" time="1.355" /><testcase classname="tests.test_replay_mode_comparison.TestReplayModeComparison" name="test_replay_mode_future_end_time_returns_422" time="1.389" /><testcase classname="tests.test_replay_mode_comparison.TestReplayModeComparison" name="test_replay_mode_successful_with_historical_data" time="2.619" /><testcase classname="tests.test_replay_mode_comparison.TestReplayModeComparison" name="test_replay_metadata_has_correct_fields" time="3.200" /><testcase classname="tests.test_replay_mode_comparison.TestReplayModeComparison" name="test_live_mode_still_works" time="1.806" /><testcase classname="tests.test_replay_mode_comparison.TestReplayModeComparison" name="test_default_mode_is_live" time="1.894" /><testcase classname="tests.test_replay_mode_comparison.TestReplayModeComparison" name="test_replay_15_minute_window" time="2.008" /><testcase classname="tests.test_replay_mode_comparison.TestReplayModeComparison" name="test_replay_1_hour_window" time="2.132" /><testcase classname="tests.test_replay_mode_comparison.TestReplayModeComparison" name="test_replay_7_day_max_window" time="1.988" /><testcase classname="tests.test_replay_mode_comparison.TestReplayModeComparison" name="test_replay_and_live_have_same_base_response_structure" time="4.005" /></testsuite></testsuites>