<?xml version="1.0" encoding="utf-8"?><testsuites name="pytest tests"><testsuite name="pytest" errors="0" failures="0" skipped="0" tests="12" time="36.057" timestamp="2026-03-07T13:01:56.043783+00:00" hostname="agent-env-18f1852a-158c-4c09-bfec-476102ad3b0e"><testcase classname="backend.tests.test_emergency_map_feature.TestSafeRouteAPI" name="test_safe_route_balanced_mode" time="6.195" /><testcase classname="backend.tests.test_emergency_map_feature.TestSafeRouteAPI" name="test_safe_route_safest_mode" time="3.666" /><testcase classname="backend.tests.test_emergency_map_feature.TestSafeRouteAPI" name="test_safe_route_fastest_mode" time="3.027" /><testcase classname="backend.tests.test_emergency_map_feature.TestEmergencySOS" name="test_silent_sos_trigger_and_cancel" time="5.533" /><testcase classname="backend.tests.test_emergency_map_feature.TestEmergencySOS" name="test_sos_wrong_pin_rejected" time="6.273" /><testcase classname="backend.tests.test_emergency_map_feature.TestIncidentsAPI" name="test_incidents_requires_guardian_id" time="1.453" /><testcase classname="backend.tests.test_emergency_map_feature.TestIncidentsAPI" name="test_incidents_with_guardian_id" time="2.077" /><testcase classname="backend.tests.test_emergency_map_feature.TestHeatmapAPI" name="test_heatmap_requires_operator" time="1.411" /><testcase classname="backend.tests.test_emergency_map_feature.TestHeatmapAPI" name="test_heatmap_live_operator" time="3.131" /><testcase classname="backend.tests.test_emergency_map_feature.TestSSEStream" name="test_sse_stream_requires_token" time="0.101" /><testcase classname="backend.tests.test_emergency_map_feature.TestSSEStream" name="test_sse_stream_connects_with_token" time="1.409" /><testcase classname="backend.tests.test_emergency_map_feature.TestEmergencyActive" name="test_active_emergencies" time="1.640" /></testsuite></testsuites>