<?xml version="1.0" encoding="utf-8"?><testsuites name="pytest tests"><testsuite name="pytest" errors="0" failures="0" skipped="0" tests="19" time="155.039" timestamp="2026-03-08T15:47:13.906032+00:00" hostname="agent-env-d8ec12be-8831-4506-9761-218325dbb1bb"><testcase classname="backend.tests.test_night_guardian_db_persistence.TestAuthenticationRequired" name="test_login_still_works_with_cognito_credentials" time="6.751" /><testcase classname="backend.tests.test_night_guardian_db_persistence.TestAuthenticationRequired" name="test_start_requires_auth" time="0.139" /><testcase classname="backend.tests.test_night_guardian_db_persistence.TestAuthenticationRequired" name="test_status_requires_auth" time="0.114" /><testcase classname="backend.tests.test_night_guardian_db_persistence.TestAuthenticationRequired" name="test_update_location_requires_auth" time="0.125" /><testcase classname="backend.tests.test_night_guardian_db_persistence.TestStartSession" name="test_start_creates_db_backed_session" time="10.553" /><testcase classname="backend.tests.test_night_guardian_db_persistence.TestStartSession" name="test_start_with_route_points" time="6.938" /><testcase classname="backend.tests.test_night_guardian_db_persistence.TestSessionStatus" name="test_status_returns_session_from_db" time="7.259" /><testcase classname="backend.tests.test_night_guardian_db_persistence.TestSessionStatus" name="test_status_returns_no_active_session_when_none" time="7.250" /><testcase classname="backend.tests.test_night_guardian_db_persistence.TestUpdateLocation" name="test_update_location_persists_to_db" time="9.600" /><testcase classname="backend.tests.test_night_guardian_db_persistence.TestUpdateLocation" name="test_update_location_increments_counters" time="15.361" /><testcase classname="backend.tests.test_night_guardian_db_persistence.TestUpdateLocation" name="test_update_location_no_session_returns_404" time="6.318" /><testcase classname="backend.tests.test_night_guardian_db_persistence.TestStopSession" name="test_stop_persists_end_state" time="9.723" /><testcase classname="backend.tests.test_night_guardian_db_persistence.TestStopSession" name="test_status_returns_no_active_after_stop" time="8.617" /><testcase classname="backend.tests.test_night_guardian_db_persistence.TestAcknowledgeSafety" name="test_acknowledge_safety_works" time="7.488" /><testcase classname="backend.tests.test_night_guardian_db_persistence.TestAcknowledgeSafety" name="test_acknowledge_safety_no_session_returns_404" time="6.388" /><testcase classname="backend.tests.test_night_guardian_db_persistence.TestNoDuplicateActiveSessions" name="test_start_ends_existing_active_sessions" time="12.896" /><testcase classname="backend.tests.test_night_guardian_db_persistence.TestAdminSystemHealth" name="test_system_health_endpoint_works" time="5.299" /><testcase classname="backend.tests.test_night_guardian_db_persistence.TestDBPersistenceVerification" name="test_session_data_persists_across_calls" time="11.517" /><testcase classname="backend.tests.test_night_guardian_db_persistence.TestCompleteJourneyFlow" name="test_full_journey_persisted_in_db" time="22.596" /></testsuite></testsuites>