<?xml version="1.0" encoding="utf-8"?><testsuites name="pytest tests"><testsuite name="pytest" errors="0" failures="0" skipped="0" tests="22" time="66.693" timestamp="2026-03-08T19:01:35.624059+00:00" hostname="agent-env-746bfc6f-a322-4c48-9c19-33acbc1a15a8"><testcase classname="backend.tests.test_operator_dashboard_alert.TestHealthCheck" name="test_api_root" time="0.424" /><testcase classname="backend.tests.test_operator_dashboard_alert.TestAuthentication" name="test_admin_login" time="6.628" /><testcase classname="backend.tests.test_operator_dashboard_alert.TestAuthentication" name="test_operator_login" time="3.193" /><testcase classname="backend.tests.test_operator_dashboard_alert.TestAuthentication" name="test_caregiver_login" time="2.693" /><testcase classname="backend.tests.test_operator_dashboard_alert.TestOperatorDashboardMetrics" name="test_metrics_admin_access" time="6.510" /><testcase classname="backend.tests.test_operator_dashboard_alert.TestOperatorDashboardMetrics" name="test_metrics_operator_access" time="5.494" /><testcase classname="backend.tests.test_operator_dashboard_alert.TestOperatorDashboardMetrics" name="test_metrics_requires_auth" time="0.180" /><testcase classname="backend.tests.test_operator_dashboard_alert.TestOperatorDashboardMetrics" name="test_metrics_caregiver_denied" time="4.399" /><testcase classname="backend.tests.test_operator_dashboard_alert.TestOperatorIncidentsList" name="test_incidents_list_admin" time="2.309" /><testcase classname="backend.tests.test_operator_dashboard_alert.TestOperatorIncidentsList" name="test_incidents_list_operator" time="1.943" /><testcase classname="backend.tests.test_operator_dashboard_alert.TestOperatorIncidentsList" name="test_incidents_filter_by_severity" time="2.067" /><testcase classname="backend.tests.test_operator_dashboard_alert.TestOperatorIncidentsList" name="test_incidents_filter_by_status" time="2.386" /><testcase classname="backend.tests.test_operator_dashboard_alert.TestOperatorCaregivers" name="test_caregivers_list_admin" time="2.999" /><testcase classname="backend.tests.test_operator_dashboard_alert.TestOperatorCaregivers" name="test_caregivers_list_operator" time="2.740" /><testcase classname="backend.tests.test_operator_dashboard_alert.TestIncidentAssignment" name="test_assign_incident" time="7.523" /><testcase classname="backend.tests.test_operator_dashboard_alert.TestIncidentEscalation" name="test_escalate_incident" time="4.181" /><testcase classname="backend.tests.test_operator_dashboard_alert.TestIncidentStatusUpdate" name="test_update_status_to_in_progress" time="3.983" /><testcase classname="backend.tests.test_operator_dashboard_alert.TestIncidentStatusUpdate" name="test_update_status_to_resolved" time="3.744" /><testcase classname="backend.tests.test_operator_dashboard_alert.TestRBAC" name="test_caregiver_cannot_access_operator_incidents" time="1.502" /><testcase classname="backend.tests.test_operator_dashboard_alert.TestRBAC" name="test_caregiver_cannot_access_operator_caregivers" time="1.445" /><testcase classname="backend.tests.test_operator_dashboard_alert.TestRBAC" name="test_unauthenticated_assign_blocked" time="0.151" /><testcase classname="backend.tests.test_operator_dashboard_alert.TestAlertAssets" name="test_alert_sound_accessible" time="0.112" /></testsuite></testsuites>