<?xml version="1.0" encoding="utf-8"?><testsuites name="pytest tests"><testsuite name="pytest" errors="0" failures="0" skipped="0" tests="24" time="53.424" timestamp="2026-03-07T06:08:34.874868+00:00" hostname="agent-env-14dabdc2-6ee1-4723-a665-11b15ac9b136"><testcase classname="backend.tests.test_safe_zone_detection.TestSafeZoneDetection" name="test_get_zone_map_returns_200" time="7.417" /><testcase classname="backend.tests.test_safe_zone_detection.TestSafeZoneDetection" name="test_zone_map_has_required_fields" time="1.660" /><testcase classname="backend.tests.test_safe_zone_detection.TestSafeZoneDetection" name="test_zone_map_stats_has_all_risk_levels" time="1.638" /><testcase classname="backend.tests.test_safe_zone_detection.TestSafeZoneDetection" name="test_zone_map_zones_have_required_fields" time="1.633" /><testcase classname="backend.tests.test_safe_zone_detection.TestSafeZoneDetection" name="test_zone_map_time_multiplier_is_day_during_day_hours" time="1.654" /><testcase classname="backend.tests.test_safe_zone_detection.TestSafeZoneDetection" name="test_zone_map_requires_auth" time="0.141" /><testcase classname="backend.tests.test_safe_zone_detection.TestSafeZoneDetection" name="test_check_zone_returns_200" time="2.069" /><testcase classname="backend.tests.test_safe_zone_detection.TestSafeZoneDetection" name="test_check_zone_has_required_fields" time="2.960" /><testcase classname="backend.tests.test_safe_zone_detection.TestSafeZoneDetection" name="test_check_zone_score_breakdown" time="1.435" /><testcase classname="backend.tests.test_safe_zone_detection.TestSafeZoneDetection" name="test_check_zone_critical_zone_returns_high_or_critical" time="1.419" /><testcase classname="backend.tests.test_safe_zone_detection.TestSafeZoneDetection" name="test_check_zone_safe_area_returns_safe_or_low" time="2.060" /><testcase classname="backend.tests.test_safe_zone_detection.TestSafeZoneDetection" name="test_check_zone_recommendation_for_safe" time="1.436" /><testcase classname="backend.tests.test_safe_zone_detection.TestSafeZoneDetection" name="test_check_zone_recommendation_for_high" time="1.427" /><testcase classname="backend.tests.test_safe_zone_detection.TestSafeZoneDetection" name="test_check_zone_transition_new_entry" time="1.436" /><testcase classname="backend.tests.test_safe_zone_detection.TestSafeZoneDetection" name="test_check_zone_same_zone_no_alert" time="3.515" /><testcase classname="backend.tests.test_safe_zone_detection.TestSafeZoneDetection" name="test_check_zone_escalation_triggers_alert" time="2.843" /><testcase classname="backend.tests.test_safe_zone_detection.TestSafeZoneDetection" name="test_check_zone_caching_works" time="3.531" /><testcase classname="backend.tests.test_safe_zone_detection.TestSafeZoneDetection" name="test_check_zone_requires_auth" time="0.130" /><testcase classname="backend.tests.test_safe_zone_detection.TestSafeZoneDetection" name="test_check_zone_with_timestamp" time="2.936" /><testcase classname="backend.tests.test_safe_zone_detection.TestSafeZoneDetection" name="test_check_zone_night_timestamp" time="2.723" /><testcase classname="backend.tests.test_safe_zone_detection.TestSafeZoneDetection" name="test_check_zone_late_night_timestamp" time="2.089" /><testcase classname="backend.tests.test_safe_zone_detection.TestSafeZoneDetection" name="test_risk_level_classification" time="1.847" /><testcase classname="backend.tests.test_safe_zone_detection.TestSafeZoneDetection" name="test_guardian_can_access_zone_map" time="3.712" /><testcase classname="backend.tests.test_safe_zone_detection.TestSafeZoneDetection" name="test_guardian_can_check_zone" time="1.629" /></testsuite></testsuites>