<?xml version="1.0" encoding="utf-8"?><testsuites name="pytest tests"><testsuite name="pytest" errors="0" failures="0" skipped="0" tests="13" time="70.326" timestamp="2026-03-09T08:36:42.306529+00:00" hostname="agent-env-951d4aa3-36d3-42f0-b7da-d07b94916c3b"><testcase classname="backend.tests.test_p0_ai_insights_push_email.TestAIInsightsAPIs" name="test_user_dashboard_api" time="14.194" /><testcase classname="backend.tests.test_p0_ai_insights_push_email.TestAIInsightsAPIs" name="test_risk_score_api" time="3.400" /><testcase classname="backend.tests.test_p0_ai_insights_push_email.TestAIInsightsAPIs" name="test_threat_assessment_api" time="5.359" /><testcase classname="backend.tests.test_p0_ai_insights_push_email.TestPushNotificationAPIs" name="test_device_registration" time="3.836" /><testcase classname="backend.tests.test_p0_ai_insights_push_email.TestPushNotificationAPIs" name="test_device_unregistration" time="5.294" /><testcase classname="backend.tests.test_p0_ai_insights_push_email.TestPushNotificationAPIs" name="test_notifications_history" time="3.422" /><testcase classname="backend.tests.test_p0_ai_insights_push_email.TestPushNotificationAPIs" name="test_sos_triggers_push_notification" time="3.422" /><testcase classname="backend.tests.test_p0_ai_insights_push_email.TestEmailInviteAPIs" name="test_invite_returns_email_sent_field" time="1.849" /><testcase classname="backend.tests.test_p0_ai_insights_push_email.TestEmailInviteAPIs" name="test_invite_without_email_graceful_degradation" time="2.302" /><testcase classname="backend.tests.test_p0_ai_insights_push_email.TestEmailInviteAPIs" name="test_sendgrid_graceful_degradation" time="2.059" /><testcase classname="backend.tests.test_p0_ai_insights_push_email.TestSOSWithGuardianNotifications" name="test_sos_manual_trigger_returns_guardian_array" time="3.380" /><testcase classname="backend.tests.test_p0_ai_insights_push_email.TestSOSWithGuardianNotifications" name="test_sos_trigger_types_validation" time="16.483" /><testcase classname="backend.tests.test_p0_ai_insights_push_email.TestNotificationServiceIntegration" name="test_notification_stored_after_sos" time="5.253" /></testsuite></testsuites>