<?xml version="1.0" encoding="utf-8"?><testsuites name="pytest tests"><testsuite name="pytest" errors="0" failures="0" skipped="0" tests="27" time="84.991" timestamp="2026-03-07T07:04:46.088641+00:00" hostname="agent-env-14dabdc2-6ee1-4723-a665-11b15ac9b136"><testcase classname="backend.tests.test_safe_route_ai.TestSafeRouteAuthentication" name="test_safe_route_requires_auth" time="0.161" /><testcase classname="backend.tests.test_safe_route_ai.TestSafeRouteAuthentication" name="test_safe_route_with_invalid_token" time="0.108" /><testcase classname="backend.tests.test_safe_route_ai.TestSafeRouteAuthentication" name="test_operator_can_access" time="8.332" /><testcase classname="backend.tests.test_safe_route_ai.TestSafeRouteAuthentication" name="test_guardian_can_access" time="5.533" /><testcase classname="backend.tests.test_safe_route_ai.TestSafeRouteGeneration" name="test_returns_three_routes" time="3.548" /><testcase classname="backend.tests.test_safe_route_ai.TestSafeRouteGeneration" name="test_route_types_fastest_safest_balanced" time="2.623" /><testcase classname="backend.tests.test_safe_route_ai.TestSafeRouteGeneration" name="test_route_has_required_fields" time="2.673" /><testcase classname="backend.tests.test_safe_route_ai.TestSafeRouteGeneration" name="test_route_has_geometry" time="2.720" /><testcase classname="backend.tests.test_safe_route_ai.TestSafeRouteGeneration" name="test_route_has_segments_with_zone_risk" time="2.602" /><testcase classname="backend.tests.test_safe_route_ai.TestSafeRouteGeneration" name="test_route_cost_components" time="3.310" /><testcase classname="backend.tests.test_safe_route_ai.TestNightMultipliers" name="test_day_time_multiplier" time="2.600" /><testcase classname="backend.tests.test_safe_route_ai.TestNightMultipliers" name="test_night_time_multiplier" time="3.302" /><testcase classname="backend.tests.test_safe_route_ai.TestNightMultipliers" name="test_late_night_multiplier" time="2.746" /><testcase classname="backend.tests.test_safe_route_ai.TestNightMultipliers" name="test_night_multiplier_increases_risk_score" time="5.074" /><testcase classname="backend.tests.test_safe_route_ai.TestRouteRanking" name="test_fastest_route_has_lowest_time" time="2.539" /><testcase classname="backend.tests.test_safe_route_ai.TestRouteRanking" name="test_safest_route_prioritizes_safety" time="2.650" /><testcase classname="backend.tests.test_safe_route_ai.TestRouteRanking" name="test_all_routes_have_valid_risk_level" time="2.917" /><testcase classname="backend.tests.test_safe_route_ai.TestWarnings" name="test_warnings_is_list" time="2.638" /><testcase classname="backend.tests.test_safe_route_ai.TestWarnings" name="test_high_risk_route_generates_warnings" time="2.737" /><testcase classname="backend.tests.test_safe_route_ai.TestResponseMetadata" name="test_response_has_origin_destination" time="2.695" /><testcase classname="backend.tests.test_safe_route_ai.TestResponseMetadata" name="test_response_has_time_period" time="2.486" /><testcase classname="backend.tests.test_safe_route_ai.TestResponseMetadata" name="test_response_has_generated_at" time="2.735" /><testcase classname="backend.tests.test_safe_route_ai.TestResponseMetadata" name="test_response_has_hour" time="3.022" /><testcase classname="backend.tests.test_safe_route_ai.TestResponseMetadata" name="test_response_has_total_candidates" time="2.714" /><testcase classname="backend.tests.test_safe_route_ai.TestRouteColors" name="test_fastest_route_color" time="2.840" /><testcase classname="backend.tests.test_safe_route_ai.TestRouteColors" name="test_safest_route_color" time="4.630" /><testcase classname="backend.tests.test_safe_route_ai.TestRouteColors" name="test_balanced_route_color" time="4.967" /></testsuite></testsuites>