<?xml version="1.0" encoding="utf-8"?><testsuites name="pytest tests"><testsuite name="pytest" errors="0" failures="0" skipped="0" tests="15" time="66.929" timestamp="2026-03-06T11:19:55.706392+00:00" hostname="agent-env-4404ceb2-8e92-4771-8d94-33d6522d5a06"><testcase classname="tests.test_risk_learning.TestRiskLearningStats" name="test_stats_endpoint_returns_200" time="8.724" /><testcase classname="tests.test_risk_learning.TestRiskLearningStats" name="test_stats_response_structure" time="2.399" /><testcase classname="tests.test_risk_learning.TestRiskLearningStats" name="test_stats_data_types" time="2.390" /><testcase classname="tests.test_risk_learning.TestRiskLearningStats" name="test_stats_learned_zones_structure" time="2.403" /><testcase classname="tests.test_risk_learning.TestRiskLearningStats" name="test_stats_requires_auth" time="0.117" /><testcase classname="tests.test_risk_learning.TestRiskLearningHotspots" name="test_hotspots_endpoint_returns_200" time="4.076" /><testcase classname="tests.test_risk_learning.TestRiskLearningHotspots" name="test_hotspots_response_structure" time="2.584" /><testcase classname="tests.test_risk_learning.TestRiskLearningHotspots" name="test_hotspots_requires_auth" time="0.129" /><testcase classname="tests.test_risk_learning.TestRiskLearningRecalculate" name="test_recalculate_endpoint_returns_200" time="6.399" /><testcase classname="tests.test_risk_learning.TestRiskLearningRecalculate" name="test_recalculate_response_structure" time="8.756" /><testcase classname="tests.test_risk_learning.TestRiskLearningRecalculate" name="test_recalculate_data_types" time="6.371" /><testcase classname="tests.test_risk_learning.TestRiskLearningRecalculate" name="test_recalculate_top_hotspots" time="5.713" /><testcase classname="tests.test_risk_learning.TestRiskLearningRecalculate" name="test_recalculate_requires_auth" time="0.129" /><testcase classname="tests.test_risk_learning.TestRiskLearningIntegration" name="test_recalculate_then_verify_stats" time="10.393" /><testcase classname="tests.test_risk_learning.TestRiskLearningIntegration" name="test_hotspots_matches_stats_learned_zones" time="6.264" /></testsuite></testsuites>