<?xml version="1.0" encoding="utf-8"?><testsuites name="pytest tests"><testsuite name="pytest" errors="0" failures="0" skipped="0" tests="22" time="65.603" timestamp="2026-03-06T09:13:37.353297+00:00" hostname="agent-env-309b6a6f-8055-48d0-9731-a35f8f799532"><testcase classname="backend.tests.test_notifications.TestNotificationAuthentication" name="test_send_notification_requires_auth" time="0.424" /><testcase classname="backend.tests.test_notifications.TestNotificationAuthentication" name="test_notification_log_requires_auth" time="0.116" /><testcase classname="backend.tests.test_notifications.TestNotificationAuthentication" name="test_acknowledge_requires_auth" time="0.210" /><testcase classname="backend.tests.test_notifications.TestNotificationAuthentication" name="test_preferences_get_requires_auth" time="0.108" /><testcase classname="backend.tests.test_notifications.TestNotificationAuthentication" name="test_preferences_put_requires_auth" time="0.133" /><testcase classname="backend.tests.test_notifications.TestNotificationDispatch" name="test_send_notification_high_severity" time="8.313" /><testcase classname="backend.tests.test_notifications.TestNotificationDispatch" name="test_send_notification_medium_severity_no_sms" time="2.853" /><testcase classname="backend.tests.test_notifications.TestNotificationDispatch" name="test_send_notification_critical_severity" time="4.314" /><testcase classname="backend.tests.test_notifications.TestNotificationDispatch" name="test_send_notification_missing_field" time="3.412" /><testcase classname="backend.tests.test_notifications.TestNotificationThrottling" name="test_throttling_same_event_type" time="5.119" /><testcase classname="backend.tests.test_notifications.TestNotificationThrottling" name="test_critical_bypasses_throttle" time="5.133" /><testcase classname="backend.tests.test_notifications.TestNotificationLog" name="test_get_notification_log_by_device" time="3.304" /><testcase classname="backend.tests.test_notifications.TestNotificationLog" name="test_get_notification_log_generic" time="3.077" /><testcase classname="backend.tests.test_notifications.TestNotificationAcknowledge" name="test_acknowledge_notification" time="3.654" /><testcase classname="backend.tests.test_notifications.TestNotificationAcknowledge" name="test_acknowledge_invalid_id" time="2.614" /><testcase classname="backend.tests.test_notifications.TestNotificationPreferences" name="test_get_preferences" time="3.154" /><testcase classname="backend.tests.test_notifications.TestNotificationPreferences" name="test_update_preferences" time="3.460" /><testcase classname="backend.tests.test_notifications.TestNotificationPreferences" name="test_update_preferences_back_to_defaults" time="2.443" /><testcase classname="backend.tests.test_notifications.TestRouteMonitorAutoTrigger" name="test_route_monitor_includes_notification_summary" time="4.588" /><testcase classname="backend.tests.test_notifications.TestRouteMonitorAutoTrigger" name="test_route_monitors_fleet_includes_notification_summary" time="3.283" /><testcase classname="backend.tests.test_notifications.TestSMSSeverityRouting" name="test_low_severity_no_sms" time="2.773" /><testcase classname="backend.tests.test_notifications.TestSMSSeverityRouting" name="test_high_severity_includes_sms" time="3.030" /></testsuite></testsuites>