<?xml version="1.0" encoding="utf-8"?><testsuites name="pytest tests"><testsuite name="pytest" errors="0" failures="0" skipped="0" tests="14" time="85.678" timestamp="2026-03-06T07:48:59.613744+00:00" hostname="agent-env-fb66071b-6dac-462a-ac69-213a17d1f6d4"><testcase classname="tests.test_environment_risk.TestEnvironmentRiskAuth" name="test_environment_risk_no_auth" time="0.164" /><testcase classname="tests.test_environment_risk.TestEnvironmentRiskAuth" name="test_fleet_environment_no_auth" time="0.117" /><testcase classname="tests.test_environment_risk.TestEnvironmentRiskSingleLocation" name="test_environment_risk_response_structure" time="6.298" /><testcase classname="tests.test_environment_risk.TestEnvironmentRiskSingleLocation" name="test_breakdown_has_5_components" time="1.379" /><testcase classname="tests.test_environment_risk.TestEnvironmentRiskSingleLocation" name="test_weather_details" time="1.339" /><testcase classname="tests.test_environment_risk.TestEnvironmentRiskSingleLocation" name="test_air_quality_details" time="1.334" /><testcase classname="tests.test_environment_risk.TestEnvironmentRiskSingleLocation" name="test_recommendations_and_factors" time="1.350" /><testcase classname="tests.test_environment_risk.TestFleetEnvironment" name="test_fleet_environment_returns_array" time="1.973" /><testcase classname="tests.test_environment_risk.TestFleetEnvironment" name="test_fleet_device_structure" time="1.547" /><testcase classname="tests.test_environment_risk.TestFleetEnvironment" name="test_fleet_sorted_by_risk" time="2.107" /><testcase classname="tests.test_environment_risk.TestDeviceHealthLatLng" name="test_device_health_has_coordinates" time="1.780" /><testcase classname="tests.test_environment_risk.TestCommandCenterEnvironment" name="test_command_center_has_environment_status" time="21.367" /><testcase classname="tests.test_environment_risk.TestCommandCenterEnvironment" name="test_command_center_generated_at" time="22.286" /><testcase classname="tests.test_environment_risk.TestCommandCenterEnvironment" name="test_command_center_counts" time="22.565" /></testsuite></testsuites>