<?xml version="1.0" encoding="utf-8"?><testsuites name="pytest tests"><testsuite name="pytest" errors="0" failures="0" skipped="0" tests="12" time="1.787" timestamp="2026-03-09T15:09:28.238502+00:00" hostname="agent-env-d60798b4-24fa-486c-9207-8bbcd2904a4b"><testcase classname="tests.test_status_telemetry.TestStatusPlatformAPI" name="test_platform_status_returns_200" time="0.231" /><testcase classname="tests.test_status_telemetry.TestStatusPlatformAPI" name="test_platform_status_has_operational_status" time="0.115" /><testcase classname="tests.test_status_telemetry.TestStatusPlatformAPI" name="test_platform_status_has_metrics" time="0.115" /><testcase classname="tests.test_status_telemetry.TestStatusPlatformAPI" name="test_platform_status_has_6_cities" time="0.121" /><testcase classname="tests.test_status_telemetry.TestStatusPlatformAPI" name="test_platform_status_has_8_systems" time="0.136" /><testcase classname="tests.test_status_telemetry.TestStatusEventsAPI" name="test_events_returns_200" time="0.168" /><testcase classname="tests.test_status_telemetry.TestStatusEventsAPI" name="test_events_returns_20_events" time="0.132" /><testcase classname="tests.test_status_telemetry.TestStatusEventsAPI" name="test_events_have_correct_structure" time="0.103" /><testcase classname="tests.test_status_telemetry.TestStatusEventsAPI" name="test_events_have_color_coded_types" time="0.115" /><testcase classname="tests.test_status_telemetry.TestStatusMetricsAPI" name="test_metrics_returns_200" time="0.149" /><testcase classname="tests.test_status_telemetry.TestStatusMetricsAPI" name="test_metrics_has_required_fields" time="0.109" /><testcase classname="tests.test_status_telemetry.TestDataRefresh" name="test_platform_data_changes_between_calls" time="0.221" /></testsuite></testsuites>