<?xml version="1.0" encoding="utf-8"?><testsuites name="pytest tests"><testsuite name="pytest" errors="0" failures="3" skipped="0" tests="14" time="66.590" timestamp="2026-03-07T12:05:59.012426+00:00" hostname="agent-env-18f1852a-158c-4c09-bfec-476102ad3b0e"><testcase classname="backend.tests.test_sse_and_rate_limiting.TestRateLimiting" name="test_sos_includes_rate_limit_headers" time="10.146" /><testcase classname="backend.tests.test_sse_and_rate_limiting.TestActiveEmergencyRetrigger" name="test_retrigger_returns_existing_event" time="9.001" /><testcase classname="backend.tests.test_sse_and_rate_limiting.TestSSEStream" name="test_sse_stream_connects_with_operator_token" time="2.850" /><testcase classname="backend.tests.test_sse_and_rate_limiting.TestSSEStream" name="test_sse_stream_connects_with_guardian_token" time="2.451" /><testcase classname="backend.tests.test_sse_and_rate_limiting.TestSSEStream" name="test_sse_stream_requires_token" time="0.102" /><testcase classname="backend.tests.test_sse_and_rate_limiting.TestSSEStream" name="test_sse_stream_rejects_invalid_token" time="0.105" /><testcase classname="backend.tests.test_sse_and_rate_limiting.TestSSEEmergencyEvents" name="test_operator_receives_emergency_triggered_event" time="8.569" /><testcase classname="backend.tests.test_sse_and_rate_limiting.TestSSEFullLifecycle" name="test_full_sse_lifecycle" time="13.534" /><testcase classname="backend.tests.test_sse_and_rate_limiting.TestSOSResponseStructure" name="test_silent_sos_response_structure" time="5.293" /><testcase classname="backend.tests.test_sse_and_rate_limiting.TestSOSResponseStructure" name="test_location_update_response_structure" time="7.549" /><testcase classname="backend.tests.test_sse_and_rate_limiting.TestSOSResponseStructure" name="test_cancel_response_structure" time="1.660"><failure message="KeyError: 'event_id'">backend/tests/test_sse_and_rate_limiting.py:572: in test_cancel_response_structure
    event_id = sos_resp.json()["event_id"]
               ^^^^^^^^^^^^^^^^^^^^^^^^^^^
E   KeyError: 'event_id'</failure></testcase><testcase classname="backend.tests.test_sse_and_rate_limiting.TestSOSResponseStructure" name="test_resolve_response_structure" time="1.664"><failure message="KeyError: 'event_id'">backend/tests/test_sse_and_rate_limiting.py:596: in test_resolve_response_structure
    event_id = sos_resp.json()["event_id"]
               ^^^^^^^^^^^^^^^^^^^^^^^^^^^
E   KeyError: 'event_id'</failure></testcase><testcase classname="backend.tests.test_sse_and_rate_limiting.TestSOSResponseStructure" name="test_active_response_structure" time="1.866" /><testcase classname="backend.tests.test_sse_and_rate_limiting.TestSOSResponseStructure" name="test_status_response_structure" time="1.670"><failure message="KeyError: 'event_id'">backend/tests/test_sse_and_rate_limiting.py:636: in test_status_response_structure
    event_id = sos_resp.json()["event_id"]
               ^^^^^^^^^^^^^^^^^^^^^^^^^^^
E   KeyError: 'event_id'</failure></testcase></testsuite></testsuites>