<?xml version="1.0" encoding="utf-8"?><testsuites name="pytest tests"><testsuite name="pytest" errors="0" failures="2" skipped="0" tests="18" time="38.682" timestamp="2026-03-08T07:29:49.504620+00:00" hostname="agent-env-ab5b0ec5-3e75-4eee-ad84-bf69c9a5b686"><testcase classname="backend.tests.test_cognito_auth_local_mode.TestCognitoStatus" name="test_cognito_status_returns_disabled" time="0.180" /><testcase classname="backend.tests.test_cognito_auth_local_mode.TestLoginLocalMode" name="test_login_success_returns_correct_response_shape" time="4.808" /><testcase classname="backend.tests.test_cognito_auth_local_mode.TestLoginLocalMode" name="test_login_invalid_credentials_returns_401" time="1.851" /><testcase classname="backend.tests.test_cognito_auth_local_mode.TestLoginLocalMode" name="test_login_nonexistent_user_returns_401" time="1.429" /><testcase classname="backend.tests.test_cognito_auth_local_mode.TestRegisterLocalMode" name="test_register_success_returns_correct_response_shape" time="3.596" /><testcase classname="backend.tests.test_cognito_auth_local_mode.TestRegisterLocalMode" name="test_register_duplicate_email_returns_409" time="1.426" /><testcase classname="backend.tests.test_cognito_auth_local_mode.TestRegisterLocalMode" name="test_register_validates_email_format" time="0.105" /><testcase classname="backend.tests.test_cognito_auth_local_mode.TestRefreshEndpointLocalMode" name="test_refresh_rejected_in_local_mode" time="0.136" /><testcase classname="backend.tests.test_cognito_auth_local_mode.TestConfirmEndpointLocalMode" name="test_confirm_rejected_in_local_mode" time="0.099" /><testcase classname="backend.tests.test_cognito_auth_local_mode.TestProtectedEndpointsWithLocalJWT" name="test_my_seniors_endpoint_with_local_jwt" time="3.480" /><testcase classname="backend.tests.test_cognito_auth_local_mode.TestProtectedEndpointsWithLocalJWT" name="test_guardian_ai_endpoint_with_local_jwt" time="2.238"><failure message="AssertionError: Guardian AI status failed: {&quot;detail&quot;:&quot;Not Found&quot;}&#10;assert 404 == 200&#10; +  where 404 = &lt;Response [404]&gt;.status_code">backend/tests/test_cognito_auth_local_mode.py:219: in test_guardian_ai_endpoint_with_local_jwt
    assert response.status_code == 200, f"Guardian AI status failed: {response.text}"
E   AssertionError: Guardian AI status failed: {"detail":"Not Found"}
E   assert 404 == 200
E    +  where 404 = &lt;Response [404]&gt;.status_code</failure></testcase><testcase classname="backend.tests.test_cognito_auth_local_mode.TestProtectedEndpointsWithLocalJWT" name="test_voice_trigger_commands_with_local_jwt" time="5.686" /><testcase classname="backend.tests.test_cognito_auth_local_mode.TestProtectedEndpointsWithLocalJWT" name="test_fake_call_trigger_with_local_jwt" time="3.500" /><testcase classname="backend.tests.test_cognito_auth_local_mode.TestProtectedEndpointsWithLocalJWT" name="test_sos_trigger_with_local_jwt" time="4.400" /><testcase classname="backend.tests.test_cognito_auth_local_mode.TestProtectedEndpointsWithLocalJWT" name="test_protected_endpoint_without_token_returns_401" time="0.109" /><testcase classname="backend.tests.test_cognito_auth_local_mode.TestProtectedEndpointsWithLocalJWT" name="test_protected_endpoint_with_invalid_token_returns_401" time="0.105" /><testcase classname="backend.tests.test_cognito_auth_local_mode.TestBackwardCompatibility" name="test_existing_user_can_login" time="1.632" /><testcase classname="backend.tests.test_cognito_auth_local_mode.TestBackwardCompatibility" name="test_existing_user_token_works_on_endpoints" time="3.793"><failure message="AssertionError: Endpoint /api/guardian-ai/status failed with existing user token&#10;assert 404 == 200&#10; +  where 404 = &lt;Response [404]&gt;.status_code">backend/tests/test_cognito_auth_local_mode.py:307: in test_existing_user_token_works_on_endpoints
    assert response.status_code == 200, f"Endpoint {endpoint} failed with existing user token"
E   AssertionError: Endpoint /api/guardian-ai/status failed with existing user token
E   assert 404 == 200
E    +  where 404 = &lt;Response [404]&gt;.status_code</failure></testcase></testsuite></testsuites>