<?xml version="1.0" encoding="utf-8"?><testsuites name="pytest tests"><testsuite name="pytest" errors="0" failures="0" skipped="0" tests="23" time="102.468" timestamp="2026-02-28T12:05:37.218858+00:00" hostname="agent-env-7aa20ecf-9720-4d01-b2e7-7e54935e5e43"><testcase classname="backend.tests.test_health_rule_management.TestListHealthRules" name="test_list_rules_returns_all_three_rules" time="7.300" /><testcase classname="backend.tests.test_health_rule_management.TestListHealthRules" name="test_list_rules_canonical_response_format" time="1.690" /><testcase classname="backend.tests.test_health_rule_management.TestListHealthRules" name="test_list_rules_no_internal_id_leaked" time="1.681" /><testcase classname="backend.tests.test_health_rule_management.TestListHealthRules" name="test_list_rules_requires_authentication" time="0.208" /><testcase classname="backend.tests.test_health_rule_management.TestListHealthRules" name="test_list_rules_guardian_forbidden" time="3.161" /><testcase classname="backend.tests.test_health_rule_management.TestUpdateHealthRule" name="test_update_low_battery_valid_payload" time="7.542" /><testcase classname="backend.tests.test_health_rule_management.TestUpdateHealthRule" name="test_update_low_battery_invalid_severity" time="1.504" /><testcase classname="backend.tests.test_health_rule_management.TestUpdateHealthRule" name="test_update_low_battery_unknown_threshold_key" time="1.895" /><testcase classname="backend.tests.test_health_rule_management.TestUpdateHealthRule" name="test_update_low_battery_missing_required_threshold_key" time="1.708" /><testcase classname="backend.tests.test_health_rule_management.TestUpdateHealthRule" name="test_update_nonexistent_rule_returns_404" time="1.503" /><testcase classname="backend.tests.test_health_rule_management.TestUpdateHealthRule" name="test_update_rule_guardian_forbidden" time="1.482" /><testcase classname="backend.tests.test_health_rule_management.TestUpdateHealthRule" name="test_update_signal_degradation_valid_threshold" time="6.604" /><testcase classname="backend.tests.test_health_rule_management.TestUpdateHealthRule" name="test_update_reboot_anomaly_valid_threshold" time="6.428" /><testcase classname="backend.tests.test_health_rule_management.TestToggleHealthRule" name="test_toggle_disable_rule" time="7.278" /><testcase classname="backend.tests.test_health_rule_management.TestToggleHealthRule" name="test_toggle_enable_rule" time="6.375" /><testcase classname="backend.tests.test_health_rule_management.TestToggleHealthRule" name="test_toggle_nonexistent_rule_returns_404" time="2.424" /><testcase classname="backend.tests.test_health_rule_management.TestToggleHealthRule" name="test_toggle_guardian_forbidden" time="1.503" /><testcase classname="backend.tests.test_health_rule_management.TestCacheInvalidation" name="test_cache_invalidation_after_put" time="8.826" /><testcase classname="backend.tests.test_health_rule_management.TestCacheInvalidation" name="test_cache_invalidation_after_toggle" time="8.676" /><testcase classname="backend.tests.test_health_rule_management.TestAdditionalValidations" name="test_partial_update_preserves_other_fields" time="8.479" /><testcase classname="backend.tests.test_health_rule_management.TestAdditionalValidations" name="test_severity_valid_values" time="12.667" /><testcase classname="backend.tests.test_health_rule_management.TestAdditionalValidations" name="test_signal_degradation_threshold_wrong_keys" time="1.723" /><testcase classname="backend.tests.test_health_rule_management.TestAdditionalValidations" name="test_reboot_anomaly_threshold_wrong_keys" time="1.712" /></testsuite></testsuites>