<?xml version="1.0" encoding="utf-8"?><testsuites name="pytest tests"><testsuite name="pytest" errors="0" failures="0" skipped="0" tests="5" time="42.406" timestamp="2026-03-09T07:33:47.371066+00:00" hostname="agent-env-951d4aa3-36d3-42f0-b7da-d07b94916c3b"><testcase classname="tests.test_shake_sos_feature.TestShakeSOSAPI" name="test_sos_shake_trigger_success" time="10.301" /><testcase classname="tests.test_shake_sos_feature.TestShakeSOSAPI" name="test_sos_shake_trigger_with_coordinates" time="4.772" /><testcase classname="tests.test_shake_sos_feature.TestShakeSOSAPI" name="test_sos_trigger_types_validation" time="16.808" /><testcase classname="tests.test_shake_sos_feature.TestShakeSOSAPI" name="test_sos_invalid_trigger_type_rejected" time="4.391" /><testcase classname="tests.test_shake_sos_feature.TestShakeSOSAPI" name="test_sos_shake_returns_guardian_details" time="6.074" /></testsuite></testsuites>