<?xml version="1.0" encoding="utf-8"?><testsuites name="pytest tests"><testsuite name="pytest" errors="0" failures="0" skipped="0" tests="14" time="91.491" timestamp="2026-03-07T13:49:52.422103+00:00" hostname="agent-env-7f2a088c-2270-4c25-9f6c-c1800c98ea52"><testcase classname="tests.test_fall_detection.TestFallDetectionReporting" name="test_report_fall_high_confidence" time="8.278" /><testcase classname="tests.test_fall_detection.TestFallDetectionReporting" name="test_report_fall_low_confidence" time="1.421" /><testcase classname="tests.test_fall_detection.TestFallDetectionReporting" name="test_cooldown_429" time="1.436" /><testcase classname="tests.test_fall_detection.TestFallDetectionReporting" name="test_report_fall_no_auth" time="0.161" /><testcase classname="tests.test_fall_detection.TestFallEventResolution" name="test_resolve_fall_event" time="2.334" /><testcase classname="tests.test_fall_detection.TestFallEventResolution" name="test_resolve_already_resolved" time="1.649" /><testcase classname="tests.test_fall_detection.TestFallEventResolution" name="test_resolve_nonexistent_event" time="2.302" /><testcase classname="tests.test_fall_detection.TestFallAutoSOS" name="test_auto_sos_on_detected_event" time="1.695" /><testcase classname="tests.test_fall_detection.TestFallCancellation" name="test_cancel_fall_by_movement" time="2.291" /><testcase classname="tests.test_fall_detection.TestFallEventsRetrieval" name="test_get_fall_events" time="1.852" /><testcase classname="tests.test_fall_detection.TestFallEventsRetrieval" name="test_get_fall_events_with_limit" time="1.871" /><testcase classname="tests.test_fall_detection.TestConfidenceScoring" name="test_confidence_formula_exact" time="64.043" /><testcase classname="tests.test_fall_detection.TestConfidenceScoring" name="test_marker_level_critical" time="0.000" /><testcase classname="tests.test_fall_detection.TestFallDBPersistence" name="test_event_persisted_with_signals" time="2.077" /></testsuite></testsuites>