<?xml version="1.0" encoding="utf-8"?><testsuites name="pytest tests"><testsuite name="pytest" errors="0" failures="0" skipped="0" tests="17" time="31.591" timestamp="2026-03-10T07:11:16.248098+00:00" hostname="agent-env-bb927f9b-6e3c-4e4d-8fd2-67cfb1df841c"><testcase classname="backend.tests.test_nischint_feature_testing.TestSystemStatusAPI" name="test_platform_status_returns_200" time="2.487" /><testcase classname="backend.tests.test_nischint_feature_testing.TestSystemStatusAPI" name="test_platform_status_has_8_systems" time="0.101" /><testcase classname="backend.tests.test_nischint_feature_testing.TestSystemStatusAPI" name="test_platform_status_module_names" time="0.109" /><testcase classname="backend.tests.test_nischint_feature_testing.TestSystemStatusAPI" name="test_platform_status_module_structure" time="0.106" /><testcase classname="backend.tests.test_nischint_feature_testing.TestSystemStatusAPI" name="test_platform_status_operational" time="0.110" /><testcase classname="backend.tests.test_nischint_feature_testing.TestAuthAPI" name="test_login_success" time="2.885" /><testcase classname="backend.tests.test_nischint_feature_testing.TestAuthAPI" name="test_login_invalid_credentials" time="2.606" /><testcase classname="backend.tests.test_nischint_feature_testing.TestNotificationPreferencesAPI" name="test_get_notifications_unauthenticated" time="0.112" /><testcase classname="backend.tests.test_nischint_feature_testing.TestNotificationPreferencesAPI" name="test_get_notifications_authenticated" time="4.365" /><testcase classname="backend.tests.test_nischint_feature_testing.TestNotificationPreferencesAPI" name="test_put_notifications_update" time="8.522" /><testcase classname="backend.tests.test_nischint_feature_testing.TestMarketingPagesAPI" name="test_telemetry_dashboard_data" time="0.100" /><testcase classname="backend.tests.test_nischint_feature_testing.TestMarketingPagesAPI" name="test_events_feed" time="2.055" /><testcase classname="backend.tests.test_nischint_feature_testing.TestMarketingPagesAPI" name="test_incidents_api" time="1.194" /><testcase classname="backend.tests.test_nischint_feature_testing.TestMarketingPagesAPI" name="test_risk_intelligence_api" time="1.166" /><testcase classname="backend.tests.test_nischint_feature_testing.TestDemoModeAPI" name="test_command_center_data_access" time="2.807" /><testcase classname="backend.tests.test_nischint_feature_testing.TestChatbotAPI" name="test_chatbot_endpoint_exists" time="0.105" /><testcase classname="backend.tests.test_nischint_feature_testing.TestPilotSignupAPI" name="test_pilot_leads_endpoint" time="2.614" /></testsuite></testsuites>