<?xml version="1.0" encoding="utf-8"?><testsuites name="pytest tests"><testsuite name="pytest" errors="0" failures="0" skipped="0" tests="10" time="134.566" timestamp="2026-02-28T14:19:38.433545+00:00" hostname="agent-env-7aa20ecf-9720-4d01-b2e7-7e54935e5e43"><testcase classname="tests.test_rule_revert.TestRuleRevertEndpoint" name="test_revert_no_auth_returns_401" time="43.929" /><testcase classname="tests.test_rule_revert.TestRuleRevertEndpoint" name="test_revert_guardian_token_returns_403" time="6.706" /><testcase classname="tests.test_rule_revert.TestRuleRevertEndpoint" name="test_revert_unknown_rule_returns_404" time="3.533" /><testcase classname="tests.test_rule_revert.TestRuleRevertEndpoint" name="test_revert_invalid_timestamp_returns_422" time="1.431" /><testcase classname="tests.test_rule_revert.TestRuleRevertEndpoint" name="test_revert_nonexistent_audit_entry_returns_404" time="2.289" /><testcase classname="tests.test_rule_revert.TestRuleRevertEndpoint" name="test_no_internal_ids_in_response" time="13.835" /><testcase classname="tests.test_rule_revert.TestRuleRevertEndpoint" name="test_full_round_trip_update_then_revert" time="21.195" /><testcase classname="tests.test_rule_revert.TestRuleRevertEndpoint" name="test_cache_invalidation_after_revert" time="15.313" /><testcase classname="tests.test_rule_revert.TestRuleRevertEndpoint" name="test_revert_audit_entry_structure" time="19.383" /><testcase classname="tests.test_rule_revert.TestCleanup" name="test_restore_low_battery_original_config" time="6.884" /></testsuite></testsuites>