<?xml version="1.0" encoding="utf-8"?><testsuites name="pytest tests"><testsuite name="pytest" errors="0" failures="0" skipped="0" tests="14" time="54.820" timestamp="2026-02-28T13:04:35.602577+00:00" hostname="agent-env-7aa20ecf-9720-4d01-b2e7-7e54935e5e43"><testcase classname="backend.tests.test_rule_simulation.TestRuleSimulationAuth" name="test_simulate_without_auth_returns_401" time="0.191" /><testcase classname="backend.tests.test_rule_simulation.TestRuleSimulationAuth" name="test_simulate_with_guardian_token_returns_403" time="6.647" /><testcase classname="backend.tests.test_rule_simulation.TestRuleSimulationValidation" name="test_simulate_unknown_rule_returns_404" time="3.080" /><testcase classname="backend.tests.test_rule_simulation.TestRuleSimulationValidation" name="test_simulate_invalid_threshold_keys_returns_422" time="3.073" /><testcase classname="backend.tests.test_rule_simulation.TestRuleSimulationValidation" name="test_simulate_missing_threshold_keys_returns_422" time="3.081" /><testcase classname="backend.tests.test_rule_simulation.TestRuleSimulationValidation" name="test_simulate_invalid_severity_returns_422" time="3.548" /><testcase classname="backend.tests.test_rule_simulation.TestRuleSimulationResponseShape" name="test_low_battery_simulate_response_shape" time="3.518" /><testcase classname="backend.tests.test_rule_simulation.TestRuleSimulationResponseShape" name="test_signal_degradation_simulate_response_shape" time="3.529" /><testcase classname="backend.tests.test_rule_simulation.TestRuleSimulationResponseShape" name="test_reboot_anomaly_simulate_response_shape" time="3.710" /><testcase classname="backend.tests.test_rule_simulation.TestRuleSimulationResponseShape" name="test_simulate_disabled_rule_returns_zero_matches" time="3.108" /><testcase classname="backend.tests.test_rule_simulation.TestRuleSimulationResponseShape" name="test_matched_devices_contain_correct_fields" time="3.504" /><testcase classname="backend.tests.test_rule_simulation.TestRuleSimulationResponseShape" name="test_would_escalate_true_when_matches_exist" time="3.299" /><testcase classname="backend.tests.test_rule_simulation.TestRuleSimulationReadOnly" name="test_simulate_does_not_create_audit_log" time="7.242" /><testcase classname="backend.tests.test_rule_simulation.TestRuleSimulationReadOnly" name="test_simulate_does_not_create_incidents" time="7.209" /></testsuite></testsuites>