<?xml version="1.0" encoding="utf-8"?><testsuites name="pytest tests"><testsuite name="pytest" errors="0" failures="0" skipped="0" tests="21" time="64.565" timestamp="2026-03-07T14:31:34.381395+00:00" hostname="agent-env-7f2a088c-2270-4c25-9f6c-c1800c98ea52"><testcase classname="backend.tests.test_pickup_verification.TestPickupAuthorize" name="test_create_authorization_success" time="7.216" /><testcase classname="backend.tests.test_pickup_verification.TestPickupAuthorize" name="test_create_authorization_qr_method" time="1.663" /><testcase classname="backend.tests.test_pickup_verification.TestPickupAuthorize" name="test_create_authorization_invalid_method" time="1.444" /><testcase classname="backend.tests.test_pickup_verification.TestPickupAuthorize" name="test_create_authorization_no_auth" time="0.104" /><testcase classname="backend.tests.test_pickup_verification.TestPickupVerify" name="test_verify_success_within_radius" time="4.149" /><testcase classname="backend.tests.test_pickup_verification.TestPickupVerify" name="test_verify_invalid_code" time="3.975" /><testcase classname="backend.tests.test_pickup_verification.TestPickupVerify" name="test_verify_proximity_failed" time="3.945" /><testcase classname="backend.tests.test_pickup_verification.TestPickupVerify" name="test_verify_already_verified" time="5.185" /><testcase classname="backend.tests.test_pickup_verification.TestPickupVerify" name="test_verify_not_found" time="2.350" /><testcase classname="backend.tests.test_pickup_verification.TestPickupCancel" name="test_cancel_pending_authorization" time="4.004" /><testcase classname="backend.tests.test_pickup_verification.TestPickupCancel" name="test_cancel_nonexistent" time="2.104" /><testcase classname="backend.tests.test_pickup_verification.TestPickupCancel" name="test_cancel_requires_auth" time="0.098" /><testcase classname="backend.tests.test_pickup_verification.TestPickupListAuthorizations" name="test_list_authorizations" time="2.093" /><testcase classname="backend.tests.test_pickup_verification.TestPickupListAuthorizations" name="test_list_by_status" time="2.535" /><testcase classname="backend.tests.test_pickup_verification.TestPickupListAuthorizations" name="test_list_requires_auth" time="0.101" /><testcase classname="backend.tests.test_pickup_verification.TestPickupEvents" name="test_list_events" time="2.723" /><testcase classname="backend.tests.test_pickup_verification.TestPickupEvents" name="test_list_events_with_limit" time="2.317" /><testcase classname="backend.tests.test_pickup_verification.TestPickupEvents" name="test_list_events_requires_auth" time="0.113" /><testcase classname="backend.tests.test_pickup_verification.TestCodeGeneration" name="test_code_is_6_digits" time="5.785" /><testcase classname="backend.tests.test_pickup_verification.TestExpiryVerification" name="test_expiry_time_calculation" time="1.641" /><testcase classname="backend.tests.test_pickup_verification.TestRateLimiting" name="test_rate_limit_after_5_attempts" time="10.928" /></testsuite></testsuites>