<?xml version="1.0" encoding="utf-8"?><testsuites name="pytest tests"><testsuite name="pytest" errors="0" failures="0" skipped="0" tests="14" time="39.174" timestamp="2026-03-08T17:33:27.534977+00:00" hostname="agent-env-d8ec12be-8831-4506-9761-218325dbb1bb"><testcase classname="backend.tests.test_command_center_feature.TestAuthentication" name="test_login_returns_admin_role" time="6.496" /><testcase classname="backend.tests.test_command_center_feature.TestCommandCenterEndpoint" name="test_command_center_requires_auth" time="0.148" /><testcase classname="backend.tests.test_command_center_feature.TestCommandCenterEndpoint" name="test_command_center_returns_data" time="13.739" /><testcase classname="backend.tests.test_command_center_feature.TestCommandCenterEndpoint" name="test_command_center_incident_structure" time="5.591" /><testcase classname="backend.tests.test_command_center_feature.TestMonitoringMetrics" name="test_monitoring_metrics_requires_auth" time="0.127" /><testcase classname="backend.tests.test_command_center_feature.TestMonitoringMetrics" name="test_monitoring_metrics_returns_data" time="2.309" /><testcase classname="backend.tests.test_command_center_feature.TestMonitoringMetrics" name="test_monitoring_metrics_platform_health" time="2.088" /><testcase classname="backend.tests.test_command_center_feature.TestMonitoringMetrics" name="test_monitoring_metrics_database_stats" time="1.709" /><testcase classname="backend.tests.test_command_center_feature.TestMonitoringMetrics" name="test_monitoring_metrics_redis_status" time="2.315" /><testcase classname="backend.tests.test_command_center_feature.TestQueueHealth" name="test_queue_health_requires_auth" time="0.131" /><testcase classname="backend.tests.test_command_center_feature.TestQueueHealth" name="test_queue_health_returns_data" time="1.423" /><testcase classname="backend.tests.test_command_center_feature.TestSSEStream" name="test_sse_stream_endpoint_requires_auth" time="0.160" /><testcase classname="backend.tests.test_command_center_feature.TestSSEStream" name="test_sse_stream_endpoint_exists_with_token_param" time="1.416" /><testcase classname="backend.tests.test_command_center_feature.TestNightGuardianSessions" name="test_night_guardian_sessions_endpoint" time="1.450" /></testsuite></testsuites>