<?xml version="1.0" encoding="utf-8"?><testsuites name="pytest tests"><testsuite name="pytest" errors="0" failures="0" skipped="0" tests="13" time="42.931" timestamp="2026-03-04T10:50:27.474189+00:00" hostname="agent-env-c4dae819-4d69-4881-9dab-ccd5dbc9d6e7"><testcase classname="backend.tests.test_simulation_history.TestSimulationHistoryList" name="test_list_returns_paginated_response" time="7.583" /><testcase classname="backend.tests.test_simulation_history.TestSimulationHistoryList" name="test_list_items_contain_required_fields" time="1.874" /><testcase classname="backend.tests.test_simulation_history.TestSimulationHistoryList" name="test_filter_by_run_type_single" time="2.291" /><testcase classname="backend.tests.test_simulation_history.TestSimulationHistoryList" name="test_filter_by_run_type_fleet" time="1.887" /><testcase classname="backend.tests.test_simulation_history.TestSimulationHistoryList" name="test_sorted_by_created_at_desc" time="1.870" /><testcase classname="backend.tests.test_simulation_history.TestSimulationHistoryDetail" name="test_detail_returns_full_data" time="4.601" /><testcase classname="backend.tests.test_simulation_history.TestSimulationHistoryDetail" name="test_detail_404_for_nonexistent_run" time="1.880" /><testcase classname="backend.tests.test_simulation_history.TestSimulationHistoryImmutability" name="test_no_put_endpoint" time="0.103" /><testcase classname="backend.tests.test_simulation_history.TestSimulationHistoryImmutability" name="test_no_delete_endpoint" time="0.105" /><testcase classname="backend.tests.test_simulation_history.TestSimulationHistoryImmutability" name="test_no_patch_endpoint" time="0.149" /><testcase classname="backend.tests.test_simulation_history.TestSimulationPersistence" name="test_single_simulation_persisted_with_history" time="8.548" /><testcase classname="backend.tests.test_simulation_history.TestSimulationPersistence" name="test_fleet_simulation_persisted_with_history" time="8.715" /><testcase classname="backend.tests.test_simulation_history.TestSimulationHistoryRBAC" name="test_guardian_cannot_access_simulations" time="3.260" /></testsuite></testsuites>