<?xml version="1.0" encoding="utf-8"?><testsuites name="pytest tests"><testsuite name="pytest" errors="0" failures="0" skipped="0" tests="22" time="23.789" timestamp="2026-03-05T11:33:51.861973+00:00" hostname="agent-env-8e095985-c822-457d-9cc5-e8e015f8ac75"><testcase classname="backend.tests.test_twin_aware_risk_engine.TestApplyTwinContext" name="test_boost_when_expected_active_but_low_interaction" time="0.406" /><testcase classname="backend.tests.test_twin_aware_risk_engine.TestApplyTwinContext" name="test_boost_when_expected_active_but_low_movement" time="0.000" /><testcase classname="backend.tests.test_twin_aware_risk_engine.TestApplyTwinContext" name="test_suppress_minor_deviation_during_rest" time="0.000" /><testcase classname="backend.tests.test_twin_aware_risk_engine.TestApplyTwinContext" name="test_boost_significant_activity_during_sleep" time="0.000" /><testcase classname="backend.tests.test_twin_aware_risk_engine.TestApplyTwinContext" name="test_returns_expected_active_field" time="0.000" /><testcase classname="backend.tests.test_twin_aware_risk_engine.TestApplyTwinContext" name="test_no_boost_when_hour_not_in_rhythm" time="0.000" /><testcase classname="backend.tests.test_twin_aware_risk_engine.TestTwinAwareInactivity" name="test_low_score_during_expected_rest" time="0.000" /><testcase classname="backend.tests.test_twin_aware_risk_engine.TestTwinAwareInactivity" name="test_high_score_when_active_expected_but_inactive" time="0.000" /><testcase classname="backend.tests.test_twin_aware_risk_engine.TestTwinAwareInactivity" name="test_moderate_score_within_personal_limit" time="0.000" /><testcase classname="backend.tests.test_twin_aware_risk_engine.TestTwinAwareInactivity" name="test_very_long_inactivity_during_sleep_raises_concern" time="0.000" /><testcase classname="backend.tests.test_twin_aware_risk_engine.TestTwinAwareInactivity" name="test_generic_fallback_when_hour_not_in_rhythm" time="0.000" /><testcase classname="backend.tests.test_twin_aware_risk_engine.TestBuildReason" name="test_twin_prefix_when_boost_reason_present" time="0.000" /><testcase classname="backend.tests.test_twin_aware_risk_engine.TestBuildReason" name="test_no_twin_prefix_when_no_boost_reason" time="0.000" /><testcase classname="backend.tests.test_twin_aware_risk_engine.TestBuildReason" name="test_reason_for_twin_active_expected" time="0.000" /><testcase classname="backend.tests.test_twin_aware_risk_engine.TestBehaviorPatternAPITwinContext" name="test_behavior_pattern_returns_200" time="8.049" /><testcase classname="backend.tests.test_twin_aware_risk_engine.TestBehaviorPatternAPITwinContext" name="test_response_has_twin_context_field" time="3.026" /><testcase classname="backend.tests.test_twin_aware_risk_engine.TestBehaviorPatternAPITwinContext" name="test_response_has_twin_anomaly_count" time="3.037" /><testcase classname="backend.tests.test_twin_aware_risk_engine.TestBehaviorPatternAPITwinContext" name="test_current_risk_has_twin_aware_boolean" time="2.758" /><testcase classname="backend.tests.test_twin_aware_risk_engine.TestBehaviorPatternAPITwinContext" name="test_twin_context_structure_when_present" time="2.932" /><testcase classname="backend.tests.test_twin_aware_risk_engine.TestFleetTwinsRegressionCheck" name="test_fleet_twins_returns_200" time="3.517" /><testcase classname="backend.tests.test_twin_aware_risk_engine.TestGenericFallbackScoring" name="test_generic_scoring_without_twin" time="0.000" /><testcase classname="backend.tests.test_twin_aware_risk_engine.TestGenericFallbackScoring" name="test_generic_inactivity_scoring" time="0.000" /></testsuite></testsuites>