<?xml version="1.0" encoding="utf-8"?><testsuites name="pytest tests"><testsuite name="pytest" errors="0" failures="0" skipped="0" tests="20" time="46.262" timestamp="2026-03-05T11:14:55.399019+00:00" hostname="agent-env-8e095985-c822-457d-9cc5-e8e015f8ac75"><testcase classname="backend.tests.test_digital_twin.TestDigitalTwinEndpointAuthentication" name="test_get_twin_requires_authentication" time="7.451" /><testcase classname="backend.tests.test_digital_twin.TestDigitalTwinEndpointAuthentication" name="test_rebuild_twin_requires_authentication" time="0.106" /><testcase classname="backend.tests.test_digital_twin.TestDigitalTwinEndpointAuthentication" name="test_fleet_twins_requires_authentication" time="0.104" /><testcase classname="backend.tests.test_digital_twin.TestGetDeviceDigitalTwin" name="test_get_twin_returns_200" time="2.726" /><testcase classname="backend.tests.test_digital_twin.TestGetDeviceDigitalTwin" name="test_get_twin_has_device_info" time="2.072" /><testcase classname="backend.tests.test_digital_twin.TestGetDeviceDigitalTwin" name="test_get_twin_has_twin_exists_field" time="3.802" /><testcase classname="backend.tests.test_digital_twin.TestGetDeviceDigitalTwin" name="test_twin_without_data_shows_false" time="2.075" /><testcase classname="backend.tests.test_digital_twin.TestGetDeviceDigitalTwin" name="test_twin_with_data_has_profile_fields" time="2.403" /><testcase classname="backend.tests.test_digital_twin.TestGetDeviceDigitalTwin" name="test_twin_daily_rhythm_structure" time="2.092" /><testcase classname="backend.tests.test_digital_twin.TestGetDeviceDigitalTwin" name="test_twin_activity_windows_structure" time="2.093" /><testcase classname="backend.tests.test_digital_twin.TestGetDeviceDigitalTwin" name="test_twin_profile_summary_has_personality_tag" time="2.089" /><testcase classname="backend.tests.test_digital_twin.TestGetDeviceDigitalTwin" name="test_twin_has_current_state" time="2.125" /><testcase classname="backend.tests.test_digital_twin.TestGetDeviceDigitalTwin" name="test_404_for_nonexistent_device" time="1.628" /><testcase classname="backend.tests.test_digital_twin.TestRebuildDigitalTwin" name="test_rebuild_returns_200_or_422" time="3.652" /><testcase classname="backend.tests.test_digital_twin.TestRebuildDigitalTwin" name="test_rebuild_success_response_structure" time="2.982" /><testcase classname="backend.tests.test_digital_twin.TestRebuildDigitalTwin" name="test_rebuild_404_for_nonexistent_device" time="1.645" /><testcase classname="backend.tests.test_digital_twin.TestFleetDigitalTwins" name="test_fleet_twins_returns_200" time="1.889" /><testcase classname="backend.tests.test_digital_twin.TestFleetDigitalTwins" name="test_fleet_twins_response_structure" time="1.999" /><testcase classname="backend.tests.test_digital_twin.TestFleetDigitalTwins" name="test_fleet_twin_item_structure" time="1.669" /><testcase classname="backend.tests.test_digital_twin.TestTwinBuilderScheduler" name="test_twin_builder_scheduler_info" time="1.578" /></testsuite></testsuites>