<?xml version="1.0" encoding="utf-8"?><testsuites name="pytest tests"><testsuite name="pytest" errors="0" failures="0" skipped="0" tests="14" time="77.170" timestamp="2026-03-05T10:15:05.336193+00:00" hostname="agent-env-8e095985-c822-457d-9cc5-e8e015f8ac75"><testcase classname="backend.tests.test_behavior_risk_phase2.TestBehaviorWeightInHealthRules" name="test_get_health_rules_returns_weight_behavior" time="7.252" /><testcase classname="backend.tests.test_behavior_risk_phase2.TestBehaviorWeightInHealthRules" name="test_combined_anomaly_has_all_required_weight_fields" time="3.330" /><testcase classname="backend.tests.test_behavior_risk_phase2.TestUpdateHealthRuleWithBehaviorWeight" name="test_update_weight_behavior_value" time="11.292" /><testcase classname="backend.tests.test_behavior_risk_phase2.TestUpdateHealthRuleWithBehaviorWeight" name="test_update_rejects_invalid_weight_behavior" time="6.683" /><testcase classname="backend.tests.test_behavior_risk_phase2.TestMultiMetricComparisonWithBehavior" name="test_compare_accepts_weight_behavior" time="4.674" /><testcase classname="backend.tests.test_behavior_risk_phase2.TestMultiMetricComparisonWithBehavior" name="test_compare_with_different_behavior_weights" time="5.099" /><testcase classname="backend.tests.test_behavior_risk_phase2.TestMultiMetricComparisonWithBehavior" name="test_compare_with_three_metric_weights_sum_to_one" time="4.059" /><testcase classname="backend.tests.test_behavior_risk_phase2.TestMultiMetricComparisonWithBehavior" name="test_compare_with_zero_behavior_weight" time="4.041" /><testcase classname="backend.tests.test_behavior_risk_phase2.TestCombinedAnomalyBehaviorIntegration" name="test_combined_anomalies_include_behavior_score" time="4.415" /><testcase classname="backend.tests.test_behavior_risk_phase2.TestCombinedAnomalyBehaviorIntegration" name="test_correlation_bonus_with_behavior" time="4.459" /><testcase classname="backend.tests.test_behavior_risk_phase2.TestRuleSchemaIncludesBehaviorWeight" name="test_combined_anomaly_schema_validates_behavior_weight" time="10.922" /><testcase classname="backend.tests.test_behavior_risk_phase2.TestRuleSchemaIncludesBehaviorWeight" name="test_missing_weight_behavior_rejected" time="3.309" /><testcase classname="backend.tests.test_behavior_risk_phase2.TestPresetConfigsIncludeBehaviorWeight" name="test_production_config_has_behavior_weight" time="3.570" /><testcase classname="backend.tests.test_behavior_risk_phase2.TestBehaviorScoreNormalization" name="test_behavior_score_normalized_in_combined_reason" time="3.986" /></testsuite></testsuites>